        -:    0:Source:/usr/include/c++/12/type_traits
        -:    0:Graph:/users/info/etu-2a/garnmael/R3.04/TPs/TP06/cmake-build-debug-coverage/_deps/googletest-build/googletest/CMakeFiles/gtest.dir/src/gtest-all.cc.gcno
        -:    0:Data:/users/info/etu-2a/garnmael/R3.04/TPs/TP06/cmake-build-debug-coverage/_deps/googletest-build/googletest/CMakeFiles/gtest.dir/src/gtest-all.cc.gcda
        -:    0:Runs:1
        -:    1:// C++11 <type_traits> -*- C++ -*-
        -:    2:
        -:    3:// Copyright (C) 2007-2022 Free Software Foundation, Inc.
        -:    4://
        -:    5:// This file is part of the GNU ISO C++ Library.  This library is free
        -:    6:// software; you can redistribute it and/or modify it under the
        -:    7:// terms of the GNU General Public License as published by the
        -:    8:// Free Software Foundation; either version 3, or (at your option)
        -:    9:// any later version.
        -:   10:
        -:   11:// This library is distributed in the hope that it will be useful,
        -:   12:// but WITHOUT ANY WARRANTY; without even the implied warranty of
        -:   13:// MERCHANTABILITY or FITNESS FOR A PARTICULAR PURPOSE.  See the
        -:   14:// GNU General Public License for more details.
        -:   15:
        -:   16:// Under Section 7 of GPL version 3, you are granted additional
        -:   17:// permissions described in the GCC Runtime Library Exception, version
        -:   18:// 3.1, as published by the Free Software Foundation.
        -:   19:
        -:   20:// You should have received a copy of the GNU General Public License and
        -:   21:// a copy of the GCC Runtime Library Exception along with this program;
        -:   22:// see the files COPYING3 and COPYING.RUNTIME respectively.  If not, see
        -:   23:// <http://www.gnu.org/licenses/>.
        -:   24:
        -:   25:/** @file include/type_traits
        -:   26: *  This is a Standard C++ Library header.
        -:   27: */
        -:   28:
        -:   29:#ifndef _GLIBCXX_TYPE_TRAITS
        -:   30:#define _GLIBCXX_TYPE_TRAITS 1
        -:   31:
        -:   32:#pragma GCC system_header
        -:   33:
        -:   34:#if __cplusplus < 201103L
        -:   35:# include <bits/c++0x_warning.h>
        -:   36:#else
        -:   37:
        -:   38:#include <bits/c++config.h>
        -:   39:
        -:   40:namespace std _GLIBCXX_VISIBILITY(default)
        -:   41:{
        -:   42:_GLIBCXX_BEGIN_NAMESPACE_VERSION
        -:   43:
        -:   44:  template<typename _Tp>
        -:   45:    class reference_wrapper;
        -:   46:
        -:   47:  /**
        -:   48:   * @defgroup metaprogramming Metaprogramming
        -:   49:   * @ingroup utilities
        -:   50:   *
        -:   51:   * Template utilities for compile-time introspection and modification,
        -:   52:   * including type classification traits, type property inspection traits
        -:   53:   * and type transformation traits.
        -:   54:   *
        -:   55:   * @since C++11
        -:   56:   *
        -:   57:   * @{
        -:   58:   */
        -:   59:
        -:   60:  /// integral_constant
        -:   61:  template<typename _Tp, _Tp __v>
        -:   62:    struct integral_constant
        -:   63:    {
        -:   64:      static constexpr _Tp                  value = __v;
        -:   65:      typedef _Tp                           value_type;
        -:   66:      typedef integral_constant<_Tp, __v>   type;
function _ZNKSt17integral_constantIbLb1EEcvbEv called 0 returned 0% blocks executed 0%
    #####:   67:      constexpr operator value_type() const noexcept { return value; }
    %%%%%:   67-block  0
        -:   68:#if __cplusplus > 201103L
        -:   69:
        -:   70:#define __cpp_lib_integral_constant_callable 201304L
        -:   71:
        -:   72:      constexpr value_type operator()() const noexcept { return value; }
        -:   73:#endif
        -:   74:    };
        -:   75:
        -:   76:#if ! __cpp_inline_variables
        -:   77:  template<typename _Tp, _Tp __v>
        -:   78:    constexpr _Tp integral_constant<_Tp, __v>::value;
        -:   79:#endif
        -:   80:
        -:   81:  /// The type used as a compile-time boolean with true value.
        -:   82:  using true_type =  integral_constant<bool, true>;
        -:   83:
        -:   84:  /// The type used as a compile-time boolean with false value.
        -:   85:  using false_type = integral_constant<bool, false>;
        -:   86:
        -:   87:  /// @cond undocumented
        -:   88:  /// bool_constant for C++11
        -:   89:  template<bool __v>
        -:   90:    using __bool_constant = integral_constant<bool, __v>;
        -:   91:  /// @endcond
        -:   92:
        -:   93:#if __cplusplus >= 201703L
        -:   94:# define __cpp_lib_bool_constant 201505L
        -:   95:  /// Alias template for compile-time boolean constant types.
        -:   96:  /// @since C++17
        -:   97:  template<bool __v>
        -:   98:    using bool_constant = integral_constant<bool, __v>;
        -:   99:#endif
        -:  100:
        -:  101:  // Metaprogramming helper types.
        -:  102:
        -:  103:  template<bool>
        -:  104:    struct __conditional
        -:  105:    {
        -:  106:      template<typename _Tp, typename>
        -:  107:	using type = _Tp;
        -:  108:    };
        -:  109:
        -:  110:  template<>
        -:  111:    struct __conditional<false>
        -:  112:    {
        -:  113:      template<typename, typename _Up>
        -:  114:	using type = _Up;
        -:  115:    };
        -:  116:
        -:  117:  // More efficient version of std::conditional_t for internal use (and C++11)
        -:  118:  template<bool _Cond, typename _If, typename _Else>
        -:  119:    using __conditional_t
        -:  120:      = typename __conditional<_Cond>::template type<_If, _Else>;
        -:  121:
        -:  122:  /// @cond undocumented
        -:  123:  template <typename _Type>
        -:  124:    struct __type_identity
        -:  125:    { using type = _Type; };
        -:  126:
        -:  127:  template<typename _Tp>
        -:  128:    using __type_identity_t = typename __type_identity<_Tp>::type;
        -:  129:
        -:  130:  template<typename...>
        -:  131:    struct __or_;
        -:  132:
        -:  133:  template<>
        -:  134:    struct __or_<>
        -:  135:    : public false_type
        -:  136:    { };
        -:  137:
        -:  138:  template<typename _B1>
        -:  139:    struct __or_<_B1>
        -:  140:    : public _B1
        -:  141:    { };
        -:  142:
        -:  143:  template<typename _B1, typename _B2>
        -:  144:    struct __or_<_B1, _B2>
        -:  145:    : public __conditional_t<_B1::value, _B1, _B2>
        -:  146:    { };
        -:  147:
        -:  148:  template<typename _B1, typename _B2, typename _B3, typename... _Bn>
        -:  149:    struct __or_<_B1, _B2, _B3, _Bn...>
        -:  150:    : public __conditional_t<_B1::value, _B1, __or_<_B2, _B3, _Bn...>>
        -:  151:    { };
        -:  152:
        -:  153:  template<typename...>
        -:  154:    struct __and_;
        -:  155:
        -:  156:  template<>
        -:  157:    struct __and_<>
        -:  158:    : public true_type
        -:  159:    { };
        -:  160:
        -:  161:  template<typename _B1>
        -:  162:    struct __and_<_B1>
        -:  163:    : public _B1
        -:  164:    { };
        -:  165:
        -:  166:  template<typename _B1, typename _B2>
        -:  167:    struct __and_<_B1, _B2>
        -:  168:    : public __conditional_t<_B1::value, _B2, _B1>
        -:  169:    { };
        -:  170:
        -:  171:  template<typename _B1, typename _B2, typename _B3, typename... _Bn>
        -:  172:    struct __and_<_B1, _B2, _B3, _Bn...>
        -:  173:    : public __conditional_t<_B1::value, __and_<_B2, _B3, _Bn...>, _B1>
        -:  174:    { };
        -:  175:
        -:  176:  template<typename _Pp>
        -:  177:    struct __not_
        -:  178:    : public __bool_constant<!bool(_Pp::value)>
        -:  179:    { };
        -:  180:  /// @endcond
        -:  181:
        -:  182:#if __cplusplus >= 201703L
        -:  183:
        -:  184:  /// @cond undocumented
        -:  185:  template<typename... _Bn>
        -:  186:    inline constexpr bool __or_v = __or_<_Bn...>::value;
        -:  187:  template<typename... _Bn>
        -:  188:    inline constexpr bool __and_v = __and_<_Bn...>::value;
        -:  189:  /// @endcond
        -:  190:
        -:  191:#define __cpp_lib_logical_traits 201510L
        -:  192:
        -:  193:  template<typename... _Bn>
        -:  194:    struct conjunction
        -:  195:    : __and_<_Bn...>
        -:  196:    { };
        -:  197:
        -:  198:  template<typename... _Bn>
        -:  199:    struct disjunction
        -:  200:    : __or_<_Bn...>
        -:  201:    { };
        -:  202:
        -:  203:  template<typename _Pp>
        -:  204:    struct negation
        -:  205:    : __not_<_Pp>
        -:  206:    { };
        -:  207:
        -:  208:  /** @ingroup variable_templates
        -:  209:   * @{
        -:  210:   */
        -:  211:  template<typename... _Bn>
        -:  212:    inline constexpr bool conjunction_v = conjunction<_Bn...>::value;
        -:  213:
        -:  214:  template<typename... _Bn>
        -:  215:    inline constexpr bool disjunction_v = disjunction<_Bn...>::value;
        -:  216:
        -:  217:  template<typename _Pp>
        -:  218:    inline constexpr bool negation_v = negation<_Pp>::value;
        -:  219:  /// @}
        -:  220:
        -:  221:#endif // C++17
        -:  222:
        -:  223:  // Forward declarations
        -:  224:  template<typename>
        -:  225:    struct is_reference;
        -:  226:  template<typename>
        -:  227:    struct is_function;
        -:  228:  template<typename>
        -:  229:    struct is_void;
        -:  230:  template<typename>
        -:  231:    struct remove_cv;
        -:  232:  template<typename>
        -:  233:    struct is_const;
        -:  234:
        -:  235:  /// @cond undocumented
        -:  236:  template<typename>
        -:  237:    struct __is_array_unknown_bounds;
        -:  238:
        -:  239:  // Helper functions that return false_type for incomplete classes,
        -:  240:  // incomplete unions and arrays of known bound from those.
        -:  241:
        -:  242:  template <typename _Tp, size_t = sizeof(_Tp)>
        -:  243:    constexpr true_type __is_complete_or_unbounded(__type_identity<_Tp>)
        -:  244:    { return {}; }
        -:  245:
        -:  246:  template <typename _TypeIdentity,
        -:  247:      typename _NestedType = typename _TypeIdentity::type>
        -:  248:    constexpr typename __or_<
        -:  249:      is_reference<_NestedType>,
        -:  250:      is_function<_NestedType>,
        -:  251:      is_void<_NestedType>,
        -:  252:      __is_array_unknown_bounds<_NestedType>
        -:  253:    >::type __is_complete_or_unbounded(_TypeIdentity)
        -:  254:    { return {}; }
        -:  255:
        -:  256:  // For several sfinae-friendly trait implementations we transport both the
        -:  257:  // result information (as the member type) and the failure information (no
        -:  258:  // member type). This is very similar to std::enable_if, but we cannot use
        -:  259:  // them, because we need to derive from them as an implementation detail.
        -:  260:
        -:  261:  template<typename _Tp>
        -:  262:    struct __success_type
        -:  263:    { typedef _Tp type; };
        -:  264:
        -:  265:  struct __failure_type
        -:  266:  { };
        -:  267:
        -:  268:  // __remove_cv_t (std::remove_cv_t for C++11).
        -:  269:  template<typename _Tp>
        -:  270:    using __remove_cv_t = typename remove_cv<_Tp>::type;
        -:  271:
        -:  272:  // Primary type categories.
        -:  273:
        -:  274:  template<typename>
        -:  275:    struct __is_void_helper
        -:  276:    : public false_type { };
        -:  277:
        -:  278:  template<>
        -:  279:    struct __is_void_helper<void>
        -:  280:    : public true_type { };
        -:  281:  /// @endcond
        -:  282:
        -:  283:  /// is_void
        -:  284:  template<typename _Tp>
        -:  285:    struct is_void
        -:  286:    : public __is_void_helper<__remove_cv_t<_Tp>>::type
        -:  287:    { };
        -:  288:
        -:  289:  /// @cond undocumented
        -:  290:  template<typename>
        -:  291:    struct __is_integral_helper
        -:  292:    : public false_type { };
        -:  293:
        -:  294:  template<>
        -:  295:    struct __is_integral_helper<bool>
        -:  296:    : public true_type { };
        -:  297:
        -:  298:  template<>
        -:  299:    struct __is_integral_helper<char>
        -:  300:    : public true_type { };
        -:  301:
        -:  302:  template<>
        -:  303:    struct __is_integral_helper<signed char>
        -:  304:    : public true_type { };
        -:  305:
        -:  306:  template<>
        -:  307:    struct __is_integral_helper<unsigned char>
        -:  308:    : public true_type { };
        -:  309:
        -:  310:  // We want is_integral<wchar_t> to be true (and make_signed/unsigned to work)
        -:  311:  // even when libc doesn't provide working <wchar.h> and related functions,
        -:  312:  // so don't check _GLIBCXX_USE_WCHAR_T here.
        -:  313:  template<>
        -:  314:    struct __is_integral_helper<wchar_t>
        -:  315:    : public true_type { };
        -:  316:
        -:  317:#ifdef _GLIBCXX_USE_CHAR8_T
        -:  318:  template<>
        -:  319:    struct __is_integral_helper<char8_t>
        -:  320:    : public true_type { };
        -:  321:#endif
        -:  322:
        -:  323:  template<>
        -:  324:    struct __is_integral_helper<char16_t>
        -:  325:    : public true_type { };
        -:  326:
        -:  327:  template<>
        -:  328:    struct __is_integral_helper<char32_t>
        -:  329:    : public true_type { };
        -:  330:
        -:  331:  template<>
        -:  332:    struct __is_integral_helper<short>
        -:  333:    : public true_type { };
        -:  334:
        -:  335:  template<>
        -:  336:    struct __is_integral_helper<unsigned short>
        -:  337:    : public true_type { };
        -:  338:
        -:  339:  template<>
        -:  340:    struct __is_integral_helper<int>
        -:  341:    : public true_type { };
        -:  342:
        -:  343:  template<>
        -:  344:    struct __is_integral_helper<unsigned int>
        -:  345:    : public true_type { };
        -:  346:
        -:  347:  template<>
        -:  348:    struct __is_integral_helper<long>
        -:  349:    : public true_type { };
        -:  350:
        -:  351:  template<>
        -:  352:    struct __is_integral_helper<unsigned long>
        -:  353:    : public true_type { };
        -:  354:
        -:  355:  template<>
        -:  356:    struct __is_integral_helper<long long>
        -:  357:    : public true_type { };
        -:  358:
        -:  359:  template<>
        -:  360:    struct __is_integral_helper<unsigned long long>
        -:  361:    : public true_type { };
        -:  362:
        -:  363:  // Conditionalizing on __STRICT_ANSI__ here will break any port that
        -:  364:  // uses one of these types for size_t.
        -:  365:#if defined(__GLIBCXX_TYPE_INT_N_0)
        -:  366:  __extension__
        -:  367:  template<>
        -:  368:    struct __is_integral_helper<__GLIBCXX_TYPE_INT_N_0>
        -:  369:    : public true_type { };
        -:  370:
        -:  371:  __extension__
        -:  372:  template<>
        -:  373:    struct __is_integral_helper<unsigned __GLIBCXX_TYPE_INT_N_0>
        -:  374:    : public true_type { };
        -:  375:#endif
        -:  376:#if defined(__GLIBCXX_TYPE_INT_N_1)
        -:  377:  __extension__
        -:  378:  template<>
        -:  379:    struct __is_integral_helper<__GLIBCXX_TYPE_INT_N_1>
        -:  380:    : public true_type { };
        -:  381:
        -:  382:  __extension__
        -:  383:  template<>
        -:  384:    struct __is_integral_helper<unsigned __GLIBCXX_TYPE_INT_N_1>
        -:  385:    : public true_type { };
        -:  386:#endif
        -:  387:#if defined(__GLIBCXX_TYPE_INT_N_2)
        -:  388:  __extension__
        -:  389:  template<>
        -:  390:    struct __is_integral_helper<__GLIBCXX_TYPE_INT_N_2>
        -:  391:    : public true_type { };
        -:  392:
        -:  393:  __extension__
        -:  394:  template<>
        -:  395:    struct __is_integral_helper<unsigned __GLIBCXX_TYPE_INT_N_2>
        -:  396:    : public true_type { };
        -:  397:#endif
        -:  398:#if defined(__GLIBCXX_TYPE_INT_N_3)
        -:  399:  __extension__
        -:  400:  template<>
        -:  401:    struct __is_integral_helper<__GLIBCXX_TYPE_INT_N_3>
        -:  402:    : public true_type { };
        -:  403:
        -:  404:  __extension__
        -:  405:  template<>
        -:  406:    struct __is_integral_helper<unsigned __GLIBCXX_TYPE_INT_N_3>
        -:  407:    : public true_type { };
        -:  408:#endif
        -:  409:  /// @endcond
        -:  410:
        -:  411:  /// is_integral
        -:  412:  template<typename _Tp>
        -:  413:    struct is_integral
        -:  414:    : public __is_integral_helper<__remove_cv_t<_Tp>>::type
        -:  415:    { };
        -:  416:
        -:  417:  /// @cond undocumented
        -:  418:  template<typename>
        -:  419:    struct __is_floating_point_helper
        -:  420:    : public false_type { };
        -:  421:
        -:  422:  template<>
        -:  423:    struct __is_floating_point_helper<float>
        -:  424:    : public true_type { };
        -:  425:
        -:  426:  template<>
        -:  427:    struct __is_floating_point_helper<double>
        -:  428:    : public true_type { };
        -:  429:
        -:  430:  template<>
        -:  431:    struct __is_floating_point_helper<long double>
        -:  432:    : public true_type { };
        -:  433:
        -:  434:#if !defined(__STRICT_ANSI__) && defined(_GLIBCXX_USE_FLOAT128) && !defined(__CUDACC__)
        -:  435:  template<>
        -:  436:    struct __is_floating_point_helper<__float128>
        -:  437:    : public true_type { };
        -:  438:#endif
        -:  439:  /// @endcond
        -:  440:
        -:  441:  /// is_floating_point
        -:  442:  template<typename _Tp>
        -:  443:    struct is_floating_point
        -:  444:    : public __is_floating_point_helper<__remove_cv_t<_Tp>>::type
        -:  445:    { };
        -:  446:
        -:  447:  /// is_array
        -:  448:  template<typename>
        -:  449:    struct is_array
        -:  450:    : public false_type { };
        -:  451:
        -:  452:  template<typename _Tp, std::size_t _Size>
        -:  453:    struct is_array<_Tp[_Size]>
        -:  454:    : public true_type { };
        -:  455:
        -:  456:  template<typename _Tp>
        -:  457:    struct is_array<_Tp[]>
        -:  458:    : public true_type { };
        -:  459:
        -:  460:  template<typename>
        -:  461:    struct __is_pointer_helper
        -:  462:    : public false_type { };
        -:  463:
        -:  464:  template<typename _Tp>
        -:  465:    struct __is_pointer_helper<_Tp*>
        -:  466:    : public true_type { };
        -:  467:
        -:  468:  /// is_pointer
        -:  469:  template<typename _Tp>
        -:  470:    struct is_pointer
        -:  471:    : public __is_pointer_helper<__remove_cv_t<_Tp>>::type
        -:  472:    { };
        -:  473:
        -:  474:  /// is_lvalue_reference
        -:  475:  template<typename>
        -:  476:    struct is_lvalue_reference
        -:  477:    : public false_type { };
        -:  478:
        -:  479:  template<typename _Tp>
        -:  480:    struct is_lvalue_reference<_Tp&>
        -:  481:    : public true_type { };
        -:  482:
        -:  483:  /// is_rvalue_reference
        -:  484:  template<typename>
        -:  485:    struct is_rvalue_reference
        -:  486:    : public false_type { };
        -:  487:
        -:  488:  template<typename _Tp>
        -:  489:    struct is_rvalue_reference<_Tp&&>
        -:  490:    : public true_type { };
        -:  491:
        -:  492:  template<typename>
        -:  493:    struct __is_member_object_pointer_helper
        -:  494:    : public false_type { };
        -:  495:
        -:  496:  template<typename _Tp, typename _Cp>
        -:  497:    struct __is_member_object_pointer_helper<_Tp _Cp::*>
        -:  498:    : public __not_<is_function<_Tp>>::type { };
        -:  499:
        -:  500:  /// is_member_object_pointer
        -:  501:  template<typename _Tp>
        -:  502:    struct is_member_object_pointer
        -:  503:    : public __is_member_object_pointer_helper<__remove_cv_t<_Tp>>::type
        -:  504:    { };
        -:  505:
        -:  506:  template<typename>
        -:  507:    struct __is_member_function_pointer_helper
        -:  508:    : public false_type { };
        -:  509:
        -:  510:  template<typename _Tp, typename _Cp>
        -:  511:    struct __is_member_function_pointer_helper<_Tp _Cp::*>
        -:  512:    : public is_function<_Tp>::type { };
        -:  513:
        -:  514:  /// is_member_function_pointer
        -:  515:  template<typename _Tp>
        -:  516:    struct is_member_function_pointer
        -:  517:    : public __is_member_function_pointer_helper<__remove_cv_t<_Tp>>::type
        -:  518:    { };
        -:  519:
        -:  520:  /// is_enum
        -:  521:  template<typename _Tp>
        -:  522:    struct is_enum
        -:  523:    : public integral_constant<bool, __is_enum(_Tp)>
        -:  524:    { };
        -:  525:
        -:  526:  /// is_union
        -:  527:  template<typename _Tp>
        -:  528:    struct is_union
        -:  529:    : public integral_constant<bool, __is_union(_Tp)>
        -:  530:    { };
        -:  531:
        -:  532:  /// is_class
        -:  533:  template<typename _Tp>
        -:  534:    struct is_class
        -:  535:    : public integral_constant<bool, __is_class(_Tp)>
        -:  536:    { };
        -:  537:
        -:  538:  /// is_function
        -:  539:  template<typename _Tp>
        -:  540:    struct is_function
        -:  541:    : public __bool_constant<!is_const<const _Tp>::value> { };
        -:  542:
        -:  543:  template<typename _Tp>
        -:  544:    struct is_function<_Tp&>
        -:  545:    : public false_type { };
        -:  546:
        -:  547:  template<typename _Tp>
        -:  548:    struct is_function<_Tp&&>
        -:  549:    : public false_type { };
        -:  550:
        -:  551:#define __cpp_lib_is_null_pointer 201309L
        -:  552:
        -:  553:  template<typename>
        -:  554:    struct __is_null_pointer_helper
        -:  555:    : public false_type { };
        -:  556:
        -:  557:  template<>
        -:  558:    struct __is_null_pointer_helper<std::nullptr_t>
        -:  559:    : public true_type { };
        -:  560:
        -:  561:  /// is_null_pointer (LWG 2247).
        -:  562:  template<typename _Tp>
        -:  563:    struct is_null_pointer
        -:  564:    : public __is_null_pointer_helper<__remove_cv_t<_Tp>>::type
        -:  565:    { };
        -:  566:
        -:  567:  /// __is_nullptr_t (deprecated extension).
        -:  568:  /// @deprecated Non-standard. Use `is_null_pointer` instead.
        -:  569:  template<typename _Tp>
        -:  570:    struct __is_nullptr_t
        -:  571:    : public is_null_pointer<_Tp>
        -:  572:    { } _GLIBCXX_DEPRECATED_SUGGEST("std::is_null_pointer");
        -:  573:
        -:  574:  // Composite type categories.
        -:  575:
        -:  576:  /// is_reference
        -:  577:  template<typename _Tp>
        -:  578:    struct is_reference
        -:  579:    : public __or_<is_lvalue_reference<_Tp>,
        -:  580:                   is_rvalue_reference<_Tp>>::type
        -:  581:    { };
        -:  582:
        -:  583:  /// is_arithmetic
        -:  584:  template<typename _Tp>
        -:  585:    struct is_arithmetic
        -:  586:    : public __or_<is_integral<_Tp>, is_floating_point<_Tp>>::type
        -:  587:    { };
        -:  588:
        -:  589:  /// is_fundamental
        -:  590:  template<typename _Tp>
        -:  591:    struct is_fundamental
        -:  592:    : public __or_<is_arithmetic<_Tp>, is_void<_Tp>,
        -:  593:		   is_null_pointer<_Tp>>::type
        -:  594:    { };
        -:  595:
        -:  596:  /// is_object
        -:  597:  template<typename _Tp>
        -:  598:    struct is_object
        -:  599:    : public __not_<__or_<is_function<_Tp>, is_reference<_Tp>,
        -:  600:                          is_void<_Tp>>>::type
        -:  601:    { };
        -:  602:
        -:  603:  template<typename>
        -:  604:    struct is_member_pointer;
        -:  605:
        -:  606:  /// is_scalar
        -:  607:  template<typename _Tp>
        -:  608:    struct is_scalar
        -:  609:    : public __or_<is_arithmetic<_Tp>, is_enum<_Tp>, is_pointer<_Tp>,
        -:  610:                   is_member_pointer<_Tp>, is_null_pointer<_Tp>>::type
        -:  611:    { };
        -:  612:
        -:  613:  /// is_compound
        -:  614:  template<typename _Tp>
        -:  615:    struct is_compound
        -:  616:    : public __not_<is_fundamental<_Tp>>::type { };
        -:  617:
        -:  618:  /// @cond undocumented
        -:  619:  template<typename _Tp>
        -:  620:    struct __is_member_pointer_helper
        -:  621:    : public false_type { };
        -:  622:
        -:  623:  template<typename _Tp, typename _Cp>
        -:  624:    struct __is_member_pointer_helper<_Tp _Cp::*>
        -:  625:    : public true_type { };
        -:  626:  /// @endcond
        -:  627:
        -:  628:  /// is_member_pointer
        -:  629:  template<typename _Tp>
        -:  630:    struct is_member_pointer
        -:  631:    : public __is_member_pointer_helper<__remove_cv_t<_Tp>>::type
        -:  632:    { };
        -:  633:
        -:  634:  template<typename, typename>
        -:  635:    struct is_same;
        -:  636:
        -:  637:  /// @cond undocumented
        -:  638:  template<typename _Tp, typename... _Types>
        -:  639:    using __is_one_of = __or_<is_same<_Tp, _Types>...>;
        -:  640:
        -:  641:  // Check if a type is one of the signed integer types.
        -:  642:  __extension__
        -:  643:  template<typename _Tp>
        -:  644:    using __is_signed_integer = __is_one_of<__remove_cv_t<_Tp>,
        -:  645:	  signed char, signed short, signed int, signed long,
        -:  646:	  signed long long
        -:  647:#if defined(__GLIBCXX_TYPE_INT_N_0)
        -:  648:	  , signed __GLIBCXX_TYPE_INT_N_0
        -:  649:#endif
        -:  650:#if defined(__GLIBCXX_TYPE_INT_N_1)
        -:  651:	  , signed __GLIBCXX_TYPE_INT_N_1
        -:  652:#endif
        -:  653:#if defined(__GLIBCXX_TYPE_INT_N_2)
        -:  654:	  , signed __GLIBCXX_TYPE_INT_N_2
        -:  655:#endif
        -:  656:#if defined(__GLIBCXX_TYPE_INT_N_3)
        -:  657:	  , signed __GLIBCXX_TYPE_INT_N_3
        -:  658:#endif
        -:  659:	  >;
        -:  660:
        -:  661:  // Check if a type is one of the unsigned integer types.
        -:  662:  __extension__
        -:  663:  template<typename _Tp>
        -:  664:    using __is_unsigned_integer = __is_one_of<__remove_cv_t<_Tp>,
        -:  665:	  unsigned char, unsigned short, unsigned int, unsigned long,
        -:  666:	  unsigned long long
        -:  667:#if defined(__GLIBCXX_TYPE_INT_N_0)
        -:  668:	  , unsigned __GLIBCXX_TYPE_INT_N_0
        -:  669:#endif
        -:  670:#if defined(__GLIBCXX_TYPE_INT_N_1)
        -:  671:	  , unsigned __GLIBCXX_TYPE_INT_N_1
        -:  672:#endif
        -:  673:#if defined(__GLIBCXX_TYPE_INT_N_2)
        -:  674:	  , unsigned __GLIBCXX_TYPE_INT_N_2
        -:  675:#endif
        -:  676:#if defined(__GLIBCXX_TYPE_INT_N_3)
        -:  677:	  , unsigned __GLIBCXX_TYPE_INT_N_3
        -:  678:#endif
        -:  679:	  >;
        -:  680:
        -:  681:  // Check if a type is one of the signed or unsigned integer types.
        -:  682:  template<typename _Tp>
        -:  683:    using __is_standard_integer
        -:  684:      = __or_<__is_signed_integer<_Tp>, __is_unsigned_integer<_Tp>>;
        -:  685:
        -:  686:  // __void_t (std::void_t for C++11)
        -:  687:  template<typename...> using __void_t = void;
        -:  688:
        -:  689:  // Utility to detect referenceable types ([defns.referenceable]).
        -:  690:
        -:  691:  template<typename _Tp, typename = void>
        -:  692:    struct __is_referenceable
        -:  693:    : public false_type
        -:  694:    { };
        -:  695:
        -:  696:  template<typename _Tp>
        -:  697:    struct __is_referenceable<_Tp, __void_t<_Tp&>>
        -:  698:    : public true_type
        -:  699:    { };
        -:  700:  /// @endcond
        -:  701:
        -:  702:  // Type properties.
        -:  703:
        -:  704:  /// is_const
        -:  705:  template<typename>
        -:  706:    struct is_const
        -:  707:    : public false_type { };
        -:  708:
        -:  709:  template<typename _Tp>
        -:  710:    struct is_const<_Tp const>
        -:  711:    : public true_type { };
        -:  712:
        -:  713:  /// is_volatile
        -:  714:  template<typename>
        -:  715:    struct is_volatile
        -:  716:    : public false_type { };
        -:  717:
        -:  718:  template<typename _Tp>
        -:  719:    struct is_volatile<_Tp volatile>
        -:  720:    : public true_type { };
        -:  721:
        -:  722:  /// is_trivial
        -:  723:  template<typename _Tp>
        -:  724:    struct is_trivial
        -:  725:    : public integral_constant<bool, __is_trivial(_Tp)>
        -:  726:    {
        -:  727:      static_assert(std::__is_complete_or_unbounded(__type_identity<_Tp>{}),
        -:  728:	"template argument must be a complete class or an unbounded array");
        -:  729:    };
        -:  730:
        -:  731:  /// is_trivially_copyable
        -:  732:  template<typename _Tp>
        -:  733:    struct is_trivially_copyable
        -:  734:    : public integral_constant<bool, __is_trivially_copyable(_Tp)>
        -:  735:    {
        -:  736:      static_assert(std::__is_complete_or_unbounded(__type_identity<_Tp>{}),
        -:  737:	"template argument must be a complete class or an unbounded array");
        -:  738:    };
        -:  739:
        -:  740:  /// is_standard_layout
        -:  741:  template<typename _Tp>
        -:  742:    struct is_standard_layout
        -:  743:    : public integral_constant<bool, __is_standard_layout(_Tp)>
        -:  744:    {
        -:  745:      static_assert(std::__is_complete_or_unbounded(__type_identity<_Tp>{}),
        -:  746:	"template argument must be a complete class or an unbounded array");
        -:  747:    };
        -:  748:
        -:  749:  /** is_pod
        -:  750:   * @deprecated Deprecated in C++20.
        -:  751:   * Use `is_standard_layout && is_trivial` instead.
        -:  752:   */
        -:  753:  // Could use is_standard_layout && is_trivial instead of the builtin.
        -:  754:  template<typename _Tp>
        -:  755:    struct
        -:  756:    _GLIBCXX20_DEPRECATED("use is_standard_layout && is_trivial instead")
        -:  757:    is_pod
        -:  758:    : public integral_constant<bool, __is_pod(_Tp)>
        -:  759:    {
        -:  760:      static_assert(std::__is_complete_or_unbounded(__type_identity<_Tp>{}),
        -:  761:	"template argument must be a complete class or an unbounded array");
        -:  762:    };
        -:  763:
        -:  764:  /** is_literal_type
        -:  765:   * @deprecated Deprecated in C++17, removed in C++20.
        -:  766:   * The idea of a literal type isn't useful.
        -:  767:   */
        -:  768:  template<typename _Tp>
        -:  769:    struct
        -:  770:    _GLIBCXX17_DEPRECATED
        -:  771:    is_literal_type
        -:  772:    : public integral_constant<bool, __is_literal_type(_Tp)>
        -:  773:    {
        -:  774:      static_assert(std::__is_complete_or_unbounded(__type_identity<_Tp>{}),
        -:  775:	"template argument must be a complete class or an unbounded array");
        -:  776:    };
        -:  777:
        -:  778:  /// is_empty
        -:  779:  template<typename _Tp>
        -:  780:    struct is_empty
        -:  781:    : public integral_constant<bool, __is_empty(_Tp)>
        -:  782:    { };
        -:  783:
        -:  784:  /// is_polymorphic
        -:  785:  template<typename _Tp>
        -:  786:    struct is_polymorphic
        -:  787:    : public integral_constant<bool, __is_polymorphic(_Tp)>
        -:  788:    { };
        -:  789:
        -:  790:#if __cplusplus >= 201402L
        -:  791:#define __cpp_lib_is_final 201402L
        -:  792:  /// is_final
        -:  793:  /// @since C++14
        -:  794:  template<typename _Tp>
        -:  795:    struct is_final
        -:  796:    : public integral_constant<bool, __is_final(_Tp)>
        -:  797:    { };
        -:  798:#endif
        -:  799:
        -:  800:  /// is_abstract
        -:  801:  template<typename _Tp>
        -:  802:    struct is_abstract
        -:  803:    : public integral_constant<bool, __is_abstract(_Tp)>
        -:  804:    { };
        -:  805:
        -:  806:  /// @cond undocumented
        -:  807:  template<typename _Tp,
        -:  808:	   bool = is_arithmetic<_Tp>::value>
        -:  809:    struct __is_signed_helper
        -:  810:    : public false_type { };
        -:  811:
        -:  812:  template<typename _Tp>
        -:  813:    struct __is_signed_helper<_Tp, true>
        -:  814:    : public integral_constant<bool, _Tp(-1) < _Tp(0)>
        -:  815:    { };
        -:  816:  /// @endcond
        -:  817:
        -:  818:  /// is_signed
        -:  819:  template<typename _Tp>
        -:  820:    struct is_signed
        -:  821:    : public __is_signed_helper<_Tp>::type
        -:  822:    { };
        -:  823:
        -:  824:  /// is_unsigned
        -:  825:  template<typename _Tp>
        -:  826:    struct is_unsigned
        -:  827:    : public __and_<is_arithmetic<_Tp>, __not_<is_signed<_Tp>>>
        -:  828:    { };
        -:  829:
        -:  830:  /// @cond undocumented
        -:  831:  template<typename _Tp, typename _Up = _Tp&&>
        -:  832:    _Up
        -:  833:    __declval(int);
        -:  834:
        -:  835:  template<typename _Tp>
        -:  836:    _Tp
        -:  837:    __declval(long);
        -:  838:  /// @endcond
        -:  839:
        -:  840:  template<typename _Tp>
        -:  841:    auto declval() noexcept -> decltype(__declval<_Tp>(0));
        -:  842:
        -:  843:  template<typename, unsigned = 0>
        -:  844:    struct extent;
        -:  845:
        -:  846:  template<typename>
        -:  847:    struct remove_all_extents;
        -:  848:
        -:  849:  /// @cond undocumented
        -:  850:  template<typename _Tp>
        -:  851:    struct __is_array_known_bounds
        -:  852:    : public integral_constant<bool, (extent<_Tp>::value > 0)>
        -:  853:    { };
        -:  854:
        -:  855:  template<typename _Tp>
        -:  856:    struct __is_array_unknown_bounds
        -:  857:    : public __and_<is_array<_Tp>, __not_<extent<_Tp>>>
        -:  858:    { };
        -:  859:
        -:  860:  // Destructible and constructible type properties.
        -:  861:
        -:  862:  // In N3290 is_destructible does not say anything about function
        -:  863:  // types and abstract types, see LWG 2049. This implementation
        -:  864:  // describes function types as non-destructible and all complete
        -:  865:  // object types as destructible, iff the explicit destructor
        -:  866:  // call expression is wellformed.
        -:  867:  struct __do_is_destructible_impl
        -:  868:  {
        -:  869:    template<typename _Tp, typename = decltype(declval<_Tp&>().~_Tp())>
        -:  870:      static true_type __test(int);
        -:  871:
        -:  872:    template<typename>
        -:  873:      static false_type __test(...);
        -:  874:  };
        -:  875:
        -:  876:  template<typename _Tp>
        -:  877:    struct __is_destructible_impl
        -:  878:    : public __do_is_destructible_impl
        -:  879:    {
        -:  880:      typedef decltype(__test<_Tp>(0)) type;
        -:  881:    };
        -:  882:
        -:  883:  template<typename _Tp,
        -:  884:           bool = __or_<is_void<_Tp>,
        -:  885:                        __is_array_unknown_bounds<_Tp>,
        -:  886:                        is_function<_Tp>>::value,
        -:  887:           bool = __or_<is_reference<_Tp>, is_scalar<_Tp>>::value>
        -:  888:    struct __is_destructible_safe;
        -:  889:
        -:  890:  template<typename _Tp>
        -:  891:    struct __is_destructible_safe<_Tp, false, false>
        -:  892:    : public __is_destructible_impl<typename
        -:  893:               remove_all_extents<_Tp>::type>::type
        -:  894:    { };
        -:  895:
        -:  896:  template<typename _Tp>
        -:  897:    struct __is_destructible_safe<_Tp, true, false>
        -:  898:    : public false_type { };
        -:  899:
        -:  900:  template<typename _Tp>
        -:  901:    struct __is_destructible_safe<_Tp, false, true>
        -:  902:    : public true_type { };
        -:  903:  /// @endcond
        -:  904:
        -:  905:  /// is_destructible
        -:  906:  template<typename _Tp>
        -:  907:    struct is_destructible
        -:  908:    : public __is_destructible_safe<_Tp>::type
        -:  909:    {
        -:  910:      static_assert(std::__is_complete_or_unbounded(__type_identity<_Tp>{}),
        -:  911:	"template argument must be a complete class or an unbounded array");
        -:  912:    };
        -:  913:
        -:  914:  /// @cond undocumented
        -:  915:
        -:  916:  // is_nothrow_destructible requires that is_destructible is
        -:  917:  // satisfied as well.  We realize that by mimicing the
        -:  918:  // implementation of is_destructible but refer to noexcept(expr)
        -:  919:  // instead of decltype(expr).
        -:  920:  struct __do_is_nt_destructible_impl
        -:  921:  {
        -:  922:    template<typename _Tp>
        -:  923:      static __bool_constant<noexcept(declval<_Tp&>().~_Tp())>
        -:  924:      __test(int);
        -:  925:
        -:  926:    template<typename>
        -:  927:      static false_type __test(...);
        -:  928:  };
        -:  929:
        -:  930:  template<typename _Tp>
        -:  931:    struct __is_nt_destructible_impl
        -:  932:    : public __do_is_nt_destructible_impl
        -:  933:    {
        -:  934:      typedef decltype(__test<_Tp>(0)) type;
        -:  935:    };
        -:  936:
        -:  937:  template<typename _Tp,
        -:  938:           bool = __or_<is_void<_Tp>,
        -:  939:                        __is_array_unknown_bounds<_Tp>,
        -:  940:                        is_function<_Tp>>::value,
        -:  941:           bool = __or_<is_reference<_Tp>, is_scalar<_Tp>>::value>
        -:  942:    struct __is_nt_destructible_safe;
        -:  943:
        -:  944:  template<typename _Tp>
        -:  945:    struct __is_nt_destructible_safe<_Tp, false, false>
        -:  946:    : public __is_nt_destructible_impl<typename
        -:  947:               remove_all_extents<_Tp>::type>::type
        -:  948:    { };
        -:  949:
        -:  950:  template<typename _Tp>
        -:  951:    struct __is_nt_destructible_safe<_Tp, true, false>
        -:  952:    : public false_type { };
        -:  953:
        -:  954:  template<typename _Tp>
        -:  955:    struct __is_nt_destructible_safe<_Tp, false, true>
        -:  956:    : public true_type { };
        -:  957:  /// @endcond
        -:  958:
        -:  959:  /// is_nothrow_destructible
        -:  960:  template<typename _Tp>
        -:  961:    struct is_nothrow_destructible
        -:  962:    : public __is_nt_destructible_safe<_Tp>::type
        -:  963:    {
        -:  964:      static_assert(std::__is_complete_or_unbounded(__type_identity<_Tp>{}),
        -:  965:	"template argument must be a complete class or an unbounded array");
        -:  966:    };
        -:  967:
        -:  968:  /// @cond undocumented
        -:  969:  template<typename _Tp, typename... _Args>
        -:  970:    struct __is_constructible_impl
        -:  971:    : public __bool_constant<__is_constructible(_Tp, _Args...)>
        -:  972:    { };
        -:  973:  /// @endcond
        -:  974:
        -:  975:  /// is_constructible
        -:  976:  template<typename _Tp, typename... _Args>
        -:  977:    struct is_constructible
        -:  978:      : public __is_constructible_impl<_Tp, _Args...>
        -:  979:    {
        -:  980:      static_assert(std::__is_complete_or_unbounded(__type_identity<_Tp>{}),
        -:  981:	"template argument must be a complete class or an unbounded array");
        -:  982:    };
        -:  983:
        -:  984:  /// is_default_constructible
        -:  985:  template<typename _Tp>
        -:  986:    struct is_default_constructible
        -:  987:    : public __is_constructible_impl<_Tp>::type
        -:  988:    {
        -:  989:      static_assert(std::__is_complete_or_unbounded(__type_identity<_Tp>{}),
        -:  990:	"template argument must be a complete class or an unbounded array");
        -:  991:    };
        -:  992:
        -:  993:  /// @cond undocumented
        -:  994:  template<typename _Tp, bool = __is_referenceable<_Tp>::value>
        -:  995:    struct __is_copy_constructible_impl;
        -:  996:
        -:  997:  template<typename _Tp>
        -:  998:    struct __is_copy_constructible_impl<_Tp, false>
        -:  999:    : public false_type { };
        -: 1000:
        -: 1001:  template<typename _Tp>
        -: 1002:    struct __is_copy_constructible_impl<_Tp, true>
        -: 1003:    : public __is_constructible_impl<_Tp, const _Tp&>
        -: 1004:    { };
        -: 1005:  /// @endcond
        -: 1006:
        -: 1007:  /// is_copy_constructible
        -: 1008:  template<typename _Tp>
        -: 1009:    struct is_copy_constructible
        -: 1010:    : public __is_copy_constructible_impl<_Tp>
        -: 1011:    {
        -: 1012:      static_assert(std::__is_complete_or_unbounded(__type_identity<_Tp>{}),
        -: 1013:	"template argument must be a complete class or an unbounded array");
        -: 1014:    };
        -: 1015:
        -: 1016:  /// @cond undocumented
        -: 1017:  template<typename _Tp, bool = __is_referenceable<_Tp>::value>
        -: 1018:    struct __is_move_constructible_impl;
        -: 1019:
        -: 1020:  template<typename _Tp>
        -: 1021:    struct __is_move_constructible_impl<_Tp, false>
        -: 1022:    : public false_type { };
        -: 1023:
        -: 1024:  template<typename _Tp>
        -: 1025:    struct __is_move_constructible_impl<_Tp, true>
        -: 1026:    : public __is_constructible_impl<_Tp, _Tp&&>
        -: 1027:    { };
        -: 1028:  /// @endcond
        -: 1029:
        -: 1030:  /// is_move_constructible
        -: 1031:  template<typename _Tp>
        -: 1032:    struct is_move_constructible
        -: 1033:    : public __is_move_constructible_impl<_Tp>
        -: 1034:    {
        -: 1035:      static_assert(std::__is_complete_or_unbounded(__type_identity<_Tp>{}),
        -: 1036:	"template argument must be a complete class or an unbounded array");
        -: 1037:    };
        -: 1038:
        -: 1039:  /// @cond undocumented
        -: 1040:  template<typename _Tp, typename... _Args>
        -: 1041:    using __is_nothrow_constructible_impl
        -: 1042:      = __bool_constant<__is_nothrow_constructible(_Tp, _Args...)>;
        -: 1043:  /// @endcond
        -: 1044:
        -: 1045:  /// is_nothrow_constructible
        -: 1046:  template<typename _Tp, typename... _Args>
        -: 1047:    struct is_nothrow_constructible
        -: 1048:    : public __is_nothrow_constructible_impl<_Tp, _Args...>::type
        -: 1049:    {
        -: 1050:      static_assert(std::__is_complete_or_unbounded(__type_identity<_Tp>{}),
        -: 1051:	"template argument must be a complete class or an unbounded array");
        -: 1052:    };
        -: 1053:
        -: 1054:  /// is_nothrow_default_constructible
        -: 1055:  template<typename _Tp>
        -: 1056:    struct is_nothrow_default_constructible
        -: 1057:    : public __bool_constant<__is_nothrow_constructible(_Tp)>
        -: 1058:    {
        -: 1059:      static_assert(std::__is_complete_or_unbounded(__type_identity<_Tp>{}),
        -: 1060:	"template argument must be a complete class or an unbounded array");
        -: 1061:    };
        -: 1062:
        -: 1063:  /// @cond undocumented
        -: 1064:  template<typename _Tp, bool = __is_referenceable<_Tp>::value>
        -: 1065:    struct __is_nothrow_copy_constructible_impl;
        -: 1066:
        -: 1067:  template<typename _Tp>
        -: 1068:    struct __is_nothrow_copy_constructible_impl<_Tp, false>
        -: 1069:    : public false_type { };
        -: 1070:
        -: 1071:  template<typename _Tp>
        -: 1072:    struct __is_nothrow_copy_constructible_impl<_Tp, true>
        -: 1073:    : public __is_nothrow_constructible_impl<_Tp, const _Tp&>
        -: 1074:    { };
        -: 1075:  /// @endcond
        -: 1076:
        -: 1077:  /// is_nothrow_copy_constructible
        -: 1078:  template<typename _Tp>
        -: 1079:    struct is_nothrow_copy_constructible
        -: 1080:    : public __is_nothrow_copy_constructible_impl<_Tp>::type
        -: 1081:    {
        -: 1082:      static_assert(std::__is_complete_or_unbounded(__type_identity<_Tp>{}),
        -: 1083:	"template argument must be a complete class or an unbounded array");
        -: 1084:    };
        -: 1085:
        -: 1086:  /// @cond undocumented
        -: 1087:  template<typename _Tp, bool = __is_referenceable<_Tp>::value>
        -: 1088:    struct __is_nothrow_move_constructible_impl;
        -: 1089:
        -: 1090:  template<typename _Tp>
        -: 1091:    struct __is_nothrow_move_constructible_impl<_Tp, false>
        -: 1092:    : public false_type { };
        -: 1093:
        -: 1094:  template<typename _Tp>
        -: 1095:    struct __is_nothrow_move_constructible_impl<_Tp, true>
        -: 1096:    : public __is_nothrow_constructible_impl<_Tp, _Tp&&>
        -: 1097:    { };
        -: 1098:  /// @endcond
        -: 1099:
        -: 1100:  /// is_nothrow_move_constructible
        -: 1101:  template<typename _Tp>
        -: 1102:    struct is_nothrow_move_constructible
        -: 1103:    : public __is_nothrow_move_constructible_impl<_Tp>::type
        -: 1104:    {
        -: 1105:      static_assert(std::__is_complete_or_unbounded(__type_identity<_Tp>{}),
        -: 1106:	"template argument must be a complete class or an unbounded array");
        -: 1107:    };
        -: 1108:
        -: 1109:  /// is_assignable
        -: 1110:  template<typename _Tp, typename _Up>
        -: 1111:    struct is_assignable
        -: 1112:    : public __bool_constant<__is_assignable(_Tp, _Up)>
        -: 1113:    {
        -: 1114:      static_assert(std::__is_complete_or_unbounded(__type_identity<_Tp>{}),
        -: 1115:	"template argument must be a complete class or an unbounded array");
        -: 1116:    };
        -: 1117:
        -: 1118:  template<typename _Tp, bool = __is_referenceable<_Tp>::value>
        -: 1119:    struct __is_copy_assignable_impl;
        -: 1120:
        -: 1121:  template<typename _Tp>
        -: 1122:    struct __is_copy_assignable_impl<_Tp, false>
        -: 1123:    : public false_type { };
        -: 1124:
        -: 1125:  template<typename _Tp>
        -: 1126:    struct __is_copy_assignable_impl<_Tp, true>
        -: 1127:    : public __bool_constant<__is_assignable(_Tp&, const _Tp&)>
        -: 1128:    { };
        -: 1129:
        -: 1130:  /// is_copy_assignable
        -: 1131:  template<typename _Tp>
        -: 1132:    struct is_copy_assignable
        -: 1133:    : public __is_copy_assignable_impl<_Tp>::type
        -: 1134:    {
        -: 1135:      static_assert(std::__is_complete_or_unbounded(__type_identity<_Tp>{}),
        -: 1136:	"template argument must be a complete class or an unbounded array");
        -: 1137:    };
        -: 1138:
        -: 1139:  template<typename _Tp, bool = __is_referenceable<_Tp>::value>
        -: 1140:    struct __is_move_assignable_impl;
        -: 1141:
        -: 1142:  template<typename _Tp>
        -: 1143:    struct __is_move_assignable_impl<_Tp, false>
        -: 1144:    : public false_type { };
        -: 1145:
        -: 1146:  template<typename _Tp>
        -: 1147:    struct __is_move_assignable_impl<_Tp, true>
        -: 1148:    : public __bool_constant<__is_assignable(_Tp&, _Tp&&)>
        -: 1149:    { };
        -: 1150:
        -: 1151:  /// is_move_assignable
        -: 1152:  template<typename _Tp>
        -: 1153:    struct is_move_assignable
        -: 1154:    : public __is_move_assignable_impl<_Tp>::type
        -: 1155:    {
        -: 1156:      static_assert(std::__is_complete_or_unbounded(__type_identity<_Tp>{}),
        -: 1157:	"template argument must be a complete class or an unbounded array");
        -: 1158:    };
        -: 1159:
        -: 1160:  template<typename _Tp, typename _Up>
        -: 1161:    using __is_nothrow_assignable_impl
        -: 1162:      = __bool_constant<__is_nothrow_assignable(_Tp, _Up)>;
        -: 1163:
        -: 1164:  /// is_nothrow_assignable
        -: 1165:  template<typename _Tp, typename _Up>
        -: 1166:    struct is_nothrow_assignable
        -: 1167:    : public __is_nothrow_assignable_impl<_Tp, _Up>
        -: 1168:    {
        -: 1169:      static_assert(std::__is_complete_or_unbounded(__type_identity<_Tp>{}),
        -: 1170:	"template argument must be a complete class or an unbounded array");
        -: 1171:    };
        -: 1172:
        -: 1173:  template<typename _Tp, bool = __is_referenceable<_Tp>::value>
        -: 1174:    struct __is_nt_copy_assignable_impl;
        -: 1175:
        -: 1176:  template<typename _Tp>
        -: 1177:    struct __is_nt_copy_assignable_impl<_Tp, false>
        -: 1178:    : public false_type { };
        -: 1179:
        -: 1180:  template<typename _Tp>
        -: 1181:    struct __is_nt_copy_assignable_impl<_Tp, true>
        -: 1182:    : public __is_nothrow_assignable_impl<_Tp&, const _Tp&>
        -: 1183:    { };
        -: 1184:
        -: 1185:  /// is_nothrow_copy_assignable
        -: 1186:  template<typename _Tp>
        -: 1187:    struct is_nothrow_copy_assignable
        -: 1188:    : public __is_nt_copy_assignable_impl<_Tp>
        -: 1189:    {
        -: 1190:      static_assert(std::__is_complete_or_unbounded(__type_identity<_Tp>{}),
        -: 1191:	"template argument must be a complete class or an unbounded array");
        -: 1192:    };
        -: 1193:
        -: 1194:  template<typename _Tp, bool = __is_referenceable<_Tp>::value>
        -: 1195:    struct __is_nt_move_assignable_impl;
        -: 1196:
        -: 1197:  template<typename _Tp>
        -: 1198:    struct __is_nt_move_assignable_impl<_Tp, false>
        -: 1199:    : public false_type { };
        -: 1200:
        -: 1201:  template<typename _Tp>
        -: 1202:    struct __is_nt_move_assignable_impl<_Tp, true>
        -: 1203:    : public __is_nothrow_assignable_impl<_Tp&, _Tp&&>
        -: 1204:    { };
        -: 1205:
        -: 1206:  /// is_nothrow_move_assignable
        -: 1207:  template<typename _Tp>
        -: 1208:    struct is_nothrow_move_assignable
        -: 1209:    : public __is_nt_move_assignable_impl<_Tp>
        -: 1210:    {
        -: 1211:      static_assert(std::__is_complete_or_unbounded(__type_identity<_Tp>{}),
        -: 1212:	"template argument must be a complete class or an unbounded array");
        -: 1213:    };
        -: 1214:
        -: 1215:  /// is_trivially_constructible
        -: 1216:  template<typename _Tp, typename... _Args>
        -: 1217:    struct is_trivially_constructible
        -: 1218:    : public __bool_constant<__is_trivially_constructible(_Tp, _Args...)>
        -: 1219:    {
        -: 1220:      static_assert(std::__is_complete_or_unbounded(__type_identity<_Tp>{}),
        -: 1221:	"template argument must be a complete class or an unbounded array");
        -: 1222:    };
        -: 1223:
        -: 1224:  /// is_trivially_default_constructible
        -: 1225:  template<typename _Tp>
        -: 1226:    struct is_trivially_default_constructible
        -: 1227:    : public __bool_constant<__is_trivially_constructible(_Tp)>
        -: 1228:    {
        -: 1229:      static_assert(std::__is_complete_or_unbounded(__type_identity<_Tp>{}),
        -: 1230:	"template argument must be a complete class or an unbounded array");
        -: 1231:    };
        -: 1232:
        -: 1233:  struct __do_is_implicitly_default_constructible_impl
        -: 1234:  {
        -: 1235:    template <typename _Tp>
        -: 1236:    static void __helper(const _Tp&);
        -: 1237:
        -: 1238:    template <typename _Tp>
        -: 1239:    static true_type __test(const _Tp&,
        -: 1240:                            decltype(__helper<const _Tp&>({}))* = 0);
        -: 1241:
        -: 1242:    static false_type __test(...);
        -: 1243:  };
        -: 1244:
        -: 1245:  template<typename _Tp>
        -: 1246:    struct __is_implicitly_default_constructible_impl
        -: 1247:    : public __do_is_implicitly_default_constructible_impl
        -: 1248:    {
        -: 1249:      typedef decltype(__test(declval<_Tp>())) type;
        -: 1250:    };
        -: 1251:
        -: 1252:  template<typename _Tp>
        -: 1253:    struct __is_implicitly_default_constructible_safe
        -: 1254:    : public __is_implicitly_default_constructible_impl<_Tp>::type
        -: 1255:    { };
        -: 1256:
        -: 1257:  template <typename _Tp>
        -: 1258:    struct __is_implicitly_default_constructible
        -: 1259:    : public __and_<__is_constructible_impl<_Tp>,
        -: 1260:		    __is_implicitly_default_constructible_safe<_Tp>>
        -: 1261:    { };
        -: 1262:
        -: 1263:  template<typename _Tp, bool = __is_referenceable<_Tp>::value>
        -: 1264:    struct __is_trivially_copy_constructible_impl;
        -: 1265:
        -: 1266:  template<typename _Tp>
        -: 1267:    struct __is_trivially_copy_constructible_impl<_Tp, false>
        -: 1268:    : public false_type { };
        -: 1269:
        -: 1270:  template<typename _Tp>
        -: 1271:    struct __is_trivially_copy_constructible_impl<_Tp, true>
        -: 1272:    : public __and_<__is_copy_constructible_impl<_Tp>,
        -: 1273:		    integral_constant<bool,
        -: 1274:			__is_trivially_constructible(_Tp, const _Tp&)>>
        -: 1275:    { };
        -: 1276:
        -: 1277:  /// is_trivially_copy_constructible
        -: 1278:  template<typename _Tp>
        -: 1279:    struct is_trivially_copy_constructible
        -: 1280:    : public __is_trivially_copy_constructible_impl<_Tp>
        -: 1281:    {
        -: 1282:      static_assert(std::__is_complete_or_unbounded(__type_identity<_Tp>{}),
        -: 1283:	"template argument must be a complete class or an unbounded array");
        -: 1284:    };
        -: 1285:
        -: 1286:  template<typename _Tp, bool = __is_referenceable<_Tp>::value>
        -: 1287:    struct __is_trivially_move_constructible_impl;
        -: 1288:
        -: 1289:  template<typename _Tp>
        -: 1290:    struct __is_trivially_move_constructible_impl<_Tp, false>
        -: 1291:    : public false_type { };
        -: 1292:
        -: 1293:  template<typename _Tp>
        -: 1294:    struct __is_trivially_move_constructible_impl<_Tp, true>
        -: 1295:    : public __and_<__is_move_constructible_impl<_Tp>,
        -: 1296:		    integral_constant<bool,
        -: 1297:			__is_trivially_constructible(_Tp, _Tp&&)>>
        -: 1298:    { };
        -: 1299:
        -: 1300:  /// is_trivially_move_constructible
        -: 1301:  template<typename _Tp>
        -: 1302:    struct is_trivially_move_constructible
        -: 1303:    : public __is_trivially_move_constructible_impl<_Tp>
        -: 1304:    {
        -: 1305:      static_assert(std::__is_complete_or_unbounded(__type_identity<_Tp>{}),
        -: 1306:	"template argument must be a complete class or an unbounded array");
        -: 1307:    };
        -: 1308:
        -: 1309:  /// is_trivially_assignable
        -: 1310:  template<typename _Tp, typename _Up>
        -: 1311:    struct is_trivially_assignable
        -: 1312:    : public __bool_constant<__is_trivially_assignable(_Tp, _Up)>
        -: 1313:    {
        -: 1314:      static_assert(std::__is_complete_or_unbounded(__type_identity<_Tp>{}),
        -: 1315:	"template argument must be a complete class or an unbounded array");
        -: 1316:    };
        -: 1317:
        -: 1318:  template<typename _Tp, bool = __is_referenceable<_Tp>::value>
        -: 1319:    struct __is_trivially_copy_assignable_impl;
        -: 1320:
        -: 1321:  template<typename _Tp>
        -: 1322:    struct __is_trivially_copy_assignable_impl<_Tp, false>
        -: 1323:    : public false_type { };
        -: 1324:
        -: 1325:  template<typename _Tp>
        -: 1326:    struct __is_trivially_copy_assignable_impl<_Tp, true>
        -: 1327:    : public __bool_constant<__is_trivially_assignable(_Tp&, const _Tp&)>
        -: 1328:    { };
        -: 1329:
        -: 1330:  /// is_trivially_copy_assignable
        -: 1331:  template<typename _Tp>
        -: 1332:    struct is_trivially_copy_assignable
        -: 1333:    : public __is_trivially_copy_assignable_impl<_Tp>
        -: 1334:    {
        -: 1335:      static_assert(std::__is_complete_or_unbounded(__type_identity<_Tp>{}),
        -: 1336:	"template argument must be a complete class or an unbounded array");
        -: 1337:    };
        -: 1338:
        -: 1339:  template<typename _Tp, bool = __is_referenceable<_Tp>::value>
        -: 1340:    struct __is_trivially_move_assignable_impl;
        -: 1341:
        -: 1342:  template<typename _Tp>
        -: 1343:    struct __is_trivially_move_assignable_impl<_Tp, false>
        -: 1344:    : public false_type { };
        -: 1345:
        -: 1346:  template<typename _Tp>
        -: 1347:    struct __is_trivially_move_assignable_impl<_Tp, true>
        -: 1348:    : public __bool_constant<__is_trivially_assignable(_Tp&, _Tp&&)>
        -: 1349:    { };
        -: 1350:
        -: 1351:  /// is_trivially_move_assignable
        -: 1352:  template<typename _Tp>
        -: 1353:    struct is_trivially_move_assignable
        -: 1354:    : public __is_trivially_move_assignable_impl<_Tp>
        -: 1355:    {
        -: 1356:      static_assert(std::__is_complete_or_unbounded(__type_identity<_Tp>{}),
        -: 1357:	"template argument must be a complete class or an unbounded array");
        -: 1358:    };
        -: 1359:
        -: 1360:  /// is_trivially_destructible
        -: 1361:  template<typename _Tp>
        -: 1362:    struct is_trivially_destructible
        -: 1363:    : public __and_<__is_destructible_safe<_Tp>,
        -: 1364:		    __bool_constant<__has_trivial_destructor(_Tp)>>
        -: 1365:    {
        -: 1366:      static_assert(std::__is_complete_or_unbounded(__type_identity<_Tp>{}),
        -: 1367:	"template argument must be a complete class or an unbounded array");
        -: 1368:    };
        -: 1369:
        -: 1370:
        -: 1371:  /// has_virtual_destructor
        -: 1372:  template<typename _Tp>
        -: 1373:    struct has_virtual_destructor
        -: 1374:    : public integral_constant<bool, __has_virtual_destructor(_Tp)>
        -: 1375:    {
        -: 1376:      static_assert(std::__is_complete_or_unbounded(__type_identity<_Tp>{}),
        -: 1377:	"template argument must be a complete class or an unbounded array");
        -: 1378:    };
        -: 1379:
        -: 1380:
        -: 1381:  // type property queries.
        -: 1382:
        -: 1383:  /// alignment_of
        -: 1384:  template<typename _Tp>
        -: 1385:    struct alignment_of
        -: 1386:    : public integral_constant<std::size_t, alignof(_Tp)>
        -: 1387:    {
        -: 1388:      static_assert(std::__is_complete_or_unbounded(__type_identity<_Tp>{}),
        -: 1389:	"template argument must be a complete class or an unbounded array");
        -: 1390:    };
        -: 1391:
        -: 1392:  /// rank
        -: 1393:  template<typename>
        -: 1394:    struct rank
        -: 1395:    : public integral_constant<std::size_t, 0> { };
        -: 1396:
        -: 1397:  template<typename _Tp, std::size_t _Size>
        -: 1398:    struct rank<_Tp[_Size]>
        -: 1399:    : public integral_constant<std::size_t, 1 + rank<_Tp>::value> { };
        -: 1400:
        -: 1401:  template<typename _Tp>
        -: 1402:    struct rank<_Tp[]>
        -: 1403:    : public integral_constant<std::size_t, 1 + rank<_Tp>::value> { };
        -: 1404:
        -: 1405:  /// extent
        -: 1406:  template<typename, unsigned _Uint>
        -: 1407:    struct extent
        -: 1408:    : public integral_constant<std::size_t, 0> { };
        -: 1409:
        -: 1410:  template<typename _Tp, unsigned _Uint, std::size_t _Size>
        -: 1411:    struct extent<_Tp[_Size], _Uint>
        -: 1412:    : public integral_constant<std::size_t,
        -: 1413:			       _Uint == 0 ? _Size : extent<_Tp,
        -: 1414:							   _Uint - 1>::value>
        -: 1415:    { };
        -: 1416:
        -: 1417:  template<typename _Tp, unsigned _Uint>
        -: 1418:    struct extent<_Tp[], _Uint>
        -: 1419:    : public integral_constant<std::size_t,
        -: 1420:			       _Uint == 0 ? 0 : extent<_Tp,
        -: 1421:						       _Uint - 1>::value>
        -: 1422:    { };
        -: 1423:
        -: 1424:
        -: 1425:  // Type relations.
        -: 1426:
        -: 1427:  /// is_same
        -: 1428:  template<typename _Tp, typename _Up>
        -: 1429:    struct is_same
        -: 1430:#ifdef _GLIBCXX_HAVE_BUILTIN_IS_SAME
        -: 1431:    : public integral_constant<bool, __is_same(_Tp, _Up)>
        -: 1432:#else
        -: 1433:    : public false_type
        -: 1434:#endif
        -: 1435:    { };
        -: 1436:
        -: 1437:#ifndef _GLIBCXX_HAVE_BUILTIN_IS_SAME
        -: 1438:  template<typename _Tp>
        -: 1439:    struct is_same<_Tp, _Tp>
        -: 1440:    : public true_type
        -: 1441:    { };
        -: 1442:#endif
        -: 1443:
        -: 1444:  /// is_base_of
        -: 1445:  template<typename _Base, typename _Derived>
        -: 1446:    struct is_base_of
        -: 1447:    : public integral_constant<bool, __is_base_of(_Base, _Derived)>
        -: 1448:    { };
        -: 1449:
        -: 1450:  template<typename _From, typename _To,
        -: 1451:           bool = __or_<is_void<_From>, is_function<_To>,
        -: 1452:                        is_array<_To>>::value>
        -: 1453:    struct __is_convertible_helper
        -: 1454:    {
        -: 1455:      typedef typename is_void<_To>::type type;
        -: 1456:    };
        -: 1457:
        -: 1458:#pragma GCC diagnostic push
        -: 1459:#pragma GCC diagnostic ignored "-Wctor-dtor-privacy"
        -: 1460:  template<typename _From, typename _To>
        -: 1461:    class __is_convertible_helper<_From, _To, false>
        -: 1462:    {
        -: 1463:      template<typename _To1>
        -: 1464:	static void __test_aux(_To1) noexcept;
        -: 1465:
        -: 1466:      template<typename _From1, typename _To1,
        -: 1467:	       typename = decltype(__test_aux<_To1>(std::declval<_From1>()))>
        -: 1468:	static true_type
        -: 1469:	__test(int);
        -: 1470:
        -: 1471:      template<typename, typename>
        -: 1472:	static false_type
        -: 1473:	__test(...);
        -: 1474:
        -: 1475:    public:
        -: 1476:      typedef decltype(__test<_From, _To>(0)) type;
        -: 1477:    };
        -: 1478:#pragma GCC diagnostic pop
        -: 1479:
        -: 1480:  /// is_convertible
        -: 1481:  template<typename _From, typename _To>
        -: 1482:    struct is_convertible
        -: 1483:    : public __is_convertible_helper<_From, _To>::type
        -: 1484:    { };
        -: 1485:
        -: 1486:  // helper trait for unique_ptr<T[]>, shared_ptr<T[]>, and span<T, N>
        -: 1487:  template<typename _ToElementType, typename _FromElementType>
        -: 1488:    using __is_array_convertible
        -: 1489:      = is_convertible<_FromElementType(*)[], _ToElementType(*)[]>;
        -: 1490:
        -: 1491:  template<typename _From, typename _To,
        -: 1492:           bool = __or_<is_void<_From>, is_function<_To>,
        -: 1493:                        is_array<_To>>::value>
        -: 1494:    struct __is_nt_convertible_helper
        -: 1495:    : is_void<_To>
        -: 1496:    { };
        -: 1497:
        -: 1498:#pragma GCC diagnostic push
        -: 1499:#pragma GCC diagnostic ignored "-Wctor-dtor-privacy"
        -: 1500:  template<typename _From, typename _To>
        -: 1501:    class __is_nt_convertible_helper<_From, _To, false>
        -: 1502:    {
        -: 1503:      template<typename _To1>
        -: 1504:	static void __test_aux(_To1) noexcept;
        -: 1505:
        -: 1506:      template<typename _From1, typename _To1>
        -: 1507:	static
        -: 1508:	__bool_constant<noexcept(__test_aux<_To1>(std::declval<_From1>()))>
        -: 1509:	__test(int);
        -: 1510:
        -: 1511:      template<typename, typename>
        -: 1512:	static false_type
        -: 1513:	__test(...);
        -: 1514:
        -: 1515:    public:
        -: 1516:      using type = decltype(__test<_From, _To>(0));
        -: 1517:    };
        -: 1518:#pragma GCC diagnostic pop
        -: 1519:
        -: 1520:  // is_nothrow_convertible for C++11
        -: 1521:  template<typename _From, typename _To>
        -: 1522:    struct __is_nothrow_convertible
        -: 1523:    : public __is_nt_convertible_helper<_From, _To>::type
        -: 1524:    { };
        -: 1525:
        -: 1526:#if __cplusplus > 201703L
        -: 1527:#define __cpp_lib_is_nothrow_convertible 201806L
        -: 1528:  /// is_nothrow_convertible
        -: 1529:  template<typename _From, typename _To>
        -: 1530:    struct is_nothrow_convertible
        -: 1531:    : public __is_nt_convertible_helper<_From, _To>::type
        -: 1532:    { };
        -: 1533:
        -: 1534:  /// is_nothrow_convertible_v
        -: 1535:  template<typename _From, typename _To>
        -: 1536:    inline constexpr bool is_nothrow_convertible_v
        -: 1537:      = is_nothrow_convertible<_From, _To>::value;
        -: 1538:#endif // C++2a
        -: 1539:
        -: 1540:  // Const-volatile modifications.
        -: 1541:
        -: 1542:  /// remove_const
        -: 1543:  template<typename _Tp>
        -: 1544:    struct remove_const
        -: 1545:    { typedef _Tp     type; };
        -: 1546:
        -: 1547:  template<typename _Tp>
        -: 1548:    struct remove_const<_Tp const>
        -: 1549:    { typedef _Tp     type; };
        -: 1550:
        -: 1551:  /// remove_volatile
        -: 1552:  template<typename _Tp>
        -: 1553:    struct remove_volatile
        -: 1554:    { typedef _Tp     type; };
        -: 1555:
        -: 1556:  template<typename _Tp>
        -: 1557:    struct remove_volatile<_Tp volatile>
        -: 1558:    { typedef _Tp     type; };
        -: 1559:
        -: 1560:  /// remove_cv
        -: 1561:  template<typename _Tp>
        -: 1562:    struct remove_cv
        -: 1563:    { using type = _Tp; };
        -: 1564:
        -: 1565:  template<typename _Tp>
        -: 1566:    struct remove_cv<const _Tp>
        -: 1567:    { using type = _Tp; };
        -: 1568:
        -: 1569:  template<typename _Tp>
        -: 1570:    struct remove_cv<volatile _Tp>
        -: 1571:    { using type = _Tp; };
        -: 1572:
        -: 1573:  template<typename _Tp>
        -: 1574:    struct remove_cv<const volatile _Tp>
        -: 1575:    { using type = _Tp; };
        -: 1576:
        -: 1577:  /// add_const
        -: 1578:  template<typename _Tp>
        -: 1579:    struct add_const
        -: 1580:    { typedef _Tp const     type; };
        -: 1581:
        -: 1582:  /// add_volatile
        -: 1583:  template<typename _Tp>
        -: 1584:    struct add_volatile
        -: 1585:    { typedef _Tp volatile     type; };
        -: 1586:
        -: 1587:  /// add_cv
        -: 1588:  template<typename _Tp>
        -: 1589:    struct add_cv
        -: 1590:    {
        -: 1591:      typedef typename
        -: 1592:      add_const<typename add_volatile<_Tp>::type>::type     type;
        -: 1593:    };
        -: 1594:
        -: 1595:#if __cplusplus > 201103L
        -: 1596:
        -: 1597:#define __cpp_lib_transformation_trait_aliases 201304L
        -: 1598:
        -: 1599:  /// Alias template for remove_const
        -: 1600:  template<typename _Tp>
        -: 1601:    using remove_const_t = typename remove_const<_Tp>::type;
        -: 1602:
        -: 1603:  /// Alias template for remove_volatile
        -: 1604:  template<typename _Tp>
        -: 1605:    using remove_volatile_t = typename remove_volatile<_Tp>::type;
        -: 1606:
        -: 1607:  /// Alias template for remove_cv
        -: 1608:  template<typename _Tp>
        -: 1609:    using remove_cv_t = typename remove_cv<_Tp>::type;
        -: 1610:
        -: 1611:  /// Alias template for add_const
        -: 1612:  template<typename _Tp>
        -: 1613:    using add_const_t = typename add_const<_Tp>::type;
        -: 1614:
        -: 1615:  /// Alias template for add_volatile
        -: 1616:  template<typename _Tp>
        -: 1617:    using add_volatile_t = typename add_volatile<_Tp>::type;
        -: 1618:
        -: 1619:  /// Alias template for add_cv
        -: 1620:  template<typename _Tp>
        -: 1621:    using add_cv_t = typename add_cv<_Tp>::type;
        -: 1622:#endif
        -: 1623:
        -: 1624:  // Reference transformations.
        -: 1625:
        -: 1626:  /// remove_reference
        -: 1627:  template<typename _Tp>
        -: 1628:    struct remove_reference
        -: 1629:    { typedef _Tp   type; };
        -: 1630:
        -: 1631:  template<typename _Tp>
        -: 1632:    struct remove_reference<_Tp&>
        -: 1633:    { typedef _Tp   type; };
        -: 1634:
        -: 1635:  template<typename _Tp>
        -: 1636:    struct remove_reference<_Tp&&>
        -: 1637:    { typedef _Tp   type; };
        -: 1638:
        -: 1639:  template<typename _Tp, bool = __is_referenceable<_Tp>::value>
        -: 1640:    struct __add_lvalue_reference_helper
        -: 1641:    { typedef _Tp   type; };
        -: 1642:
        -: 1643:  template<typename _Tp>
        -: 1644:    struct __add_lvalue_reference_helper<_Tp, true>
        -: 1645:    { typedef _Tp&   type; };
        -: 1646:
        -: 1647:  /// add_lvalue_reference
        -: 1648:  template<typename _Tp>
        -: 1649:    struct add_lvalue_reference
        -: 1650:    : public __add_lvalue_reference_helper<_Tp>
        -: 1651:    { };
        -: 1652:
        -: 1653:  template<typename _Tp, bool = __is_referenceable<_Tp>::value>
        -: 1654:    struct __add_rvalue_reference_helper
        -: 1655:    { typedef _Tp   type; };
        -: 1656:
        -: 1657:  template<typename _Tp>
        -: 1658:    struct __add_rvalue_reference_helper<_Tp, true>
        -: 1659:    { typedef _Tp&&   type; };
        -: 1660:
        -: 1661:  /// add_rvalue_reference
        -: 1662:  template<typename _Tp>
        -: 1663:    struct add_rvalue_reference
        -: 1664:    : public __add_rvalue_reference_helper<_Tp>
        -: 1665:    { };
        -: 1666:
        -: 1667:#if __cplusplus > 201103L
        -: 1668:  /// Alias template for remove_reference
        -: 1669:  template<typename _Tp>
        -: 1670:    using remove_reference_t = typename remove_reference<_Tp>::type;
        -: 1671:
        -: 1672:  /// Alias template for add_lvalue_reference
        -: 1673:  template<typename _Tp>
        -: 1674:    using add_lvalue_reference_t = typename add_lvalue_reference<_Tp>::type;
        -: 1675:
        -: 1676:  /// Alias template for add_rvalue_reference
        -: 1677:  template<typename _Tp>
        -: 1678:    using add_rvalue_reference_t = typename add_rvalue_reference<_Tp>::type;
        -: 1679:#endif
        -: 1680:
        -: 1681:  // Sign modifications.
        -: 1682:
        -: 1683:  /// @cond undocumented
        -: 1684:
        -: 1685:  // Utility for constructing identically cv-qualified types.
        -: 1686:  template<typename _Unqualified, bool _IsConst, bool _IsVol>
        -: 1687:    struct __cv_selector;
        -: 1688:
        -: 1689:  template<typename _Unqualified>
        -: 1690:    struct __cv_selector<_Unqualified, false, false>
        -: 1691:    { typedef _Unqualified __type; };
        -: 1692:
        -: 1693:  template<typename _Unqualified>
        -: 1694:    struct __cv_selector<_Unqualified, false, true>
        -: 1695:    { typedef volatile _Unqualified __type; };
        -: 1696:
        -: 1697:  template<typename _Unqualified>
        -: 1698:    struct __cv_selector<_Unqualified, true, false>
        -: 1699:    { typedef const _Unqualified __type; };
        -: 1700:
        -: 1701:  template<typename _Unqualified>
        -: 1702:    struct __cv_selector<_Unqualified, true, true>
        -: 1703:    { typedef const volatile _Unqualified __type; };
        -: 1704:
        -: 1705:  template<typename _Qualified, typename _Unqualified,
        -: 1706:	   bool _IsConst = is_const<_Qualified>::value,
        -: 1707:	   bool _IsVol = is_volatile<_Qualified>::value>
        -: 1708:    class __match_cv_qualifiers
        -: 1709:    {
        -: 1710:      typedef __cv_selector<_Unqualified, _IsConst, _IsVol> __match;
        -: 1711:
        -: 1712:    public:
        -: 1713:      typedef typename __match::__type __type;
        -: 1714:    };
        -: 1715:
        -: 1716:  // Utility for finding the unsigned versions of signed integral types.
        -: 1717:  template<typename _Tp>
        -: 1718:    struct __make_unsigned
        -: 1719:    { typedef _Tp __type; };
        -: 1720:
        -: 1721:  template<>
        -: 1722:    struct __make_unsigned<char>
        -: 1723:    { typedef unsigned char __type; };
        -: 1724:
        -: 1725:  template<>
        -: 1726:    struct __make_unsigned<signed char>
        -: 1727:    { typedef unsigned char __type; };
        -: 1728:
        -: 1729:  template<>
        -: 1730:    struct __make_unsigned<short>
        -: 1731:    { typedef unsigned short __type; };
        -: 1732:
        -: 1733:  template<>
        -: 1734:    struct __make_unsigned<int>
        -: 1735:    { typedef unsigned int __type; };
        -: 1736:
        -: 1737:  template<>
        -: 1738:    struct __make_unsigned<long>
        -: 1739:    { typedef unsigned long __type; };
        -: 1740:
        -: 1741:  template<>
        -: 1742:    struct __make_unsigned<long long>
        -: 1743:    { typedef unsigned long long __type; };
        -: 1744:
        -: 1745:#if defined(__GLIBCXX_TYPE_INT_N_0)
        -: 1746:  __extension__
        -: 1747:  template<>
        -: 1748:    struct __make_unsigned<__GLIBCXX_TYPE_INT_N_0>
        -: 1749:    { typedef unsigned __GLIBCXX_TYPE_INT_N_0 __type; };
        -: 1750:#endif
        -: 1751:#if defined(__GLIBCXX_TYPE_INT_N_1)
        -: 1752:  __extension__
        -: 1753:  template<>
        -: 1754:    struct __make_unsigned<__GLIBCXX_TYPE_INT_N_1>
        -: 1755:    { typedef unsigned __GLIBCXX_TYPE_INT_N_1 __type; };
        -: 1756:#endif
        -: 1757:#if defined(__GLIBCXX_TYPE_INT_N_2)
        -: 1758:  __extension__
        -: 1759:  template<>
        -: 1760:    struct __make_unsigned<__GLIBCXX_TYPE_INT_N_2>
        -: 1761:    { typedef unsigned __GLIBCXX_TYPE_INT_N_2 __type; };
        -: 1762:#endif
        -: 1763:#if defined(__GLIBCXX_TYPE_INT_N_3)
        -: 1764:  __extension__
        -: 1765:  template<>
        -: 1766:    struct __make_unsigned<__GLIBCXX_TYPE_INT_N_3>
        -: 1767:    { typedef unsigned __GLIBCXX_TYPE_INT_N_3 __type; };
        -: 1768:#endif
        -: 1769:
        -: 1770:  // Select between integral and enum: not possible to be both.
        -: 1771:  template<typename _Tp,
        -: 1772:	   bool _IsInt = is_integral<_Tp>::value,
        -: 1773:	   bool _IsEnum = is_enum<_Tp>::value>
        -: 1774:    class __make_unsigned_selector;
        -: 1775:
        -: 1776:  template<typename _Tp>
        -: 1777:    class __make_unsigned_selector<_Tp, true, false>
        -: 1778:    {
        -: 1779:      using __unsigned_type
        -: 1780:	= typename __make_unsigned<__remove_cv_t<_Tp>>::__type;
        -: 1781:
        -: 1782:    public:
        -: 1783:      using __type
        -: 1784:	= typename __match_cv_qualifiers<_Tp, __unsigned_type>::__type;
        -: 1785:    };
        -: 1786:
        -: 1787:  class __make_unsigned_selector_base
        -: 1788:  {
        -: 1789:  protected:
        -: 1790:    template<typename...> struct _List { };
        -: 1791:
        -: 1792:    template<typename _Tp, typename... _Up>
        -: 1793:      struct _List<_Tp, _Up...> : _List<_Up...>
        -: 1794:      { static constexpr size_t __size = sizeof(_Tp); };
        -: 1795:
        -: 1796:    template<size_t _Sz, typename _Tp, bool = (_Sz <= _Tp::__size)>
        -: 1797:      struct __select;
        -: 1798:
        -: 1799:    template<size_t _Sz, typename _Uint, typename... _UInts>
        -: 1800:      struct __select<_Sz, _List<_Uint, _UInts...>, true>
        -: 1801:      { using __type = _Uint; };
        -: 1802:
        -: 1803:    template<size_t _Sz, typename _Uint, typename... _UInts>
        -: 1804:      struct __select<_Sz, _List<_Uint, _UInts...>, false>
        -: 1805:      : __select<_Sz, _List<_UInts...>>
        -: 1806:      { };
        -: 1807:  };
        -: 1808:
        -: 1809:  // Choose unsigned integer type with the smallest rank and same size as _Tp
        -: 1810:  template<typename _Tp>
        -: 1811:    class __make_unsigned_selector<_Tp, false, true>
        -: 1812:    : __make_unsigned_selector_base
        -: 1813:    {
        -: 1814:      // With -fshort-enums, an enum may be as small as a char.
[...]
        -: 3284:  inline constexpr bool is_convertible_v = is_convertible<_From, _To>::value;
        -: 3285:template<typename _Fn, typename... _Args>
        -: 3286:  inline constexpr bool is_invocable_v = is_invocable<_Fn, _Args...>::value;
        -: 3287:template<typename _Fn, typename... _Args>
        -: 3288:  inline constexpr bool is_nothrow_invocable_v
        -: 3289:    = is_nothrow_invocable<_Fn, _Args...>::value;
        -: 3290:template<typename _Ret, typename _Fn, typename... _Args>
        -: 3291:  inline constexpr bool is_invocable_r_v
        -: 3292:    = is_invocable_r<_Ret, _Fn, _Args...>::value;
        -: 3293:template<typename _Ret, typename _Fn, typename... _Args>
        -: 3294:  inline constexpr bool is_nothrow_invocable_r_v
        -: 3295:    = is_nothrow_invocable_r<_Ret, _Fn, _Args...>::value;
        -: 3296:/// @}
        -: 3297:
        -: 3298:#ifdef _GLIBCXX_HAVE_BUILTIN_HAS_UNIQ_OBJ_REP
        -: 3299:# define __cpp_lib_has_unique_object_representations 201606L
        -: 3300:  /// has_unique_object_representations
        -: 3301:  /// @since C++17
        -: 3302:  template<typename _Tp>
        -: 3303:    struct has_unique_object_representations
        -: 3304:    : bool_constant<__has_unique_object_representations(
        -: 3305:      remove_cv_t<remove_all_extents_t<_Tp>>
        -: 3306:      )>
        -: 3307:    {
        -: 3308:      static_assert(std::__is_complete_or_unbounded(__type_identity<_Tp>{}),
        -: 3309:	"template argument must be a complete class or an unbounded array");
        -: 3310:    };
        -: 3311:
        -: 3312:  /// @ingroup variable_templates
        -: 3313:  template<typename _Tp>
        -: 3314:    inline constexpr bool has_unique_object_representations_v
        -: 3315:      = has_unique_object_representations<_Tp>::value;
        -: 3316:#endif
        -: 3317:
        -: 3318:#ifdef _GLIBCXX_HAVE_BUILTIN_IS_AGGREGATE
        -: 3319:# define __cpp_lib_is_aggregate 201703L
        -: 3320:  /// is_aggregate
        -: 3321:  /// @since C++17
        -: 3322:  template<typename _Tp>
        -: 3323:    struct is_aggregate
        -: 3324:    : bool_constant<__is_aggregate(remove_cv_t<_Tp>)>
        -: 3325:    { };
        -: 3326:
        -: 3327:  /// @ingroup variable_templates
        -: 3328:  template<typename _Tp>
        -: 3329:    inline constexpr bool is_aggregate_v = is_aggregate<_Tp>::value;
        -: 3330:#endif
        -: 3331:#endif // C++17
        -: 3332:
        -: 3333:#if __cplusplus >= 202002L
        -: 3334:
        -: 3335:  /** * Remove references and cv-qualifiers.
        -: 3336:   * @since C++20
        -: 3337:   * @{
        -: 3338:   */
        -: 3339:#define __cpp_lib_remove_cvref 201711L
        -: 3340:
        -: 3341:  template<typename _Tp>
        -: 3342:    struct remove_cvref
        -: 3343:    : remove_cv<_Tp>
        -: 3344:    { };
        -: 3345:
        -: 3346:  template<typename _Tp>
        -: 3347:    struct remove_cvref<_Tp&>
        -: 3348:    : remove_cv<_Tp>
        -: 3349:    { };
        -: 3350:
        -: 3351:  template<typename _Tp>
        -: 3352:    struct remove_cvref<_Tp&&>
        -: 3353:    : remove_cv<_Tp>
        -: 3354:    { };
        -: 3355:
        -: 3356:  template<typename _Tp>
        -: 3357:    using remove_cvref_t = typename remove_cvref<_Tp>::type;
        -: 3358:  /// @}
        -: 3359:
        -: 3360:  /** * Identity metafunction.
        -: 3361:   * @since C++20
        -: 3362:   * @{
        -: 3363:   */
        -: 3364:#define __cpp_lib_type_identity 201806L
        -: 3365:  template<typename _Tp>
        -: 3366:    struct type_identity { using type = _Tp; };
        -: 3367:
        -: 3368:  template<typename _Tp>
        -: 3369:    using type_identity_t = typename type_identity<_Tp>::type;
        -: 3370:  /// @}
        -: 3371:
        -: 3372:#define __cpp_lib_unwrap_ref 201811L
        -: 3373:
        -: 3374:  /** Unwrap a reference_wrapper
        -: 3375:   * @since C++20
        -: 3376:   * @{
        -: 3377:   */
        -: 3378:  template<typename _Tp>
        -: 3379:    struct unwrap_reference { using type = _Tp; };
        -: 3380:
        -: 3381:  template<typename _Tp>
        -: 3382:    struct unwrap_reference<reference_wrapper<_Tp>> { using type = _Tp&; };
        -: 3383:
        -: 3384:  template<typename _Tp>
        -: 3385:    using unwrap_reference_t = typename unwrap_reference<_Tp>::type;
        -: 3386:  /// @}
        -: 3387:
        -: 3388:  /** Decay type and if it's a reference_wrapper, unwrap it
        -: 3389:   * @since C++20
        -: 3390:   * @{
        -: 3391:   */
        -: 3392:  template<typename _Tp>
        -: 3393:    struct unwrap_ref_decay { using type = unwrap_reference_t<decay_t<_Tp>>; };
        -: 3394:
        -: 3395:  template<typename _Tp>
        -: 3396:    using unwrap_ref_decay_t = typename unwrap_ref_decay<_Tp>::type;
        -: 3397:  /// @}
        -: 3398:
        -: 3399:#define __cpp_lib_bounded_array_traits 201902L
        -: 3400:
        -: 3401:  /// True for a type that is an array of known bound.
        -: 3402:  /// @since C++20
        -: 3403:  template<typename _Tp>
        -: 3404:    struct is_bounded_array
        -: 3405:    : public __is_array_known_bounds<_Tp>
        -: 3406:    { };
        -: 3407:
        -: 3408:  /// True for a type that is an array of unknown bound.
        -: 3409:  /// @since C++20
        -: 3410:  template<typename _Tp>
        -: 3411:    struct is_unbounded_array
        -: 3412:    : public __is_array_unknown_bounds<_Tp>
        -: 3413:    { };
        -: 3414:
        -: 3415:  /// @ingroup variable_templates
        -: 3416:  /// @since C++20
        -: 3417:  template<typename _Tp>
        -: 3418:    inline constexpr bool is_bounded_array_v
        -: 3419:      = is_bounded_array<_Tp>::value;
        -: 3420:
        -: 3421:  /// @ingroup variable_templates
        -: 3422:  /// @since C++20
        -: 3423:  template<typename _Tp>
        -: 3424:    inline constexpr bool is_unbounded_array_v
        -: 3425:      = is_unbounded_array<_Tp>::value;
        -: 3426:
        -: 3427:#if __has_builtin(__is_layout_compatible)
        -: 3428:
        -: 3429:  /// @since C++20
        -: 3430:  template<typename _Tp, typename _Up>
        -: 3431:    struct is_layout_compatible
        -: 3432:    : bool_constant<__is_layout_compatible(_Tp, _Up)>
        -: 3433:    { };
        -: 3434:
        -: 3435:  /// @ingroup variable_templates
        -: 3436:  /// @since C++20
        -: 3437:  template<typename _Tp, typename _Up>
        -: 3438:    constexpr bool is_layout_compatible_v
        -: 3439:      = __is_layout_compatible(_Tp, _Up);
        -: 3440:
        -: 3441:#if __has_builtin(__builtin_is_corresponding_member)
        -: 3442:#define __cpp_lib_is_layout_compatible 201907L
        -: 3443:
        -: 3444:  /// @since C++20
        -: 3445:  template<typename _S1, typename _S2, typename _M1, typename _M2>
        -: 3446:    constexpr bool
        -: 3447:    is_corresponding_member(_M1 _S1::*__m1, _M2 _S2::*__m2) noexcept
        -: 3448:    { return __builtin_is_corresponding_member(__m1, __m2); }
        -: 3449:#endif
        -: 3450:#endif
        -: 3451:
        -: 3452:#if __has_builtin(__is_pointer_interconvertible_base_of)
        -: 3453:  /// True if `_Derived` is standard-layout and has a base class of type `_Base`
        -: 3454:  /// @since C++20
        -: 3455:  template<typename _Base, typename _Derived>
        -: 3456:    struct is_pointer_interconvertible_base_of
        -: 3457:    : bool_constant<__is_pointer_interconvertible_base_of(_Base, _Derived)>
        -: 3458:    { };
        -: 3459:
        -: 3460:  /// @ingroup variable_templates
        -: 3461:  /// @since C++20
        -: 3462:  template<typename _Base, typename _Derived>
        -: 3463:    constexpr bool is_pointer_interconvertible_base_of_v
        -: 3464:      = __is_pointer_interconvertible_base_of(_Base, _Derived);
        -: 3465:
        -: 3466:#if __has_builtin(__builtin_is_pointer_interconvertible_with_class)
        -: 3467:#define __cpp_lib_is_pointer_interconvertible 201907L
        -: 3468:
        -: 3469:  /// True if `__mp` points to the first member of a standard-layout type
        -: 3470:  /// @returns true if `s.*__mp` is pointer-interconvertible with `s`
        -: 3471:  /// @since C++20
        -: 3472:  template<typename _Tp, typename _Mem>
        -: 3473:    constexpr bool
        -: 3474:    is_pointer_interconvertible_with_class(_Mem _Tp::*__mp) noexcept
        -: 3475:    { return __builtin_is_pointer_interconvertible_with_class(__mp); }
        -: 3476:#endif
        -: 3477:#endif
        -: 3478:
        -: 3479:#if __cplusplus > 202002L
        -: 3480:#define __cpp_lib_is_scoped_enum 202011L
        -: 3481:
        -: 3482:  /// True if the type is a scoped enumeration type.
        -: 3483:  /// @since C++23
        -: 3484:
        -: 3485:  template<typename _Tp>
        -: 3486:    struct is_scoped_enum
        -: 3487:    : false_type
        -: 3488:    { };
        -: 3489:
        -: 3490:  template<typename _Tp>
        -: 3491:    requires __is_enum(_Tp)
        -: 3492:    && requires(_Tp __t) { __t = __t; } // fails if incomplete
        -: 3493:    struct is_scoped_enum<_Tp>
        -: 3494:    : bool_constant<!requires(_Tp __t, void(*__f)(int)) { __f(__t); }>
        -: 3495:    { };
        -: 3496:
        -: 3497:  // FIXME remove this partial specialization and use remove_cv_t<_Tp> above
        -: 3498:  // when PR c++/99968 is fixed.
        -: 3499:  template<typename _Tp>
        -: 3500:    requires __is_enum(_Tp)
        -: 3501:    && requires(_Tp __t) { __t = __t; } // fails if incomplete
        -: 3502:    struct is_scoped_enum<const _Tp>
        -: 3503:    : bool_constant<!requires(_Tp __t, void(*__f)(int)) { __f(__t); }>
        -: 3504:    { };
        -: 3505:
        -: 3506:  /// @ingroup variable_templates
        -: 3507:  /// @since C++23
        -: 3508:  template<typename _Tp>
        -: 3509:    inline constexpr bool is_scoped_enum_v = is_scoped_enum<_Tp>::value;
        -: 3510:
        -: 3511:#endif // C++23
        -: 3512:
        -: 3513:#if _GLIBCXX_HAVE_IS_CONSTANT_EVALUATED
        -: 3514:#define __cpp_lib_is_constant_evaluated 201811L
        -: 3515:
        -: 3516:  /// Returns true only when called during constant evaluation.
        -: 3517:  /// @since C++20
        -: 3518:  constexpr inline bool
        -: 3519:  is_constant_evaluated() noexcept
        -: 3520:  {
        -: 3521:#if __cpp_if_consteval >= 202106L
        -: 3522:    if consteval { return true; } else { return false; }
        -: 3523:#else
        -: 3524:    return __builtin_is_constant_evaluated();
        -: 3525:#endif
        -: 3526:  }
        -: 3527:#endif
        -: 3528:
        -: 3529:  /// @cond undocumented
        -: 3530:  template<typename _From, typename _To>
        -: 3531:    using __copy_cv = typename __match_cv_qualifiers<_From, _To>::__type;
        -: 3532:
        -: 3533:  template<typename _Xp, typename _Yp>
        -: 3534:    using __cond_res
        -: 3535:      = decltype(false ? declval<_Xp(&)()>()() : declval<_Yp(&)()>()());
        -: 3536:
        -: 3537:  template<typename _Ap, typename _Bp, typename = void>
        -: 3538:    struct __common_ref_impl
        -: 3539:    { };
        -: 3540:
        -: 3541:  // [meta.trans.other], COMMON-REF(A, B)
        -: 3542:  template<typename _Ap, typename _Bp>
        -: 3543:    using __common_ref = typename __common_ref_impl<_Ap, _Bp>::type;
        -: 3544:
        -: 3545:  // COND-RES(COPYCV(X, Y) &, COPYCV(Y, X) &)
        -: 3546:  template<typename _Xp, typename _Yp>
        -: 3547:    using __condres_cvref
        -: 3548:      = __cond_res<__copy_cv<_Xp, _Yp>&, __copy_cv<_Yp, _Xp>&>;
        -: 3549:
        -: 3550:  // If A and B are both lvalue reference types, ...
        -: 3551:  template<typename _Xp, typename _Yp>
        -: 3552:    struct __common_ref_impl<_Xp&, _Yp&, __void_t<__condres_cvref<_Xp, _Yp>>>
        -: 3553:    : enable_if<is_reference_v<__condres_cvref<_Xp, _Yp>>,
        -: 3554:		__condres_cvref<_Xp, _Yp>>
        -: 3555:    { };
        -: 3556:
        -: 3557:  // let C be remove_reference_t<COMMON-REF(X&, Y&)>&&
        -: 3558:  template<typename _Xp, typename _Yp>
        -: 3559:    using __common_ref_C = remove_reference_t<__common_ref<_Xp&, _Yp&>>&&;
        -: 3560:
        -: 3561:  // If A and B are both rvalue reference types, ...
        -: 3562:  template<typename _Xp, typename _Yp>
        -: 3563:    struct __common_ref_impl<_Xp&&, _Yp&&,
        -: 3564:      _Require<is_convertible<_Xp&&, __common_ref_C<_Xp, _Yp>>,
        -: 3565:	       is_convertible<_Yp&&, __common_ref_C<_Xp, _Yp>>>>
        -: 3566:    { using type = __common_ref_C<_Xp, _Yp>; };
        -: 3567:
        -: 3568:  // let D be COMMON-REF(const X&, Y&)
        -: 3569:  template<typename _Xp, typename _Yp>
        -: 3570:    using __common_ref_D = __common_ref<const _Xp&, _Yp&>;
        -: 3571:
        -: 3572:  // If A is an rvalue reference and B is an lvalue reference, ...
        -: 3573:  template<typename _Xp, typename _Yp>
        -: 3574:    struct __common_ref_impl<_Xp&&, _Yp&,
        -: 3575:      _Require<is_convertible<_Xp&&, __common_ref_D<_Xp, _Yp>>>>
        -: 3576:    { using type = __common_ref_D<_Xp, _Yp>; };
        -: 3577:
        -: 3578:  // If A is an lvalue reference and B is an rvalue reference, ...
        -: 3579:  template<typename _Xp, typename _Yp>
        -: 3580:    struct __common_ref_impl<_Xp&, _Yp&&>
        -: 3581:    : __common_ref_impl<_Yp&&, _Xp&>
        -: 3582:    { };
        -: 3583:  /// @endcond
        -: 3584:
        -: 3585:  template<typename _Tp, typename _Up,
        -: 3586:	   template<typename> class _TQual, template<typename> class _UQual>
        -: 3587:    struct basic_common_reference
        -: 3588:    { };
        -: 3589:
        -: 3590:  /// @cond undocumented
        -: 3591:  template<typename _Tp>
        -: 3592:    struct __xref
        -: 3593:    { template<typename _Up> using __type = __copy_cv<_Tp, _Up>; };
        -: 3594:
        -: 3595:  template<typename _Tp>
        -: 3596:    struct __xref<_Tp&>
        -: 3597:    { template<typename _Up> using __type = __copy_cv<_Tp, _Up>&; };
        -: 3598:
        -: 3599:  template<typename _Tp>
        -: 3600:    struct __xref<_Tp&&>
        -: 3601:    { template<typename _Up> using __type = __copy_cv<_Tp, _Up>&&; };
        -: 3602:
        -: 3603:  template<typename _Tp1, typename _Tp2>
        -: 3604:    using __basic_common_ref
        -: 3605:      = typename basic_common_reference<remove_cvref_t<_Tp1>,
        -: 3606:					remove_cvref_t<_Tp2>,
        -: 3607:					__xref<_Tp1>::template __type,
        -: 3608:					__xref<_Tp2>::template __type>::type;
        -: 3609:  /// @endcond
        -: 3610:
        -: 3611:  template<typename... _Tp>
        -: 3612:    struct common_reference;
        -: 3613:
        -: 3614:  template<typename... _Tp>
        -: 3615:    using common_reference_t = typename common_reference<_Tp...>::type;
        -: 3616:
        -: 3617:  // If sizeof...(T) is zero, there shall be no member type.
        -: 3618:  template<>
        -: 3619:    struct common_reference<>
        -: 3620:    { };
        -: 3621:
        -: 3622:  // If sizeof...(T) is one ...
        -: 3623:  template<typename _Tp0>
        -: 3624:    struct common_reference<_Tp0>
        -: 3625:    { using type = _Tp0; };
        -: 3626:
        -: 3627:  /// @cond undocumented
        -: 3628:  template<typename _Tp1, typename _Tp2, int _Bullet = 1, typename = void>
        -: 3629:    struct __common_reference_impl
        -: 3630:    : __common_reference_impl<_Tp1, _Tp2, _Bullet + 1>
        -: 3631:    { };
        -: 3632:
        -: 3633:  // If sizeof...(T) is two ...
        -: 3634:  template<typename _Tp1, typename _Tp2>
        -: 3635:    struct common_reference<_Tp1, _Tp2>
        -: 3636:    : __common_reference_impl<_Tp1, _Tp2>
        -: 3637:    { };
        -: 3638:
        -: 3639:  // If T1 and T2 are reference types and COMMON-REF(T1, T2) is well-formed, ...
        -: 3640:  template<typename _Tp1, typename _Tp2>
        -: 3641:    struct __common_reference_impl<_Tp1&, _Tp2&, 1,
        -: 3642:				   void_t<__common_ref<_Tp1&, _Tp2&>>>
        -: 3643:    { using type = __common_ref<_Tp1&, _Tp2&>; };
        -: 3644:
        -: 3645:  template<typename _Tp1, typename _Tp2>
        -: 3646:    struct __common_reference_impl<_Tp1&&, _Tp2&&, 1,
        -: 3647:				   void_t<__common_ref<_Tp1&&, _Tp2&&>>>
        -: 3648:    { using type = __common_ref<_Tp1&&, _Tp2&&>; };
        -: 3649:
        -: 3650:  template<typename _Tp1, typename _Tp2>
        -: 3651:    struct __common_reference_impl<_Tp1&, _Tp2&&, 1,
        -: 3652:				   void_t<__common_ref<_Tp1&, _Tp2&&>>>
        -: 3653:    { using type = __common_ref<_Tp1&, _Tp2&&>; };
        -: 3654:
        -: 3655:  template<typename _Tp1, typename _Tp2>
        -: 3656:    struct __common_reference_impl<_Tp1&&, _Tp2&, 1,
        -: 3657:				   void_t<__common_ref<_Tp1&&, _Tp2&>>>
        -: 3658:    { using type = __common_ref<_Tp1&&, _Tp2&>; };
        -: 3659:
        -: 3660:  // Otherwise, if basic_common_reference<...>::type is well-formed, ...
        -: 3661:  template<typename _Tp1, typename _Tp2>
        -: 3662:    struct __common_reference_impl<_Tp1, _Tp2, 2,
        -: 3663:				   void_t<__basic_common_ref<_Tp1, _Tp2>>>
        -: 3664:    { using type = __basic_common_ref<_Tp1, _Tp2>; };
        -: 3665:
        -: 3666:  // Otherwise, if COND-RES(T1, T2) is well-formed, ...
        -: 3667:  template<typename _Tp1, typename _Tp2>
        -: 3668:    struct __common_reference_impl<_Tp1, _Tp2, 3,
        -: 3669:				   void_t<__cond_res<_Tp1, _Tp2>>>
        -: 3670:    { using type = __cond_res<_Tp1, _Tp2>; };
        -: 3671:
        -: 3672:  // Otherwise, if common_type_t<T1, T2> is well-formed, ...
        -: 3673:  template<typename _Tp1, typename _Tp2>
        -: 3674:    struct __common_reference_impl<_Tp1, _Tp2, 4,
        -: 3675:				   void_t<common_type_t<_Tp1, _Tp2>>>
        -: 3676:    { using type = common_type_t<_Tp1, _Tp2>; };
        -: 3677:
        -: 3678:  // Otherwise, there shall be no member type.
        -: 3679:  template<typename _Tp1, typename _Tp2>
        -: 3680:    struct __common_reference_impl<_Tp1, _Tp2, 5, void>
        -: 3681:    { };
        -: 3682:
        -: 3683:  // Otherwise, if sizeof...(T) is greater than two, ...
        -: 3684:  template<typename _Tp1, typename _Tp2, typename... _Rest>
        -: 3685:    struct common_reference<_Tp1, _Tp2, _Rest...>
        -: 3686:    : __common_type_fold<common_reference<_Tp1, _Tp2>,
        -: 3687:			 __common_type_pack<_Rest...>>
        -: 3688:    { };
        -: 3689:
        -: 3690:  // Reuse __common_type_fold for common_reference<T1, T2, Rest...>
        -: 3691:  template<typename _Tp1, typename _Tp2, typename... _Rest>
        -: 3692:    struct __common_type_fold<common_reference<_Tp1, _Tp2>,
        -: 3693:			      __common_type_pack<_Rest...>,
        -: 3694:			      void_t<common_reference_t<_Tp1, _Tp2>>>
        -: 3695:    : public common_reference<common_reference_t<_Tp1, _Tp2>, _Rest...>
        -: 3696:    { };
        -: 3697:  /// @endcond
        -: 3698:
        -: 3699:#endif // C++2a
        -: 3700:
        -: 3701:  /// @} group metaprogramming
        -: 3702:
        -: 3703:_GLIBCXX_END_NAMESPACE_VERSION
        -: 3704:} // namespace std
        -: 3705:
        -: 3706:#endif  // C++11
        -: 3707:
        -: 3708:#endif  // _GLIBCXX_TYPE_TRAITS
