        -:    0:Source:/usr/include/c++/12/bits/stl_vector.h
        -:    0:Graph:/users/info/etu-2a/garnmael/R3.04/TPs/TP06/cmake-build-debug-coverage/_deps/googletest-build/googletest/CMakeFiles/gtest.dir/src/gtest-all.cc.gcno
        -:    0:Data:/users/info/etu-2a/garnmael/R3.04/TPs/TP06/cmake-build-debug-coverage/_deps/googletest-build/googletest/CMakeFiles/gtest.dir/src/gtest-all.cc.gcda
        -:    0:Runs:1
        -:    1:// Vector implementation -*- C++ -*-
        -:    2:
        -:    3:// Copyright (C) 2001-2022 Free Software Foundation, Inc.
        -:    4://
        -:    5:// This file is part of the GNU ISO C++ Library.  This library is free
        -:    6:// software; you can redistribute it and/or modify it under the
        -:    7:// terms of the GNU General Public License as published by the
        -:    8:// Free Software Foundation; either version 3, or (at your option)
        -:    9:// any later version.
        -:   10:
        -:   11:// This library is distributed in the hope that it will be useful,
        -:   12:// but WITHOUT ANY WARRANTY; without even the implied warranty of
        -:   13:// MERCHANTABILITY or FITNESS FOR A PARTICULAR PURPOSE.  See the
        -:   14:// GNU General Public License for more details.
        -:   15:
        -:   16:// Under Section 7 of GPL version 3, you are granted additional
        -:   17:// permissions described in the GCC Runtime Library Exception, version
        -:   18:// 3.1, as published by the Free Software Foundation.
        -:   19:
        -:   20:// You should have received a copy of the GNU General Public License and
        -:   21:// a copy of the GCC Runtime Library Exception along with this program;
        -:   22:// see the files COPYING3 and COPYING.RUNTIME respectively.  If not, see
        -:   23:// <http://www.gnu.org/licenses/>.
        -:   24:
        -:   25:/*
        -:   26: *
        -:   27: * Copyright (c) 1994
        -:   28: * Hewlett-Packard Company
        -:   29: *
        -:   30: * Permission to use, copy, modify, distribute and sell this software
        -:   31: * and its documentation for any purpose is hereby granted without fee,
        -:   32: * provided that the above copyright notice appear in all copies and
        -:   33: * that both that copyright notice and this permission notice appear
        -:   34: * in supporting documentation.  Hewlett-Packard Company makes no
        -:   35: * representations about the suitability of this software for any
        -:   36: * purpose.  It is provided "as is" without express or implied warranty.
        -:   37: *
        -:   38: *
        -:   39: * Copyright (c) 1996
        -:   40: * Silicon Graphics Computer Systems, Inc.
        -:   41: *
        -:   42: * Permission to use, copy, modify, distribute and sell this software
        -:   43: * and its documentation for any purpose is hereby granted without fee,
        -:   44: * provided that the above copyright notice appear in all copies and
        -:   45: * that both that copyright notice and this permission notice appear
        -:   46: * in supporting documentation.  Silicon Graphics makes no
        -:   47: * representations about the suitability of this  software for any
        -:   48: * purpose.  It is provided "as is" without express or implied warranty.
        -:   49: */
        -:   50:
        -:   51:/** @file bits/stl_vector.h
        -:   52: *  This is an internal header file, included by other library headers.
        -:   53: *  Do not attempt to use it directly. @headername{vector}
        -:   54: */
        -:   55:
        -:   56:#ifndef _STL_VECTOR_H
        -:   57:#define _STL_VECTOR_H 1
        -:   58:
        -:   59:#include <bits/stl_iterator_base_funcs.h>
        -:   60:#include <bits/functexcept.h>
        -:   61:#include <bits/concept_check.h>
        -:   62:#if __cplusplus >= 201103L
        -:   63:#include <initializer_list>
        -:   64:#endif
        -:   65:#if __cplusplus >= 202002L
        -:   66:# include <compare>
        -:   67:#define __cpp_lib_constexpr_vector 201907L
        -:   68:#endif
        -:   69:
        -:   70:#include <debug/assertions.h>
        -:   71:
        -:   72:#if _GLIBCXX_SANITIZE_STD_ALLOCATOR && _GLIBCXX_SANITIZE_VECTOR
        -:   73:extern "C" void
        -:   74:__sanitizer_annotate_contiguous_container(const void*, const void*,
        -:   75:					  const void*, const void*);
        -:   76:#endif
        -:   77:
        -:   78:namespace std _GLIBCXX_VISIBILITY(default)
        -:   79:{
        -:   80:_GLIBCXX_BEGIN_NAMESPACE_VERSION
        -:   81:_GLIBCXX_BEGIN_NAMESPACE_CONTAINER
        -:   82:
        -:   83:  /// See bits/stl_deque.h's _Deque_base for an explanation.
        -:   84:  template<typename _Tp, typename _Alloc>
        -:   85:    struct _Vector_base
        -:   86:    {
        -:   87:      typedef typename __gnu_cxx::__alloc_traits<_Alloc>::template
        -:   88:	rebind<_Tp>::other _Tp_alloc_type;
        -:   89:      typedef typename __gnu_cxx::__alloc_traits<_Tp_alloc_type>::pointer
        -:   90:       	pointer;
        -:   91:
        -:   92:      struct _Vector_impl_data
        -:   93:      {
        -:   94:	pointer _M_start;
        -:   95:	pointer _M_finish;
        -:   96:	pointer _M_end_of_storage;
        -:   97:
        -:   98:	_GLIBCXX20_CONSTEXPR
      50*:   99:	_Vector_impl_data() _GLIBCXX_NOEXCEPT
      50*:  100:	: _M_start(), _M_finish(), _M_end_of_storage()
      50*:  101:	{ }
------------------
_ZNSt12_Vector_baseIN7testing8internal9TraceInfoESaIS2_EE17_Vector_impl_dataC2Ev:
function _ZNSt12_Vector_baseIN7testing8internal9TraceInfoESaIS2_EE17_Vector_impl_dataC2Ev called 0 returned 0% blocks executed 0%
    #####:   99:	_Vector_impl_data() _GLIBCXX_NOEXCEPT
    #####:  100:	: _M_start(), _M_finish(), _M_end_of_storage()
    #####:  101:	{ }
------------------
_ZNSt12_Vector_baseISt6vectorIN7testing8internal13edit_distance8EditTypeESaIS4_EESaIS6_EE17_Vector_impl_dataC2Ev:
function _ZNSt12_Vector_baseISt6vectorIN7testing8internal13edit_distance8EditTypeESaIS4_EESaIS6_EE17_Vector_impl_dataC2Ev called 0 returned 0% blocks executed 0%
    #####:   99:	_Vector_impl_data() _GLIBCXX_NOEXCEPT
    #####:  100:	: _M_start(), _M_finish(), _M_end_of_storage()
    #####:  101:	{ }
------------------
_ZNSt12_Vector_baseISt6vectorIdSaIdEESaIS2_EE17_Vector_impl_dataC2Ev:
function _ZNSt12_Vector_baseISt6vectorIdSaIdEESaIS2_EE17_Vector_impl_dataC2Ev called 0 returned 0% blocks executed 0%
    #####:   99:	_Vector_impl_data() _GLIBCXX_NOEXCEPT
    #####:  100:	: _M_start(), _M_finish(), _M_end_of_storage()
    #####:  101:	{ }
------------------
_ZNSt12_Vector_baseIdSaIdEE17_Vector_impl_dataC2Ev:
function _ZNSt12_Vector_baseIdSaIdEE17_Vector_impl_dataC2Ev called 0 returned 0% blocks executed 0%
    #####:   99:	_Vector_impl_data() _GLIBCXX_NOEXCEPT
    #####:  100:	: _M_start(), _M_finish(), _M_end_of_storage()
    #####:  101:	{ }
------------------
_ZNSt12_Vector_baseIPN7testing9TestSuiteESaIS2_EE17_Vector_impl_dataC2Ev:
function _ZNSt12_Vector_baseIPN7testing9TestSuiteESaIS2_EE17_Vector_impl_dataC2Ev called 1 returned 100% blocks executed 100%
        1:   99:	_Vector_impl_data() _GLIBCXX_NOEXCEPT
        1:  100:	: _M_start(), _M_finish(), _M_end_of_storage()
        1:  101:	{ }
------------------
_ZNSt12_Vector_baseIPN7testing11EnvironmentESaIS2_EE17_Vector_impl_dataC2Ev:
function _ZNSt12_Vector_baseIPN7testing11EnvironmentESaIS2_EE17_Vector_impl_dataC2Ev called 1 returned 100% blocks executed 100%
        1:   99:	_Vector_impl_data() _GLIBCXX_NOEXCEPT
        1:  100:	: _M_start(), _M_finish(), _M_end_of_storage()
        1:  101:	{ }
------------------
_ZNSt12_Vector_baseIPN7testing17TestEventListenerESaIS2_EE17_Vector_impl_dataC2Ev:
function _ZNSt12_Vector_baseIPN7testing17TestEventListenerESaIS2_EE17_Vector_impl_dataC2Ev called 1 returned 100% blocks executed 100%
        1:   99:	_Vector_impl_data() _GLIBCXX_NOEXCEPT
        1:  100:	: _M_start(), _M_finish(), _M_end_of_storage()
        1:  101:	{ }
------------------
_ZNSt12_Vector_baseIiSaIiEE17_Vector_impl_dataC2Ev:
function _ZNSt12_Vector_baseIiSaIiEE17_Vector_impl_dataC2Ev called 2 returned 100% blocks executed 100%
        2:   99:	_Vector_impl_data() _GLIBCXX_NOEXCEPT
        2:  100:	: _M_start(), _M_finish(), _M_end_of_storage()
        2:  101:	{ }
------------------
_ZNSt12_Vector_baseIPN7testing8TestInfoESaIS2_EE17_Vector_impl_dataC2Ev:
function _ZNSt12_Vector_baseIPN7testing8TestInfoESaIS2_EE17_Vector_impl_dataC2Ev called 1 returned 100% blocks executed 100%
        1:   99:	_Vector_impl_data() _GLIBCXX_NOEXCEPT
        1:  100:	: _M_start(), _M_finish(), _M_end_of_storage()
        1:  101:	{ }
------------------
_ZNSt12_Vector_baseIN7testing12TestPropertyESaIS1_EE17_Vector_impl_dataC2Ev:
function _ZNSt12_Vector_baseIN7testing12TestPropertyESaIS1_EE17_Vector_impl_dataC2Ev called 10 returned 100% blocks executed 100%
       10:   99:	_Vector_impl_data() _GLIBCXX_NOEXCEPT
       10:  100:	: _M_start(), _M_finish(), _M_end_of_storage()
       10:  101:	{ }
------------------
_ZNSt12_Vector_baseImSaImEE17_Vector_impl_dataC2Ev:
function _ZNSt12_Vector_baseImSaImEE17_Vector_impl_dataC2Ev called 0 returned 0% blocks executed 0%
    #####:   99:	_Vector_impl_data() _GLIBCXX_NOEXCEPT
    #####:  100:	: _M_start(), _M_finish(), _M_end_of_storage()
    #####:  101:	{ }
------------------
_ZNSt12_Vector_baseIN7testing8internal13edit_distance8EditTypeESaIS3_EE17_Vector_impl_dataC2Ev:
function _ZNSt12_Vector_baseIN7testing8internal13edit_distance8EditTypeESaIS3_EE17_Vector_impl_dataC2Ev called 0 returned 0% blocks executed 0%
    #####:   99:	_Vector_impl_data() _GLIBCXX_NOEXCEPT
    #####:  100:	: _M_start(), _M_finish(), _M_end_of_storage()
    #####:  101:	{ }
------------------
_ZNSt12_Vector_baseINSt7__cxx1112basic_stringIcSt11char_traitsIcESaIcEEESaIS5_EE17_Vector_impl_dataC2Ev:
function _ZNSt12_Vector_baseINSt7__cxx1112basic_stringIcSt11char_traitsIcESaIcEEESaIS5_EE17_Vector_impl_dataC2Ev called 23 returned 100% blocks executed 100%
       23:   99:	_Vector_impl_data() _GLIBCXX_NOEXCEPT
       23:  100:	: _M_start(), _M_finish(), _M_end_of_storage()
       23:  101:	{ }
------------------
_ZNSt12_Vector_baseIPcSaIS0_EE17_Vector_impl_dataC2Ev:
function _ZNSt12_Vector_baseIPcSaIS0_EE17_Vector_impl_dataC2Ev called 0 returned 0% blocks executed 0%
    #####:   99:	_Vector_impl_data() _GLIBCXX_NOEXCEPT
    #####:  100:	: _M_start(), _M_finish(), _M_end_of_storage()
    #####:  101:	{ }
------------------
_ZNSt12_Vector_baseIPN7testing8internal30ParameterizedTestSuiteInfoBaseESaIS3_EE17_Vector_impl_dataC2Ev:
function _ZNSt12_Vector_baseIPN7testing8internal30ParameterizedTestSuiteInfoBaseESaIS3_EE17_Vector_impl_dataC2Ev called 1 returned 100% blocks executed 100%
        1:   99:	_Vector_impl_data() _GLIBCXX_NOEXCEPT
        1:  100:	: _M_start(), _M_finish(), _M_end_of_storage()
        1:  101:	{ }
------------------
_ZNSt12_Vector_baseIN7testing14TestPartResultESaIS1_EE17_Vector_impl_dataC2Ev:
function _ZNSt12_Vector_baseIN7testing14TestPartResultESaIS1_EE17_Vector_impl_dataC2Ev called 10 returned 100% blocks executed 100%
       10:   99:	_Vector_impl_data() _GLIBCXX_NOEXCEPT
       10:  100:	: _M_start(), _M_finish(), _M_end_of_storage()
       10:  101:	{ }
------------------
        -:  102:
        -:  103:#if __cplusplus >= 201103L
        -:  104:	_GLIBCXX20_CONSTEXPR
        -:  105:	_Vector_impl_data(_Vector_impl_data&& __x) noexcept
        -:  106:	: _M_start(__x._M_start), _M_finish(__x._M_finish),
        -:  107:	  _M_end_of_storage(__x._M_end_of_storage)
        -:  108:	{ __x._M_start = __x._M_finish = __x._M_end_of_storage = pointer(); }
        -:  109:#endif
        -:  110:
        -:  111:	_GLIBCXX20_CONSTEXPR
        -:  112:	void
function _ZNSt12_Vector_baseINSt7__cxx1112basic_stringIcSt11char_traitsIcESaIcEEESaIS5_EE17_Vector_impl_data12_M_copy_dataERKS8_ called 18 returned 100% blocks executed 100%
       18:  113:	_M_copy_data(_Vector_impl_data const& __x) _GLIBCXX_NOEXCEPT
        -:  114:	{
       18:  115:	  _M_start = __x._M_start;
       18:  116:	  _M_finish = __x._M_finish;
       18:  117:	  _M_end_of_storage = __x._M_end_of_storage;
       18:  118:	}
        -:  119:
        -:  120:	_GLIBCXX20_CONSTEXPR
        -:  121:	void
function _ZNSt12_Vector_baseINSt7__cxx1112basic_stringIcSt11char_traitsIcESaIcEEESaIS5_EE17_Vector_impl_data12_M_swap_dataERS8_ called 6 returned 100% blocks executed 100%
        6:  122:	_M_swap_data(_Vector_impl_data& __x) _GLIBCXX_NOEXCEPT
        -:  123:	{
        -:  124:	  // Do not use std::swap(_M_start, __x._M_start), etc as it loses
        -:  125:	  // information used by TBAA.
        6:  126:	  _Vector_impl_data __tmp;
        6:  126-block  0
call    0 returned 6
        6:  127:	  __tmp._M_copy_data(*this);
call    0 returned 6
        6:  128:	  _M_copy_data(__x);
call    0 returned 6
        6:  129:	  __x._M_copy_data(__tmp);
call    0 returned 6
        6:  130:	}
        -:  131:      };
        -:  132:
        -:  133:      struct _Vector_impl
        -:  134:	: public _Tp_alloc_type, public _Vector_impl_data
        -:  135:      {
        -:  136:	_GLIBCXX20_CONSTEXPR
      41*:  137:	_Vector_impl() _GLIBCXX_NOEXCEPT_IF(
        -:  138:	    is_nothrow_default_constructible<_Tp_alloc_type>::value)
      41*:  139:	: _Tp_alloc_type()
      41*:  140:	{ }
------------------
_ZNSt12_Vector_baseIN7testing8internal9TraceInfoESaIS2_EE12_Vector_implC2Ev:
function _ZNSt12_Vector_baseIN7testing8internal9TraceInfoESaIS2_EE12_Vector_implC2Ev called 0 returned 0% blocks executed 0%
    #####:  137:	_Vector_impl() _GLIBCXX_NOEXCEPT_IF(
        -:  138:	    is_nothrow_default_constructible<_Tp_alloc_type>::value)
    #####:  139:	: _Tp_alloc_type()
    %%%%%:  139-block  0
call    0 never executed
call    1 never executed
    #####:  140:	{ }
------------------
_ZNSt12_Vector_baseIPN7testing9TestSuiteESaIS2_EE12_Vector_implC2Ev:
function _ZNSt12_Vector_baseIPN7testing9TestSuiteESaIS2_EE12_Vector_implC2Ev called 1 returned 100% blocks executed 100%
        1:  137:	_Vector_impl() _GLIBCXX_NOEXCEPT_IF(
        -:  138:	    is_nothrow_default_constructible<_Tp_alloc_type>::value)
        1:  139:	: _Tp_alloc_type()
        1:  139-block  0
call    0 returned 1
call    1 returned 1
        1:  140:	{ }
------------------
_ZNSt12_Vector_baseIPN7testing11EnvironmentESaIS2_EE12_Vector_implC2Ev:
function _ZNSt12_Vector_baseIPN7testing11EnvironmentESaIS2_EE12_Vector_implC2Ev called 1 returned 100% blocks executed 100%
        1:  137:	_Vector_impl() _GLIBCXX_NOEXCEPT_IF(
        -:  138:	    is_nothrow_default_constructible<_Tp_alloc_type>::value)
        1:  139:	: _Tp_alloc_type()
        1:  139-block  0
call    0 returned 1
call    1 returned 1
        1:  140:	{ }
------------------
_ZNSt12_Vector_baseIPN7testing17TestEventListenerESaIS2_EE12_Vector_implC2Ev:
function _ZNSt12_Vector_baseIPN7testing17TestEventListenerESaIS2_EE12_Vector_implC2Ev called 1 returned 100% blocks executed 100%
        1:  137:	_Vector_impl() _GLIBCXX_NOEXCEPT_IF(
        -:  138:	    is_nothrow_default_constructible<_Tp_alloc_type>::value)
        1:  139:	: _Tp_alloc_type()
        1:  139-block  0
call    0 returned 1
call    1 returned 1
        1:  140:	{ }
------------------
_ZNSt12_Vector_baseIiSaIiEE12_Vector_implC2Ev:
function _ZNSt12_Vector_baseIiSaIiEE12_Vector_implC2Ev called 2 returned 100% blocks executed 100%
        2:  137:	_Vector_impl() _GLIBCXX_NOEXCEPT_IF(
        -:  138:	    is_nothrow_default_constructible<_Tp_alloc_type>::value)
        2:  139:	: _Tp_alloc_type()
        2:  139-block  0
call    0 returned 2
call    1 returned 2
        2:  140:	{ }
------------------
_ZNSt12_Vector_baseIPN7testing8TestInfoESaIS2_EE12_Vector_implC2Ev:
function _ZNSt12_Vector_baseIPN7testing8TestInfoESaIS2_EE12_Vector_implC2Ev called 1 returned 100% blocks executed 100%
        1:  137:	_Vector_impl() _GLIBCXX_NOEXCEPT_IF(
        -:  138:	    is_nothrow_default_constructible<_Tp_alloc_type>::value)
        1:  139:	: _Tp_alloc_type()
        1:  139-block  0
call    0 returned 1
call    1 returned 1
        1:  140:	{ }
------------------
_ZNSt12_Vector_baseIN7testing12TestPropertyESaIS1_EE12_Vector_implC2Ev:
function _ZNSt12_Vector_baseIN7testing12TestPropertyESaIS1_EE12_Vector_implC2Ev called 10 returned 100% blocks executed 100%
       10:  137:	_Vector_impl() _GLIBCXX_NOEXCEPT_IF(
        -:  138:	    is_nothrow_default_constructible<_Tp_alloc_type>::value)
       10:  139:	: _Tp_alloc_type()
       10:  139-block  0
call    0 returned 10
call    1 returned 10
       10:  140:	{ }
------------------
_ZNSt12_Vector_baseImSaImEE12_Vector_implC2Ev:
function _ZNSt12_Vector_baseImSaImEE12_Vector_implC2Ev called 0 returned 0% blocks executed 0%
    #####:  137:	_Vector_impl() _GLIBCXX_NOEXCEPT_IF(
        -:  138:	    is_nothrow_default_constructible<_Tp_alloc_type>::value)
    #####:  139:	: _Tp_alloc_type()
    %%%%%:  139-block  0
call    0 never executed
call    1 never executed
    #####:  140:	{ }
------------------
_ZNSt12_Vector_baseIN7testing8internal13edit_distance8EditTypeESaIS3_EE12_Vector_implC2Ev:
function _ZNSt12_Vector_baseIN7testing8internal13edit_distance8EditTypeESaIS3_EE12_Vector_implC2Ev called 0 returned 0% blocks executed 0%
    #####:  137:	_Vector_impl() _GLIBCXX_NOEXCEPT_IF(
        -:  138:	    is_nothrow_default_constructible<_Tp_alloc_type>::value)
    #####:  139:	: _Tp_alloc_type()
    %%%%%:  139-block  0
call    0 never executed
call    1 never executed
    #####:  140:	{ }
------------------
_ZNSt12_Vector_baseINSt7__cxx1112basic_stringIcSt11char_traitsIcESaIcEEESaIS5_EE12_Vector_implC2Ev:
function _ZNSt12_Vector_baseINSt7__cxx1112basic_stringIcSt11char_traitsIcESaIcEEESaIS5_EE12_Vector_implC2Ev called 14 returned 100% blocks executed 100%
       14:  137:	_Vector_impl() _GLIBCXX_NOEXCEPT_IF(
        -:  138:	    is_nothrow_default_constructible<_Tp_alloc_type>::value)
       14:  139:	: _Tp_alloc_type()
       14:  139-block  0
call    0 returned 14
call    1 returned 14
       14:  140:	{ }
------------------
_ZNSt12_Vector_baseIPcSaIS0_EE12_Vector_implC2Ev:
function _ZNSt12_Vector_baseIPcSaIS0_EE12_Vector_implC2Ev called 0 returned 0% blocks executed 0%
    #####:  137:	_Vector_impl() _GLIBCXX_NOEXCEPT_IF(
        -:  138:	    is_nothrow_default_constructible<_Tp_alloc_type>::value)
    #####:  139:	: _Tp_alloc_type()
    %%%%%:  139-block  0
call    0 never executed
call    1 never executed
    #####:  140:	{ }
------------------
_ZNSt12_Vector_baseIPN7testing8internal30ParameterizedTestSuiteInfoBaseESaIS3_EE12_Vector_implC2Ev:
function _ZNSt12_Vector_baseIPN7testing8internal30ParameterizedTestSuiteInfoBaseESaIS3_EE12_Vector_implC2Ev called 1 returned 100% blocks executed 100%
        1:  137:	_Vector_impl() _GLIBCXX_NOEXCEPT_IF(
        -:  138:	    is_nothrow_default_constructible<_Tp_alloc_type>::value)
        1:  139:	: _Tp_alloc_type()
        1:  139-block  0
call    0 returned 1
call    1 returned 1
        1:  140:	{ }
------------------
_ZNSt12_Vector_baseIN7testing14TestPartResultESaIS1_EE12_Vector_implC2Ev:
function _ZNSt12_Vector_baseIN7testing14TestPartResultESaIS1_EE12_Vector_implC2Ev called 10 returned 100% blocks executed 100%
       10:  137:	_Vector_impl() _GLIBCXX_NOEXCEPT_IF(
        -:  138:	    is_nothrow_default_constructible<_Tp_alloc_type>::value)
       10:  139:	: _Tp_alloc_type()
       10:  139-block  0
call    0 returned 10
call    1 returned 10
       10:  140:	{ }
------------------
        -:  141:
        -:  142:	_GLIBCXX20_CONSTEXPR
       3*:  143:	_Vector_impl(_Tp_alloc_type const& __a) _GLIBCXX_NOEXCEPT
       3*:  144:	: _Tp_alloc_type(__a)
       3*:  145:	{ }
------------------
_ZNSt12_Vector_baseISt6vectorIN7testing8internal13edit_distance8EditTypeESaIS4_EESaIS6_EE12_Vector_implC2ERKS7_:
function _ZNSt12_Vector_baseISt6vectorIN7testing8internal13edit_distance8EditTypeESaIS4_EESaIS6_EE12_Vector_implC2ERKS7_ called 0 returned 0% blocks executed 0%
    #####:  143:	_Vector_impl(_Tp_alloc_type const& __a) _GLIBCXX_NOEXCEPT
    #####:  144:	: _Tp_alloc_type(__a)
    %%%%%:  144-block  0
call    0 never executed
call    1 never executed
    #####:  145:	{ }
------------------
_ZNSt12_Vector_baseIN7testing8internal13edit_distance8EditTypeESaIS3_EE12_Vector_implC2ERKS4_:
function _ZNSt12_Vector_baseIN7testing8internal13edit_distance8EditTypeESaIS3_EE12_Vector_implC2ERKS4_ called 0 returned 0% blocks executed 0%
    #####:  143:	_Vector_impl(_Tp_alloc_type const& __a) _GLIBCXX_NOEXCEPT
    #####:  144:	: _Tp_alloc_type(__a)
    %%%%%:  144-block  0
call    0 never executed
call    1 never executed
    #####:  145:	{ }
------------------
_ZNSt12_Vector_baseISt6vectorIdSaIdEESaIS2_EE12_Vector_implC2ERKS3_:
function _ZNSt12_Vector_baseISt6vectorIdSaIdEESaIS2_EE12_Vector_implC2ERKS3_ called 0 returned 0% blocks executed 0%
    #####:  143:	_Vector_impl(_Tp_alloc_type const& __a) _GLIBCXX_NOEXCEPT
    #####:  144:	: _Tp_alloc_type(__a)
    %%%%%:  144-block  0
call    0 never executed
call    1 never executed
    #####:  145:	{ }
------------------
_ZNSt12_Vector_baseIdSaIdEE12_Vector_implC2ERKS0_:
function _ZNSt12_Vector_baseIdSaIdEE12_Vector_implC2ERKS0_ called 0 returned 0% blocks executed 0%
    #####:  143:	_Vector_impl(_Tp_alloc_type const& __a) _GLIBCXX_NOEXCEPT
    #####:  144:	: _Tp_alloc_type(__a)
    %%%%%:  144-block  0
call    0 never executed
call    1 never executed
    #####:  145:	{ }
------------------
_ZNSt12_Vector_baseINSt7__cxx1112basic_stringIcSt11char_traitsIcESaIcEEESaIS5_EE12_Vector_implC2ERKS6_:
function _ZNSt12_Vector_baseINSt7__cxx1112basic_stringIcSt11char_traitsIcESaIcEEESaIS5_EE12_Vector_implC2ERKS6_ called 3 returned 100% blocks executed 100%
        3:  143:	_Vector_impl(_Tp_alloc_type const& __a) _GLIBCXX_NOEXCEPT
        3:  144:	: _Tp_alloc_type(__a)
        3:  144-block  0
call    0 returned 3
call    1 returned 3
        3:  145:	{ }
------------------
        -:  146:
        -:  147:#if __cplusplus >= 201103L
        -:  148:	// Not defaulted, to enforce noexcept(true) even when
        -:  149:	// !is_nothrow_move_constructible<_Tp_alloc_type>.
        -:  150:	_GLIBCXX20_CONSTEXPR
        -:  151:	_Vector_impl(_Vector_impl&& __x) noexcept
        -:  152:	: _Tp_alloc_type(std::move(__x)), _Vector_impl_data(std::move(__x))
        -:  153:	{ }
        -:  154:
        -:  155:	_GLIBCXX20_CONSTEXPR
        -:  156:	_Vector_impl(_Tp_alloc_type&& __a) noexcept
        -:  157:	: _Tp_alloc_type(std::move(__a))
        -:  158:	{ }
        -:  159:
        -:  160:	_GLIBCXX20_CONSTEXPR
        -:  161:	_Vector_impl(_Tp_alloc_type&& __a, _Vector_impl&& __rv) noexcept
        -:  162:	: _Tp_alloc_type(std::move(__a)), _Vector_impl_data(std::move(__rv))
        -:  163:	{ }
        -:  164:#endif
        -:  165:
        -:  166:#if _GLIBCXX_SANITIZE_STD_ALLOCATOR && _GLIBCXX_SANITIZE_VECTOR
        -:  167:	template<typename = _Tp_alloc_type>
        -:  168:	  struct _Asan
        -:  169:	  {
        -:  170:	    typedef typename __gnu_cxx::__alloc_traits<_Tp_alloc_type>
        -:  171:	      ::size_type size_type;
        -:  172:
        -:  173:	    static _GLIBCXX20_CONSTEXPR void
        -:  174:	    _S_shrink(_Vector_impl&, size_type) { }
        -:  175:	    static _GLIBCXX20_CONSTEXPR void
        -:  176:	    _S_on_dealloc(_Vector_impl&) { }
        -:  177:
        -:  178:	    typedef _Vector_impl& _Reinit;
        -:  179:
        -:  180:	    struct _Grow
        -:  181:	    {
        -:  182:	      _GLIBCXX20_CONSTEXPR _Grow(_Vector_impl&, size_type) { }
        -:  183:	      _GLIBCXX20_CONSTEXPR void _M_grew(size_type) { }
        -:  184:	    };
        -:  185:	  };
        -:  186:
        -:  187:	// Enable ASan annotations for memory obtained from std::allocator.
        -:  188:	template<typename _Up>
        -:  189:	  struct _Asan<allocator<_Up> >
        -:  190:	  {
        -:  191:	    typedef typename __gnu_cxx::__alloc_traits<_Tp_alloc_type>
        -:  192:	      ::size_type size_type;
        -:  193:
        -:  194:	    // Adjust ASan annotation for [_M_start, _M_end_of_storage) to
        -:  195:	    // mark end of valid region as __curr instead of __prev.
        -:  196:	    static _GLIBCXX20_CONSTEXPR void
        -:  197:	    _S_adjust(_Vector_impl& __impl, pointer __prev, pointer __curr)
        -:  198:	    {
        -:  199:#if __cpp_lib_is_constant_evaluated
        -:  200:	      if (std::is_constant_evaluated())
        -:  201:		return;
        -:  202:#endif
        -:  203:	      __sanitizer_annotate_contiguous_container(__impl._M_start,
        -:  204:		  __impl._M_end_of_storage, __prev, __curr);
        -:  205:	    }
        -:  206:
        -:  207:	    static _GLIBCXX20_CONSTEXPR void
        -:  208:	    _S_grow(_Vector_impl& __impl, size_type __n)
        -:  209:	    { _S_adjust(__impl, __impl._M_finish, __impl._M_finish + __n); }
        -:  210:
        -:  211:	    static _GLIBCXX20_CONSTEXPR void
        -:  212:	    _S_shrink(_Vector_impl& __impl, size_type __n)
        -:  213:	    { _S_adjust(__impl, __impl._M_finish + __n, __impl._M_finish); }
        -:  214:
        -:  215:	    static _GLIBCXX20_CONSTEXPR void
        -:  216:	    _S_on_dealloc(_Vector_impl& __impl)
        -:  217:	    {
        -:  218:	      if (__impl._M_start)
        -:  219:		_S_adjust(__impl, __impl._M_finish, __impl._M_end_of_storage);
        -:  220:	    }
        -:  221:
        -:  222:	    // Used on reallocation to tell ASan unused capacity is invalid.
        -:  223:	    struct _Reinit
        -:  224:	    {
        -:  225:	      explicit _GLIBCXX20_CONSTEXPR
        -:  226:	      _Reinit(_Vector_impl& __impl) : _M_impl(__impl)
        -:  227:	      {
        -:  228:		// Mark unused capacity as valid again before deallocating it.
        -:  229:		_S_on_dealloc(_M_impl);
        -:  230:	      }
        -:  231:
        -:  232:	      _GLIBCXX20_CONSTEXPR
        -:  233:	      ~_Reinit()
        -:  234:	      {
        -:  235:		// Mark unused capacity as invalid after reallocation.
        -:  236:		if (_M_impl._M_start)
        -:  237:		  _S_adjust(_M_impl, _M_impl._M_end_of_storage,
        -:  238:			    _M_impl._M_finish);
        -:  239:	      }
        -:  240:
        -:  241:	      _Vector_impl& _M_impl;
        -:  242:
        -:  243:#if __cplusplus >= 201103L
        -:  244:	      _Reinit(const _Reinit&) = delete;
        -:  245:	      _Reinit& operator=(const _Reinit&) = delete;
        -:  246:#endif
        -:  247:	    };
        -:  248:
        -:  249:	    // Tell ASan when unused capacity is initialized to be valid.
        -:  250:	    struct _Grow
        -:  251:	    {
        -:  252:	      _GLIBCXX20_CONSTEXPR
        -:  253:	      _Grow(_Vector_impl& __impl, size_type __n)
        -:  254:	      : _M_impl(__impl), _M_n(__n)
        -:  255:	      { _S_grow(_M_impl, __n); }
        -:  256:
        -:  257:	      _GLIBCXX20_CONSTEXPR
        -:  258:	      ~_Grow() { if (_M_n) _S_shrink(_M_impl, _M_n); }
        -:  259:
        -:  260:	      _GLIBCXX20_CONSTEXPR
        -:  261:	      void _M_grew(size_type __n) { _M_n -= __n; }
        -:  262:
        -:  263:#if __cplusplus >= 201103L
        -:  264:	      _Grow(const _Grow&) = delete;
        -:  265:	      _Grow& operator=(const _Grow&) = delete;
        -:  266:#endif
        -:  267:	    private:
        -:  268:	      _Vector_impl& _M_impl;
        -:  269:	      size_type _M_n;
        -:  270:	    };
        -:  271:	  };
        -:  272:
        -:  273:#define _GLIBCXX_ASAN_ANNOTATE_REINIT \
        -:  274:  typename _Base::_Vector_impl::template _Asan<>::_Reinit const \
        -:  275:	__attribute__((__unused__)) __reinit_guard(this->_M_impl)
        -:  276:#define _GLIBCXX_ASAN_ANNOTATE_GROW(n) \
        -:  277:  typename _Base::_Vector_impl::template _Asan<>::_Grow \
        -:  278:	__attribute__((__unused__)) __grow_guard(this->_M_impl, (n))
        -:  279:#define _GLIBCXX_ASAN_ANNOTATE_GREW(n) __grow_guard._M_grew(n)
        -:  280:#define _GLIBCXX_ASAN_ANNOTATE_SHRINK(n) \
        -:  281:  _Base::_Vector_impl::template _Asan<>::_S_shrink(this->_M_impl, n)
        -:  282:#define _GLIBCXX_ASAN_ANNOTATE_BEFORE_DEALLOC \
        -:  283:  _Base::_Vector_impl::template _Asan<>::_S_on_dealloc(this->_M_impl)
        -:  284:#else // ! (_GLIBCXX_SANITIZE_STD_ALLOCATOR && _GLIBCXX_SANITIZE_VECTOR)
        -:  285:#define _GLIBCXX_ASAN_ANNOTATE_REINIT
        -:  286:#define _GLIBCXX_ASAN_ANNOTATE_GROW(n)
        -:  287:#define _GLIBCXX_ASAN_ANNOTATE_GREW(n)
        -:  288:#define _GLIBCXX_ASAN_ANNOTATE_SHRINK(n)
        -:  289:#define _GLIBCXX_ASAN_ANNOTATE_BEFORE_DEALLOC
        -:  290:#endif // _GLIBCXX_SANITIZE_STD_ALLOCATOR && _GLIBCXX_SANITIZE_VECTOR
        -:  291:      };
        -:  292:
        -:  293:    public:
        -:  294:      typedef _Alloc allocator_type;
        -:  295:
        -:  296:      _GLIBCXX20_CONSTEXPR
        -:  297:      _Tp_alloc_type&
      99*:  298:      _M_get_Tp_allocator() _GLIBCXX_NOEXCEPT
      99*:  299:      { return this->_M_impl; }
------------------
_ZNSt12_Vector_baseIN7testing8internal9TraceInfoESaIS2_EE19_M_get_Tp_allocatorEv:
function _ZNSt12_Vector_baseIN7testing8internal9TraceInfoESaIS2_EE19_M_get_Tp_allocatorEv called 0 returned 0% blocks executed 0%
    #####:  298:      _M_get_Tp_allocator() _GLIBCXX_NOEXCEPT
    #####:  299:      { return this->_M_impl; }
    %%%%%:  299-block  0
------------------
_ZNSt12_Vector_baseIPN7testing9TestSuiteESaIS2_EE19_M_get_Tp_allocatorEv:
function _ZNSt12_Vector_baseIPN7testing9TestSuiteESaIS2_EE19_M_get_Tp_allocatorEv called 3 returned 100% blocks executed 100%
        3:  298:      _M_get_Tp_allocator() _GLIBCXX_NOEXCEPT
        3:  299:      { return this->_M_impl; }
        3:  299-block  0
------------------
_ZNSt12_Vector_baseIPN7testing11EnvironmentESaIS2_EE19_M_get_Tp_allocatorEv:
function _ZNSt12_Vector_baseIPN7testing11EnvironmentESaIS2_EE19_M_get_Tp_allocatorEv called 1 returned 100% blocks executed 100%
        1:  298:      _M_get_Tp_allocator() _GLIBCXX_NOEXCEPT
        1:  299:      { return this->_M_impl; }
        1:  299-block  0
------------------
_ZNSt12_Vector_baseIPN7testing17TestEventListenerESaIS2_EE19_M_get_Tp_allocatorEv:
function _ZNSt12_Vector_baseIPN7testing17TestEventListenerESaIS2_EE19_M_get_Tp_allocatorEv called 3 returned 100% blocks executed 100%
        3:  298:      _M_get_Tp_allocator() _GLIBCXX_NOEXCEPT
        3:  299:      { return this->_M_impl; }
        3:  299-block  0
------------------
_ZNSt12_Vector_baseIiSaIiEE19_M_get_Tp_allocatorEv:
function _ZNSt12_Vector_baseIiSaIiEE19_M_get_Tp_allocatorEv called 12 returned 100% blocks executed 100%
       12:  298:      _M_get_Tp_allocator() _GLIBCXX_NOEXCEPT
       12:  299:      { return this->_M_impl; }
       12:  299-block  0
------------------
_ZNSt12_Vector_baseIPN7testing8TestInfoESaIS2_EE19_M_get_Tp_allocatorEv:
function _ZNSt12_Vector_baseIPN7testing8TestInfoESaIS2_EE19_M_get_Tp_allocatorEv called 9 returned 100% blocks executed 100%
        9:  298:      _M_get_Tp_allocator() _GLIBCXX_NOEXCEPT
        9:  299:      { return this->_M_impl; }
        9:  299-block  0
------------------
_ZNSt12_Vector_baseIN7testing12TestPropertyESaIS1_EE19_M_get_Tp_allocatorEv:
function _ZNSt12_Vector_baseIN7testing12TestPropertyESaIS1_EE19_M_get_Tp_allocatorEv called 10 returned 100% blocks executed 100%
       10:  298:      _M_get_Tp_allocator() _GLIBCXX_NOEXCEPT
       10:  299:      { return this->_M_impl; }
       10:  299-block  0
------------------
_ZNSt12_Vector_baseImSaImEE19_M_get_Tp_allocatorEv:
function _ZNSt12_Vector_baseImSaImEE19_M_get_Tp_allocatorEv called 0 returned 0% blocks executed 0%
    #####:  298:      _M_get_Tp_allocator() _GLIBCXX_NOEXCEPT
    #####:  299:      { return this->_M_impl; }
    %%%%%:  299-block  0
------------------
_ZNSt12_Vector_baseISt6vectorIN7testing8internal13edit_distance8EditTypeESaIS4_EESaIS6_EE19_M_get_Tp_allocatorEv:
function _ZNSt12_Vector_baseISt6vectorIN7testing8internal13edit_distance8EditTypeESaIS4_EESaIS6_EE19_M_get_Tp_allocatorEv called 0 returned 0% blocks executed 0%
    #####:  298:      _M_get_Tp_allocator() _GLIBCXX_NOEXCEPT
    #####:  299:      { return this->_M_impl; }
    %%%%%:  299-block  0
------------------
_ZNSt12_Vector_baseIN7testing8internal13edit_distance8EditTypeESaIS3_EE19_M_get_Tp_allocatorEv:
function _ZNSt12_Vector_baseIN7testing8internal13edit_distance8EditTypeESaIS3_EE19_M_get_Tp_allocatorEv called 0 returned 0% blocks executed 0%
    #####:  298:      _M_get_Tp_allocator() _GLIBCXX_NOEXCEPT
    #####:  299:      { return this->_M_impl; }
    %%%%%:  299-block  0
------------------
_ZNSt12_Vector_baseISt6vectorIdSaIdEESaIS2_EE19_M_get_Tp_allocatorEv:
function _ZNSt12_Vector_baseISt6vectorIdSaIdEESaIS2_EE19_M_get_Tp_allocatorEv called 0 returned 0% blocks executed 0%
    #####:  298:      _M_get_Tp_allocator() _GLIBCXX_NOEXCEPT
    #####:  299:      { return this->_M_impl; }
    %%%%%:  299-block  0
------------------
_ZNSt12_Vector_baseIdSaIdEE19_M_get_Tp_allocatorEv:
function _ZNSt12_Vector_baseIdSaIdEE19_M_get_Tp_allocatorEv called 0 returned 0% blocks executed 0%
    #####:  298:      _M_get_Tp_allocator() _GLIBCXX_NOEXCEPT
    #####:  299:      { return this->_M_impl; }
    %%%%%:  299-block  0
------------------
_ZNSt12_Vector_baseIPcSaIS0_EE19_M_get_Tp_allocatorEv:
function _ZNSt12_Vector_baseIPcSaIS0_EE19_M_get_Tp_allocatorEv called 0 returned 0% blocks executed 0%
    #####:  298:      _M_get_Tp_allocator() _GLIBCXX_NOEXCEPT
    #####:  299:      { return this->_M_impl; }
    %%%%%:  299-block  0
------------------
_ZNSt12_Vector_baseINSt7__cxx1112basic_stringIcSt11char_traitsIcESaIcEEESaIS5_EE19_M_get_Tp_allocatorEv:
function _ZNSt12_Vector_baseINSt7__cxx1112basic_stringIcSt11char_traitsIcESaIcEEESaIS5_EE19_M_get_Tp_allocatorEv called 50 returned 100% blocks executed 100%
       50:  298:      _M_get_Tp_allocator() _GLIBCXX_NOEXCEPT
       50:  299:      { return this->_M_impl; }
       50:  299-block  0
------------------
_ZNSt12_Vector_baseIPN7testing8internal30ParameterizedTestSuiteInfoBaseESaIS3_EE19_M_get_Tp_allocatorEv:
function _ZNSt12_Vector_baseIPN7testing8internal30ParameterizedTestSuiteInfoBaseESaIS3_EE19_M_get_Tp_allocatorEv called 1 returned 100% blocks executed 100%
        1:  298:      _M_get_Tp_allocator() _GLIBCXX_NOEXCEPT
        1:  299:      { return this->_M_impl; }
        1:  299-block  0
------------------
_ZNSt12_Vector_baseIN7testing14TestPartResultESaIS1_EE19_M_get_Tp_allocatorEv:
function _ZNSt12_Vector_baseIN7testing14TestPartResultESaIS1_EE19_M_get_Tp_allocatorEv called 10 returned 100% blocks executed 100%
       10:  298:      _M_get_Tp_allocator() _GLIBCXX_NOEXCEPT
       10:  299:      { return this->_M_impl; }
       10:  299-block  0
------------------
        -:  300:
        -:  301:      _GLIBCXX20_CONSTEXPR
        -:  302:      const _Tp_alloc_type&
      46*:  303:      _M_get_Tp_allocator() const _GLIBCXX_NOEXCEPT
      46*:  304:      { return this->_M_impl; }
------------------
_ZNKSt12_Vector_baseIdSaIdEE19_M_get_Tp_allocatorEv:
function _ZNKSt12_Vector_baseIdSaIdEE19_M_get_Tp_allocatorEv called 0 returned 0% blocks executed 0%
    #####:  303:      _M_get_Tp_allocator() const _GLIBCXX_NOEXCEPT
    #####:  304:      { return this->_M_impl; }
    %%%%%:  304-block  0
------------------
_ZNKSt12_Vector_baseIiSaIiEE19_M_get_Tp_allocatorEv:
function _ZNKSt12_Vector_baseIiSaIiEE19_M_get_Tp_allocatorEv called 10 returned 100% blocks executed 100%
       10:  303:      _M_get_Tp_allocator() const _GLIBCXX_NOEXCEPT
       10:  304:      { return this->_M_impl; }
       10:  304-block  0
------------------
_ZNKSt12_Vector_baseImSaImEE19_M_get_Tp_allocatorEv:
function _ZNKSt12_Vector_baseImSaImEE19_M_get_Tp_allocatorEv called 0 returned 0% blocks executed 0%
    #####:  303:      _M_get_Tp_allocator() const _GLIBCXX_NOEXCEPT
    #####:  304:      { return this->_M_impl; }
    %%%%%:  304-block  0
------------------
_ZNKSt12_Vector_baseIPcSaIS0_EE19_M_get_Tp_allocatorEv:
function _ZNKSt12_Vector_baseIPcSaIS0_EE19_M_get_Tp_allocatorEv called 0 returned 0% blocks executed 0%
    #####:  303:      _M_get_Tp_allocator() const _GLIBCXX_NOEXCEPT
    #####:  304:      { return this->_M_impl; }
    %%%%%:  304-block  0
------------------
_ZNKSt12_Vector_baseIPN7testing9TestSuiteESaIS2_EE19_M_get_Tp_allocatorEv:
function _ZNKSt12_Vector_baseIPN7testing9TestSuiteESaIS2_EE19_M_get_Tp_allocatorEv called 2 returned 100% blocks executed 100%
        2:  303:      _M_get_Tp_allocator() const _GLIBCXX_NOEXCEPT
        2:  304:      { return this->_M_impl; }
        2:  304-block  0
------------------
_ZNKSt12_Vector_baseIN7testing8internal9TraceInfoESaIS2_EE19_M_get_Tp_allocatorEv:
function _ZNKSt12_Vector_baseIN7testing8internal9TraceInfoESaIS2_EE19_M_get_Tp_allocatorEv called 0 returned 0% blocks executed 0%
    #####:  303:      _M_get_Tp_allocator() const _GLIBCXX_NOEXCEPT
    #####:  304:      { return this->_M_impl; }
    %%%%%:  304-block  0
------------------
_ZNKSt12_Vector_baseIPN7testing11EnvironmentESaIS2_EE19_M_get_Tp_allocatorEv:
function _ZNKSt12_Vector_baseIPN7testing11EnvironmentESaIS2_EE19_M_get_Tp_allocatorEv called 0 returned 0% blocks executed 0%
    #####:  303:      _M_get_Tp_allocator() const _GLIBCXX_NOEXCEPT
    #####:  304:      { return this->_M_impl; }
    %%%%%:  304-block  0
------------------
_ZNKSt12_Vector_baseIPN7testing17TestEventListenerESaIS2_EE19_M_get_Tp_allocatorEv:
function _ZNKSt12_Vector_baseIPN7testing17TestEventListenerESaIS2_EE19_M_get_Tp_allocatorEv called 2 returned 100% blocks executed 100%
        2:  303:      _M_get_Tp_allocator() const _GLIBCXX_NOEXCEPT
        2:  304:      { return this->_M_impl; }
        2:  304-block  0
------------------
_ZNKSt12_Vector_baseIPN7testing8TestInfoESaIS2_EE19_M_get_Tp_allocatorEv:
function _ZNKSt12_Vector_baseIPN7testing8TestInfoESaIS2_EE19_M_get_Tp_allocatorEv called 8 returned 100% blocks executed 100%
        8:  303:      _M_get_Tp_allocator() const _GLIBCXX_NOEXCEPT
        8:  304:      { return this->_M_impl; }
        8:  304-block  0
------------------
_ZNKSt12_Vector_baseIN7testing12TestPropertyESaIS1_EE19_M_get_Tp_allocatorEv:
function _ZNKSt12_Vector_baseIN7testing12TestPropertyESaIS1_EE19_M_get_Tp_allocatorEv called 0 returned 0% blocks executed 0%
    #####:  303:      _M_get_Tp_allocator() const _GLIBCXX_NOEXCEPT
    #####:  304:      { return this->_M_impl; }
    %%%%%:  304-block  0
------------------
_ZNKSt12_Vector_baseIN7testing8internal13edit_distance8EditTypeESaIS3_EE19_M_get_Tp_allocatorEv:
function _ZNKSt12_Vector_baseIN7testing8internal13edit_distance8EditTypeESaIS3_EE19_M_get_Tp_allocatorEv called 0 returned 0% blocks executed 0%
    #####:  303:      _M_get_Tp_allocator() const _GLIBCXX_NOEXCEPT
    #####:  304:      { return this->_M_impl; }
    %%%%%:  304-block  0
------------------
_ZNKSt12_Vector_baseIN7testing14TestPartResultESaIS1_EE19_M_get_Tp_allocatorEv:
function _ZNKSt12_Vector_baseIN7testing14TestPartResultESaIS1_EE19_M_get_Tp_allocatorEv called 0 returned 0% blocks executed 0%
    #####:  303:      _M_get_Tp_allocator() const _GLIBCXX_NOEXCEPT
    #####:  304:      { return this->_M_impl; }
    %%%%%:  304-block  0
------------------
_ZNKSt12_Vector_baseINSt7__cxx1112basic_stringIcSt11char_traitsIcESaIcEEESaIS5_EE19_M_get_Tp_allocatorEv:
function _ZNKSt12_Vector_baseINSt7__cxx1112basic_stringIcSt11char_traitsIcESaIcEEESaIS5_EE19_M_get_Tp_allocatorEv called 24 returned 100% blocks executed 100%
       24:  303:      _M_get_Tp_allocator() const _GLIBCXX_NOEXCEPT
       24:  304:      { return this->_M_impl; }
       24:  304-block  0
------------------
        -:  305:
        -:  306:      _GLIBCXX20_CONSTEXPR
        -:  307:      allocator_type
function _ZNKSt12_Vector_baseINSt7__cxx1112basic_stringIcSt11char_traitsIcESaIcEEESaIS5_EE13get_allocatorEv called 1 returned 100% blocks executed 100%
        1:  308:      get_allocator() const _GLIBCXX_NOEXCEPT
        1:  309:      { return allocator_type(_M_get_Tp_allocator()); }
        1:  309-block  0
call    0 returned 1
call    1 returned 1
        -:  310:
        -:  311:#if __cplusplus >= 201103L
      41*:  312:      _Vector_base() = default;
------------------
_ZNSt12_Vector_baseIN7testing8internal9TraceInfoESaIS2_EEC2Ev:
function _ZNSt12_Vector_baseIN7testing8internal9TraceInfoESaIS2_EEC2Ev called 0 returned 0% blocks executed 0%
    #####:  312:      _Vector_base() = default;
    %%%%%:  312-block  0
call    0 never executed
------------------
_ZNSt12_Vector_baseIPN7testing9TestSuiteESaIS2_EEC2Ev:
function _ZNSt12_Vector_baseIPN7testing9TestSuiteESaIS2_EEC2Ev called 1 returned 100% blocks executed 100%
        1:  312:      _Vector_base() = default;
        1:  312-block  0
call    0 returned 1
------------------
_ZNSt12_Vector_baseIPN7testing11EnvironmentESaIS2_EEC2Ev:
function _ZNSt12_Vector_baseIPN7testing11EnvironmentESaIS2_EEC2Ev called 1 returned 100% blocks executed 100%
        1:  312:      _Vector_base() = default;
        1:  312-block  0
call    0 returned 1
------------------
_ZNSt12_Vector_baseIPN7testing17TestEventListenerESaIS2_EEC2Ev:
function _ZNSt12_Vector_baseIPN7testing17TestEventListenerESaIS2_EEC2Ev called 1 returned 100% blocks executed 100%
        1:  312:      _Vector_base() = default;
        1:  312-block  0
call    0 returned 1
------------------
_ZNSt12_Vector_baseIiSaIiEEC2Ev:
function _ZNSt12_Vector_baseIiSaIiEEC2Ev called 2 returned 100% blocks executed 100%
        2:  312:      _Vector_base() = default;
        2:  312-block  0
call    0 returned 2
------------------
_ZNSt12_Vector_baseIPN7testing8TestInfoESaIS2_EEC2Ev:
function _ZNSt12_Vector_baseIPN7testing8TestInfoESaIS2_EEC2Ev called 1 returned 100% blocks executed 100%
        1:  312:      _Vector_base() = default;
        1:  312-block  0
call    0 returned 1
------------------
_ZNSt12_Vector_baseIN7testing12TestPropertyESaIS1_EEC2Ev:
function _ZNSt12_Vector_baseIN7testing12TestPropertyESaIS1_EEC2Ev called 10 returned 100% blocks executed 100%
       10:  312:      _Vector_base() = default;
       10:  312-block  0
call    0 returned 10
------------------
_ZNSt12_Vector_baseImSaImEEC2Ev:
function _ZNSt12_Vector_baseImSaImEEC2Ev called 0 returned 0% blocks executed 0%
    #####:  312:      _Vector_base() = default;
    %%%%%:  312-block  0
call    0 never executed
------------------
_ZNSt12_Vector_baseIN7testing8internal13edit_distance8EditTypeESaIS3_EEC2Ev:
function _ZNSt12_Vector_baseIN7testing8internal13edit_distance8EditTypeESaIS3_EEC2Ev called 0 returned 0% blocks executed 0%
    #####:  312:      _Vector_base() = default;
    %%%%%:  312-block  0
call    0 never executed
------------------
_ZNSt12_Vector_baseINSt7__cxx1112basic_stringIcSt11char_traitsIcESaIcEEESaIS5_EEC2Ev:
function _ZNSt12_Vector_baseINSt7__cxx1112basic_stringIcSt11char_traitsIcESaIcEEESaIS5_EEC2Ev called 14 returned 100% blocks executed 100%
       14:  312:      _Vector_base() = default;
       14:  312-block  0
call    0 returned 14
------------------
_ZNSt12_Vector_baseIPcSaIS0_EEC2Ev:
function _ZNSt12_Vector_baseIPcSaIS0_EEC2Ev called 0 returned 0% blocks executed 0%
    #####:  312:      _Vector_base() = default;
    %%%%%:  312-block  0
call    0 never executed
------------------
_ZNSt12_Vector_baseIPN7testing8internal30ParameterizedTestSuiteInfoBaseESaIS3_EEC2Ev:
function _ZNSt12_Vector_baseIPN7testing8internal30ParameterizedTestSuiteInfoBaseESaIS3_EEC2Ev called 1 returned 100% blocks executed 100%
        1:  312:      _Vector_base() = default;
        1:  312-block  0
call    0 returned 1
------------------
_ZNSt12_Vector_baseIN7testing14TestPartResultESaIS1_EEC2Ev:
function _ZNSt12_Vector_baseIN7testing14TestPartResultESaIS1_EEC2Ev called 10 returned 100% blocks executed 100%
       10:  312:      _Vector_base() = default;
       10:  312-block  0
call    0 returned 10
------------------
        -:  313:#else
        -:  314:      _Vector_base() { }
        -:  315:#endif
        -:  316:
        -:  317:      _GLIBCXX20_CONSTEXPR
function _ZNSt12_Vector_baseINSt7__cxx1112basic_stringIcSt11char_traitsIcESaIcEEESaIS5_EEC2ERKS6_ called 1 returned 100% blocks executed 100%
        1:  318:      _Vector_base(const allocator_type& __a) _GLIBCXX_NOEXCEPT
        1:  319:      : _M_impl(__a) { }
        1:  319-block  0
call    0 returned 1
        -:  320:
        -:  321:      // Kept for ABI compatibility.
        -:  322:#if !_GLIBCXX_INLINE_VERSION
        -:  323:      _GLIBCXX20_CONSTEXPR
        -:  324:      _Vector_base(size_t __n)
        -:  325:      : _M_impl()
        -:  326:      { _M_create_storage(__n); }
        -:  327:#endif
        -:  328:
        -:  329:      _GLIBCXX20_CONSTEXPR
       2*:  330:      _Vector_base(size_t __n, const allocator_type& __a)
       2*:  331:      : _M_impl(__a)
       2*:  332:      { _M_create_storage(__n); }
------------------
_ZNSt12_Vector_baseISt6vectorIN7testing8internal13edit_distance8EditTypeESaIS4_EESaIS6_EEC2EmRKS7_:
function _ZNSt12_Vector_baseISt6vectorIN7testing8internal13edit_distance8EditTypeESaIS4_EESaIS6_EEC2EmRKS7_ called 0 returned 0% blocks executed 0%
    #####:  330:      _Vector_base(size_t __n, const allocator_type& __a)
    #####:  331:      : _M_impl(__a)
    %%%%%:  331-block  0
call    0 never executed
    #####:  332:      { _M_create_storage(__n); }
call    0 never executed
branch  1 never executed
branch  2 never executed
    %%%%%:  332-block  0
    $$$$$:  332-block  1
call    3 never executed
------------------
_ZNSt12_Vector_baseIN7testing8internal13edit_distance8EditTypeESaIS3_EEC2EmRKS4_:
function _ZNSt12_Vector_baseIN7testing8internal13edit_distance8EditTypeESaIS3_EEC2EmRKS4_ called 0 returned 0% blocks executed 0%
    #####:  330:      _Vector_base(size_t __n, const allocator_type& __a)
    #####:  331:      : _M_impl(__a)
    %%%%%:  331-block  0
call    0 never executed
    #####:  332:      { _M_create_storage(__n); }
call    0 never executed
branch  1 never executed
branch  2 never executed
    %%%%%:  332-block  0
    $$$$$:  332-block  1
call    3 never executed
------------------
_ZNSt12_Vector_baseISt6vectorIdSaIdEESaIS2_EEC2EmRKS3_:
function _ZNSt12_Vector_baseISt6vectorIdSaIdEESaIS2_EEC2EmRKS3_ called 0 returned 0% blocks executed 0%
    #####:  330:      _Vector_base(size_t __n, const allocator_type& __a)
    #####:  331:      : _M_impl(__a)
    %%%%%:  331-block  0
call    0 never executed
    #####:  332:      { _M_create_storage(__n); }
call    0 never executed
branch  1 never executed
branch  2 never executed
    %%%%%:  332-block  0
    $$$$$:  332-block  1
call    3 never executed
------------------
_ZNSt12_Vector_baseIdSaIdEEC2EmRKS0_:
function _ZNSt12_Vector_baseIdSaIdEEC2EmRKS0_ called 0 returned 0% blocks executed 0%
    #####:  330:      _Vector_base(size_t __n, const allocator_type& __a)
    #####:  331:      : _M_impl(__a)
    %%%%%:  331-block  0
call    0 never executed
    #####:  332:      { _M_create_storage(__n); }
call    0 never executed
branch  1 never executed
branch  2 never executed
    %%%%%:  332-block  0
    $$$$$:  332-block  1
call    3 never executed
------------------
_ZNSt12_Vector_baseINSt7__cxx1112basic_stringIcSt11char_traitsIcESaIcEEESaIS5_EEC2EmRKS6_:
function _ZNSt12_Vector_baseINSt7__cxx1112basic_stringIcSt11char_traitsIcESaIcEEESaIS5_EEC2EmRKS6_ called 2 returned 100% blocks executed 80%
        2:  330:      _Vector_base(size_t __n, const allocator_type& __a)
        2:  331:      : _M_impl(__a)
        2:  331-block  0
call    0 returned 2
        2:  332:      { _M_create_storage(__n); }
call    0 returned 2
branch  1 taken 2 (fallthrough)
branch  2 taken 0 (throw)
        2:  332-block  0
    $$$$$:  332-block  1
call    3 never executed
------------------
        -:  333:
        -:  334:#if __cplusplus >= 201103L
        -:  335:      _Vector_base(_Vector_base&&) = default;
        -:  336:
        -:  337:      // Kept for ABI compatibility.
        -:  338:# if !_GLIBCXX_INLINE_VERSION
        -:  339:      _GLIBCXX20_CONSTEXPR
        -:  340:      _Vector_base(_Tp_alloc_type&& __a) noexcept
        -:  341:      : _M_impl(std::move(__a)) { }
        -:  342:
        -:  343:      _GLIBCXX20_CONSTEXPR
        -:  344:      _Vector_base(_Vector_base&& __x, const allocator_type& __a)
        -:  345:      : _M_impl(__a)
        -:  346:      {
        -:  347:	if (__x.get_allocator() == __a)
        -:  348:	  this->_M_impl._M_swap_data(__x._M_impl);
        -:  349:	else
        -:  350:	  {
        -:  351:	    size_t __n = __x._M_impl._M_finish - __x._M_impl._M_start;
        -:  352:	    _M_create_storage(__n);
        -:  353:	  }
        -:  354:      }
        -:  355:# endif
        -:  356:
        -:  357:      _GLIBCXX20_CONSTEXPR
        -:  358:      _Vector_base(const allocator_type& __a, _Vector_base&& __x)
        -:  359:      : _M_impl(_Tp_alloc_type(__a), std::move(__x._M_impl))
        -:  360:      { }
        -:  361:#endif
        -:  362:
        -:  363:      _GLIBCXX20_CONSTEXPR
      44*:  364:      ~_Vector_base() _GLIBCXX_NOEXCEPT
        -:  365:      {
      44*:  366:	_M_deallocate(_M_impl._M_start,
      44*:  367:		      _M_impl._M_end_of_storage - _M_impl._M_start);
      44*:  368:      }
------------------
_ZNSt12_Vector_baseIN7testing8internal9TraceInfoESaIS2_EED2Ev:
function _ZNSt12_Vector_baseIN7testing8internal9TraceInfoESaIS2_EED2Ev called 0 returned 0% blocks executed 0%
    #####:  364:      ~_Vector_base() _GLIBCXX_NOEXCEPT
        -:  365:      {
    #####:  366:	_M_deallocate(_M_impl._M_start,
    #####:  367:		      _M_impl._M_end_of_storage - _M_impl._M_start);
    %%%%%:  367-block  0
call    0 never executed
    #####:  368:      }
call    0 never executed
------------------
_ZNSt12_Vector_baseISt6vectorIN7testing8internal13edit_distance8EditTypeESaIS4_EESaIS6_EED2Ev:
function _ZNSt12_Vector_baseISt6vectorIN7testing8internal13edit_distance8EditTypeESaIS4_EESaIS6_EED2Ev called 0 returned 0% blocks executed 0%
    #####:  364:      ~_Vector_base() _GLIBCXX_NOEXCEPT
        -:  365:      {
    #####:  366:	_M_deallocate(_M_impl._M_start,
    #####:  367:		      _M_impl._M_end_of_storage - _M_impl._M_start);
    %%%%%:  367-block  0
call    0 never executed
    #####:  368:      }
call    0 never executed
------------------
_ZNSt12_Vector_baseISt6vectorIdSaIdEESaIS2_EED2Ev:
function _ZNSt12_Vector_baseISt6vectorIdSaIdEESaIS2_EED2Ev called 0 returned 0% blocks executed 0%
    #####:  364:      ~_Vector_base() _GLIBCXX_NOEXCEPT
        -:  365:      {
    #####:  366:	_M_deallocate(_M_impl._M_start,
    #####:  367:		      _M_impl._M_end_of_storage - _M_impl._M_start);
    %%%%%:  367-block  0
call    0 never executed
    #####:  368:      }
call    0 never executed
------------------
_ZNSt12_Vector_baseIdSaIdEED2Ev:
function _ZNSt12_Vector_baseIdSaIdEED2Ev called 0 returned 0% blocks executed 0%
    #####:  364:      ~_Vector_base() _GLIBCXX_NOEXCEPT
        -:  365:      {
    #####:  366:	_M_deallocate(_M_impl._M_start,
    #####:  367:		      _M_impl._M_end_of_storage - _M_impl._M_start);
    %%%%%:  367-block  0
call    0 never executed
    #####:  368:      }
call    0 never executed
------------------
_ZNSt12_Vector_baseIPN7testing9TestSuiteESaIS2_EED2Ev:
function _ZNSt12_Vector_baseIPN7testing9TestSuiteESaIS2_EED2Ev called 1 returned 100% blocks executed 100%
        1:  364:      ~_Vector_base() _GLIBCXX_NOEXCEPT
        -:  365:      {
        1:  366:	_M_deallocate(_M_impl._M_start,
        1:  367:		      _M_impl._M_end_of_storage - _M_impl._M_start);
        1:  367-block  0
call    0 returned 1
        1:  368:      }
call    0 returned 1
------------------
_ZNSt12_Vector_baseIPN7testing11EnvironmentESaIS2_EED2Ev:
function _ZNSt12_Vector_baseIPN7testing11EnvironmentESaIS2_EED2Ev called 1 returned 100% blocks executed 100%
        1:  364:      ~_Vector_base() _GLIBCXX_NOEXCEPT
        -:  365:      {
        1:  366:	_M_deallocate(_M_impl._M_start,
        1:  367:		      _M_impl._M_end_of_storage - _M_impl._M_start);
        1:  367-block  0
call    0 returned 1
        1:  368:      }
call    0 returned 1
------------------
_ZNSt12_Vector_baseIPN7testing17TestEventListenerESaIS2_EED2Ev:
function _ZNSt12_Vector_baseIPN7testing17TestEventListenerESaIS2_EED2Ev called 1 returned 100% blocks executed 100%
        1:  364:      ~_Vector_base() _GLIBCXX_NOEXCEPT
        -:  365:      {
        1:  366:	_M_deallocate(_M_impl._M_start,
        1:  367:		      _M_impl._M_end_of_storage - _M_impl._M_start);
        1:  367-block  0
call    0 returned 1
        1:  368:      }
call    0 returned 1
------------------
_ZNSt12_Vector_baseIiSaIiEED2Ev:
function _ZNSt12_Vector_baseIiSaIiEED2Ev called 2 returned 100% blocks executed 100%
        2:  364:      ~_Vector_base() _GLIBCXX_NOEXCEPT
        -:  365:      {
        2:  366:	_M_deallocate(_M_impl._M_start,
        2:  367:		      _M_impl._M_end_of_storage - _M_impl._M_start);
        2:  367-block  0
call    0 returned 2
        2:  368:      }
call    0 returned 2
------------------
_ZNSt12_Vector_baseIPN7testing8TestInfoESaIS2_EED2Ev:
function _ZNSt12_Vector_baseIPN7testing8TestInfoESaIS2_EED2Ev called 1 returned 100% blocks executed 100%
        1:  364:      ~_Vector_base() _GLIBCXX_NOEXCEPT
        -:  365:      {
        1:  366:	_M_deallocate(_M_impl._M_start,
        1:  367:		      _M_impl._M_end_of_storage - _M_impl._M_start);
        1:  367-block  0
call    0 returned 1
        1:  368:      }
call    0 returned 1
------------------
_ZNSt12_Vector_baseIN7testing12TestPropertyESaIS1_EED2Ev:
function _ZNSt12_Vector_baseIN7testing12TestPropertyESaIS1_EED2Ev called 10 returned 100% blocks executed 100%
       10:  364:      ~_Vector_base() _GLIBCXX_NOEXCEPT
        -:  365:      {
       10:  366:	_M_deallocate(_M_impl._M_start,
       10:  367:		      _M_impl._M_end_of_storage - _M_impl._M_start);
       10:  367-block  0
call    0 returned 10
       10:  368:      }
call    0 returned 10
------------------
_ZNSt12_Vector_baseImSaImEED2Ev:
function _ZNSt12_Vector_baseImSaImEED2Ev called 0 returned 0% blocks executed 0%
    #####:  364:      ~_Vector_base() _GLIBCXX_NOEXCEPT
        -:  365:      {
    #####:  366:	_M_deallocate(_M_impl._M_start,
    #####:  367:		      _M_impl._M_end_of_storage - _M_impl._M_start);
    %%%%%:  367-block  0
call    0 never executed
    #####:  368:      }
call    0 never executed
------------------
_ZNSt12_Vector_baseIN7testing8internal13edit_distance8EditTypeESaIS3_EED2Ev:
function _ZNSt12_Vector_baseIN7testing8internal13edit_distance8EditTypeESaIS3_EED2Ev called 0 returned 0% blocks executed 0%
    #####:  364:      ~_Vector_base() _GLIBCXX_NOEXCEPT
        -:  365:      {
    #####:  366:	_M_deallocate(_M_impl._M_start,
    #####:  367:		      _M_impl._M_end_of_storage - _M_impl._M_start);
    %%%%%:  367-block  0
call    0 never executed
    #####:  368:      }
call    0 never executed
------------------
_ZNSt12_Vector_baseIPcSaIS0_EED2Ev:
function _ZNSt12_Vector_baseIPcSaIS0_EED2Ev called 0 returned 0% blocks executed 0%
    #####:  364:      ~_Vector_base() _GLIBCXX_NOEXCEPT
        -:  365:      {
    #####:  366:	_M_deallocate(_M_impl._M_start,
    #####:  367:		      _M_impl._M_end_of_storage - _M_impl._M_start);
    %%%%%:  367-block  0
call    0 never executed
    #####:  368:      }
call    0 never executed
------------------
_ZNSt12_Vector_baseINSt7__cxx1112basic_stringIcSt11char_traitsIcESaIcEEESaIS5_EED2Ev:
function _ZNSt12_Vector_baseINSt7__cxx1112basic_stringIcSt11char_traitsIcESaIcEEESaIS5_EED2Ev called 17 returned 100% blocks executed 100%
       17:  364:      ~_Vector_base() _GLIBCXX_NOEXCEPT
        -:  365:      {
       17:  366:	_M_deallocate(_M_impl._M_start,
       17:  367:		      _M_impl._M_end_of_storage - _M_impl._M_start);
       17:  367-block  0
call    0 returned 17
       17:  368:      }
call    0 returned 17
------------------
_ZNSt12_Vector_baseIPN7testing8internal30ParameterizedTestSuiteInfoBaseESaIS3_EED2Ev:
function _ZNSt12_Vector_baseIPN7testing8internal30ParameterizedTestSuiteInfoBaseESaIS3_EED2Ev called 1 returned 100% blocks executed 100%
        1:  364:      ~_Vector_base() _GLIBCXX_NOEXCEPT
        -:  365:      {
        1:  366:	_M_deallocate(_M_impl._M_start,
        1:  367:		      _M_impl._M_end_of_storage - _M_impl._M_start);
        1:  367-block  0
call    0 returned 1
        1:  368:      }
call    0 returned 1
------------------
_ZNSt12_Vector_baseIN7testing14TestPartResultESaIS1_EED2Ev:
function _ZNSt12_Vector_baseIN7testing14TestPartResultESaIS1_EED2Ev called 10 returned 100% blocks executed 100%
       10:  364:      ~_Vector_base() _GLIBCXX_NOEXCEPT
        -:  365:      {
       10:  366:	_M_deallocate(_M_impl._M_start,
       10:  367:		      _M_impl._M_end_of_storage - _M_impl._M_start);
       10:  367-block  0
call    0 returned 10
       10:  368:      }
call    0 returned 10
------------------
        -:  369:
        -:  370:    public:
        -:  371:      _Vector_impl _M_impl;
        -:  372:
        -:  373:      _GLIBCXX20_CONSTEXPR
        -:  374:      pointer
      25*:  375:      _M_allocate(size_t __n)
        -:  376:      {
        -:  377:	typedef __gnu_cxx::__alloc_traits<_Tp_alloc_type> _Tr;
      25*:  378:	return __n != 0 ? _Tr::allocate(_M_impl, __n) : pointer();
        -:  379:      }
------------------
_ZNSt12_Vector_baseIiSaIiEE11_M_allocateEm:
function _ZNSt12_Vector_baseIiSaIiEE11_M_allocateEm called 5 returned 100% blocks executed 83%
        5:  375:      _M_allocate(size_t __n)
        -:  376:      {
        -:  377:	typedef __gnu_cxx::__alloc_traits<_Tp_alloc_type> _Tr;
       5*:  378:	return __n != 0 ? _Tr::allocate(_M_impl, __n) : pointer();
        5:  378-block  0
branch  0 taken 5 (fallthrough)
branch  1 taken 0
        5:  378-block  1
call    2 returned 5
    %%%%%:  378-block  2
        5:  378-block  3
        -:  379:      }
------------------
_ZNSt12_Vector_baseImSaImEE11_M_allocateEm:
function _ZNSt12_Vector_baseImSaImEE11_M_allocateEm called 0 returned 0% blocks executed 0%
    #####:  375:      _M_allocate(size_t __n)
        -:  376:      {
        -:  377:	typedef __gnu_cxx::__alloc_traits<_Tp_alloc_type> _Tr;
    #####:  378:	return __n != 0 ? _Tr::allocate(_M_impl, __n) : pointer();
    %%%%%:  378-block  0
branch  0 never executed
branch  1 never executed
    %%%%%:  378-block  1
call    2 never executed
    %%%%%:  378-block  2
    %%%%%:  378-block  3
        -:  379:      }
------------------
_ZNSt12_Vector_baseISt6vectorIN7testing8internal13edit_distance8EditTypeESaIS4_EESaIS6_EE11_M_allocateEm:
function _ZNSt12_Vector_baseISt6vectorIN7testing8internal13edit_distance8EditTypeESaIS4_EESaIS6_EE11_M_allocateEm called 0 returned 0% blocks executed 0%
    #####:  375:      _M_allocate(size_t __n)
        -:  376:      {
        -:  377:	typedef __gnu_cxx::__alloc_traits<_Tp_alloc_type> _Tr;
    #####:  378:	return __n != 0 ? _Tr::allocate(_M_impl, __n) : pointer();
    %%%%%:  378-block  0
branch  0 never executed
branch  1 never executed
    %%%%%:  378-block  1
call    2 never executed
    %%%%%:  378-block  2
    %%%%%:  378-block  3
        -:  379:      }
------------------
_ZNSt12_Vector_baseISt6vectorIdSaIdEESaIS2_EE11_M_allocateEm:
function _ZNSt12_Vector_baseISt6vectorIdSaIdEESaIS2_EE11_M_allocateEm called 0 returned 0% blocks executed 0%
    #####:  375:      _M_allocate(size_t __n)
        -:  376:      {
        -:  377:	typedef __gnu_cxx::__alloc_traits<_Tp_alloc_type> _Tr;
    #####:  378:	return __n != 0 ? _Tr::allocate(_M_impl, __n) : pointer();
    %%%%%:  378-block  0
branch  0 never executed
branch  1 never executed
    %%%%%:  378-block  1
call    2 never executed
    %%%%%:  378-block  2
    %%%%%:  378-block  3
        -:  379:      }
------------------
_ZNSt12_Vector_baseIdSaIdEE11_M_allocateEm:
function _ZNSt12_Vector_baseIdSaIdEE11_M_allocateEm called 0 returned 0% blocks executed 0%
    #####:  375:      _M_allocate(size_t __n)
        -:  376:      {
        -:  377:	typedef __gnu_cxx::__alloc_traits<_Tp_alloc_type> _Tr;
    #####:  378:	return __n != 0 ? _Tr::allocate(_M_impl, __n) : pointer();
    %%%%%:  378-block  0
branch  0 never executed
branch  1 never executed
    %%%%%:  378-block  1
call    2 never executed
    %%%%%:  378-block  2
    %%%%%:  378-block  3
        -:  379:      }
------------------
_ZNSt12_Vector_baseIPcSaIS0_EE11_M_allocateEm:
function _ZNSt12_Vector_baseIPcSaIS0_EE11_M_allocateEm called 0 returned 0% blocks executed 0%
    #####:  375:      _M_allocate(size_t __n)
        -:  376:      {
        -:  377:	typedef __gnu_cxx::__alloc_traits<_Tp_alloc_type> _Tr;
    #####:  378:	return __n != 0 ? _Tr::allocate(_M_impl, __n) : pointer();
    %%%%%:  378-block  0
branch  0 never executed
branch  1 never executed
    %%%%%:  378-block  1
call    2 never executed
    %%%%%:  378-block  2
    %%%%%:  378-block  3
        -:  379:      }
------------------
_ZNSt12_Vector_baseIPN7testing9TestSuiteESaIS2_EE11_M_allocateEm:
function _ZNSt12_Vector_baseIPN7testing9TestSuiteESaIS2_EE11_M_allocateEm called 1 returned 100% blocks executed 83%
        1:  375:      _M_allocate(size_t __n)
        -:  376:      {
        -:  377:	typedef __gnu_cxx::__alloc_traits<_Tp_alloc_type> _Tr;
       1*:  378:	return __n != 0 ? _Tr::allocate(_M_impl, __n) : pointer();
        1:  378-block  0
branch  0 taken 1 (fallthrough)
branch  1 taken 0
        1:  378-block  1
call    2 returned 1
    %%%%%:  378-block  2
        1:  378-block  3
        -:  379:      }
------------------
_ZNSt12_Vector_baseIN7testing8internal9TraceInfoESaIS2_EE11_M_allocateEm:
function _ZNSt12_Vector_baseIN7testing8internal9TraceInfoESaIS2_EE11_M_allocateEm called 0 returned 0% blocks executed 0%
    #####:  375:      _M_allocate(size_t __n)
        -:  376:      {
        -:  377:	typedef __gnu_cxx::__alloc_traits<_Tp_alloc_type> _Tr;
    #####:  378:	return __n != 0 ? _Tr::allocate(_M_impl, __n) : pointer();
    %%%%%:  378-block  0
branch  0 never executed
branch  1 never executed
    %%%%%:  378-block  1
call    2 never executed
    %%%%%:  378-block  2
    %%%%%:  378-block  3
        -:  379:      }
------------------
_ZNSt12_Vector_baseIPN7testing11EnvironmentESaIS2_EE11_M_allocateEm:
function _ZNSt12_Vector_baseIPN7testing11EnvironmentESaIS2_EE11_M_allocateEm called 0 returned 0% blocks executed 0%
    #####:  375:      _M_allocate(size_t __n)
        -:  376:      {
        -:  377:	typedef __gnu_cxx::__alloc_traits<_Tp_alloc_type> _Tr;
    #####:  378:	return __n != 0 ? _Tr::allocate(_M_impl, __n) : pointer();
    %%%%%:  378-block  0
branch  0 never executed
branch  1 never executed
    %%%%%:  378-block  1
call    2 never executed
    %%%%%:  378-block  2
    %%%%%:  378-block  3
        -:  379:      }
------------------
_ZNSt12_Vector_baseIPN7testing17TestEventListenerESaIS2_EE11_M_allocateEm:
function _ZNSt12_Vector_baseIPN7testing17TestEventListenerESaIS2_EE11_M_allocateEm called 1 returned 100% blocks executed 83%
        1:  375:      _M_allocate(size_t __n)
        -:  376:      {
        -:  377:	typedef __gnu_cxx::__alloc_traits<_Tp_alloc_type> _Tr;
       1*:  378:	return __n != 0 ? _Tr::allocate(_M_impl, __n) : pointer();
        1:  378-block  0
branch  0 taken 1 (fallthrough)
branch  1 taken 0
        1:  378-block  1
call    2 returned 1
    %%%%%:  378-block  2
        1:  378-block  3
        -:  379:      }
------------------
_ZNSt12_Vector_baseIPN7testing8TestInfoESaIS2_EE11_M_allocateEm:
function _ZNSt12_Vector_baseIPN7testing8TestInfoESaIS2_EE11_M_allocateEm called 4 returned 100% blocks executed 83%
        4:  375:      _M_allocate(size_t __n)
        -:  376:      {
        -:  377:	typedef __gnu_cxx::__alloc_traits<_Tp_alloc_type> _Tr;
       4*:  378:	return __n != 0 ? _Tr::allocate(_M_impl, __n) : pointer();
        4:  378-block  0
branch  0 taken 4 (fallthrough)
branch  1 taken 0
        4:  378-block  1
call    2 returned 4
    %%%%%:  378-block  2
        4:  378-block  3
        -:  379:      }
------------------
_ZNSt12_Vector_baseIN7testing12TestPropertyESaIS1_EE11_M_allocateEm:
function _ZNSt12_Vector_baseIN7testing12TestPropertyESaIS1_EE11_M_allocateEm called 0 returned 0% blocks executed 0%
    #####:  375:      _M_allocate(size_t __n)
        -:  376:      {
        -:  377:	typedef __gnu_cxx::__alloc_traits<_Tp_alloc_type> _Tr;
    #####:  378:	return __n != 0 ? _Tr::allocate(_M_impl, __n) : pointer();
    %%%%%:  378-block  0
branch  0 never executed
branch  1 never executed
    %%%%%:  378-block  1
call    2 never executed
    %%%%%:  378-block  2
    %%%%%:  378-block  3
        -:  379:      }
------------------
_ZNSt12_Vector_baseIN7testing8internal13edit_distance8EditTypeESaIS3_EE11_M_allocateEm:
function _ZNSt12_Vector_baseIN7testing8internal13edit_distance8EditTypeESaIS3_EE11_M_allocateEm called 0 returned 0% blocks executed 0%
    #####:  375:      _M_allocate(size_t __n)
        -:  376:      {
        -:  377:	typedef __gnu_cxx::__alloc_traits<_Tp_alloc_type> _Tr;
    #####:  378:	return __n != 0 ? _Tr::allocate(_M_impl, __n) : pointer();
    %%%%%:  378-block  0
branch  0 never executed
branch  1 never executed
    %%%%%:  378-block  1
call    2 never executed
    %%%%%:  378-block  2
    %%%%%:  378-block  3
        -:  379:      }
------------------
_ZNSt12_Vector_baseIN7testing14TestPartResultESaIS1_EE11_M_allocateEm:
function _ZNSt12_Vector_baseIN7testing14TestPartResultESaIS1_EE11_M_allocateEm called 0 returned 0% blocks executed 0%
    #####:  375:      _M_allocate(size_t __n)
        -:  376:      {
        -:  377:	typedef __gnu_cxx::__alloc_traits<_Tp_alloc_type> _Tr;
    #####:  378:	return __n != 0 ? _Tr::allocate(_M_impl, __n) : pointer();
    %%%%%:  378-block  0
branch  0 never executed
branch  1 never executed
    %%%%%:  378-block  1
call    2 never executed
    %%%%%:  378-block  2
    %%%%%:  378-block  3
        -:  379:      }
------------------
_ZNSt12_Vector_baseINSt7__cxx1112basic_stringIcSt11char_traitsIcESaIcEEESaIS5_EE11_M_allocateEm:
function _ZNSt12_Vector_baseINSt7__cxx1112basic_stringIcSt11char_traitsIcESaIcEEESaIS5_EE11_M_allocateEm called 14 returned 100% blocks executed 100%
       14:  375:      _M_allocate(size_t __n)
        -:  376:      {
        -:  377:	typedef __gnu_cxx::__alloc_traits<_Tp_alloc_type> _Tr;
       14:  378:	return __n != 0 ? _Tr::allocate(_M_impl, __n) : pointer();
       14:  378-block  0
branch  0 taken 13 (fallthrough)
branch  1 taken 1
       13:  378-block  1
call    2 returned 13
        1:  378-block  2
       14:  378-block  3
        -:  379:      }
------------------
        -:  380:
        -:  381:      _GLIBCXX20_CONSTEXPR
        -:  382:      void
      67*:  383:      _M_deallocate(pointer __p, size_t __n)
        -:  384:      {
        -:  385:	typedef __gnu_cxx::__alloc_traits<_Tp_alloc_type> _Tr;
      67*:  386:	if (__p)
      24*:  387:	  _Tr::deallocate(_M_impl, __p, __n);
      67*:  388:      }
------------------
_ZNSt12_Vector_baseIN7testing8internal9TraceInfoESaIS2_EE13_M_deallocateEPS2_m:
function _ZNSt12_Vector_baseIN7testing8internal9TraceInfoESaIS2_EE13_M_deallocateEPS2_m called 0 returned 0% blocks executed 0%
    #####:  383:      _M_deallocate(pointer __p, size_t __n)
        -:  384:      {
        -:  385:	typedef __gnu_cxx::__alloc_traits<_Tp_alloc_type> _Tr;
    #####:  386:	if (__p)
    %%%%%:  386-block  0
branch  0 never executed
branch  1 never executed
    #####:  387:	  _Tr::deallocate(_M_impl, __p, __n);
    %%%%%:  387-block  0
call    0 never executed
    #####:  388:      }
------------------
_ZNSt12_Vector_baseISt6vectorIN7testing8internal13edit_distance8EditTypeESaIS4_EESaIS6_EE13_M_deallocateEPS6_m:
function _ZNSt12_Vector_baseISt6vectorIN7testing8internal13edit_distance8EditTypeESaIS4_EESaIS6_EE13_M_deallocateEPS6_m called 0 returned 0% blocks executed 0%
    #####:  383:      _M_deallocate(pointer __p, size_t __n)
        -:  384:      {
        -:  385:	typedef __gnu_cxx::__alloc_traits<_Tp_alloc_type> _Tr;
    #####:  386:	if (__p)
    %%%%%:  386-block  0
branch  0 never executed
branch  1 never executed
    #####:  387:	  _Tr::deallocate(_M_impl, __p, __n);
    %%%%%:  387-block  0
call    0 never executed
    #####:  388:      }
------------------
_ZNSt12_Vector_baseISt6vectorIdSaIdEESaIS2_EE13_M_deallocateEPS2_m:
function _ZNSt12_Vector_baseISt6vectorIdSaIdEESaIS2_EE13_M_deallocateEPS2_m called 0 returned 0% blocks executed 0%
    #####:  383:      _M_deallocate(pointer __p, size_t __n)
        -:  384:      {
        -:  385:	typedef __gnu_cxx::__alloc_traits<_Tp_alloc_type> _Tr;
    #####:  386:	if (__p)
    %%%%%:  386-block  0
branch  0 never executed
branch  1 never executed
    #####:  387:	  _Tr::deallocate(_M_impl, __p, __n);
    %%%%%:  387-block  0
call    0 never executed
    #####:  388:      }
------------------
_ZNSt12_Vector_baseIdSaIdEE13_M_deallocateEPdm:
function _ZNSt12_Vector_baseIdSaIdEE13_M_deallocateEPdm called 0 returned 0% blocks executed 0%
    #####:  383:      _M_deallocate(pointer __p, size_t __n)
        -:  384:      {
        -:  385:	typedef __gnu_cxx::__alloc_traits<_Tp_alloc_type> _Tr;
    #####:  386:	if (__p)
    %%%%%:  386-block  0
branch  0 never executed
branch  1 never executed
    #####:  387:	  _Tr::deallocate(_M_impl, __p, __n);
    %%%%%:  387-block  0
call    0 never executed
    #####:  388:      }
------------------
_ZNSt12_Vector_baseIPN7testing9TestSuiteESaIS2_EE13_M_deallocateEPS2_m:
function _ZNSt12_Vector_baseIPN7testing9TestSuiteESaIS2_EE13_M_deallocateEPS2_m called 2 returned 100% blocks executed 100%
        2:  383:      _M_deallocate(pointer __p, size_t __n)
        -:  384:      {
        -:  385:	typedef __gnu_cxx::__alloc_traits<_Tp_alloc_type> _Tr;
        2:  386:	if (__p)
        2:  386-block  0
branch  0 taken 1 (fallthrough)
branch  1 taken 1
        1:  387:	  _Tr::deallocate(_M_impl, __p, __n);
        1:  387-block  0
call    0 returned 1
        2:  388:      }
------------------
_ZNSt12_Vector_baseIPN7testing11EnvironmentESaIS2_EE13_M_deallocateEPS2_m:
function _ZNSt12_Vector_baseIPN7testing11EnvironmentESaIS2_EE13_M_deallocateEPS2_m called 1 returned 100% blocks executed 67%
        1:  383:      _M_deallocate(pointer __p, size_t __n)
        -:  384:      {
        -:  385:	typedef __gnu_cxx::__alloc_traits<_Tp_alloc_type> _Tr;
        1:  386:	if (__p)
        1:  386-block  0
branch  0 taken 0 (fallthrough)
branch  1 taken 1
    #####:  387:	  _Tr::deallocate(_M_impl, __p, __n);
    %%%%%:  387-block  0
call    0 never executed
        1:  388:      }
------------------
_ZNSt12_Vector_baseIPN7testing17TestEventListenerESaIS2_EE13_M_deallocateEPS2_m:
function _ZNSt12_Vector_baseIPN7testing17TestEventListenerESaIS2_EE13_M_deallocateEPS2_m called 2 returned 100% blocks executed 100%
        2:  383:      _M_deallocate(pointer __p, size_t __n)
        -:  384:      {
        -:  385:	typedef __gnu_cxx::__alloc_traits<_Tp_alloc_type> _Tr;
        2:  386:	if (__p)
        2:  386-block  0
branch  0 taken 1 (fallthrough)
branch  1 taken 1
        1:  387:	  _Tr::deallocate(_M_impl, __p, __n);
        1:  387-block  0
call    0 returned 1
        2:  388:      }
------------------
_ZNSt12_Vector_baseIiSaIiEE13_M_deallocateEPim:
function _ZNSt12_Vector_baseIiSaIiEE13_M_deallocateEPim called 7 returned 100% blocks executed 100%
        7:  383:      _M_deallocate(pointer __p, size_t __n)
        -:  384:      {
        -:  385:	typedef __gnu_cxx::__alloc_traits<_Tp_alloc_type> _Tr;
        7:  386:	if (__p)
        7:  386-block  0
branch  0 taken 5 (fallthrough)
branch  1 taken 2
        5:  387:	  _Tr::deallocate(_M_impl, __p, __n);
        5:  387-block  0
call    0 returned 5
        7:  388:      }
------------------
_ZNSt12_Vector_baseIPN7testing8TestInfoESaIS2_EE13_M_deallocateEPS2_m:
function _ZNSt12_Vector_baseIPN7testing8TestInfoESaIS2_EE13_M_deallocateEPS2_m called 5 returned 100% blocks executed 100%
        5:  383:      _M_deallocate(pointer __p, size_t __n)
        -:  384:      {
        -:  385:	typedef __gnu_cxx::__alloc_traits<_Tp_alloc_type> _Tr;
        5:  386:	if (__p)
        5:  386-block  0
branch  0 taken 4 (fallthrough)
branch  1 taken 1
        4:  387:	  _Tr::deallocate(_M_impl, __p, __n);
        4:  387-block  0
call    0 returned 4
        5:  388:      }
------------------
_ZNSt12_Vector_baseIN7testing12TestPropertyESaIS1_EE13_M_deallocateEPS1_m:
function _ZNSt12_Vector_baseIN7testing12TestPropertyESaIS1_EE13_M_deallocateEPS1_m called 10 returned 100% blocks executed 67%
       10:  383:      _M_deallocate(pointer __p, size_t __n)
        -:  384:      {
        -:  385:	typedef __gnu_cxx::__alloc_traits<_Tp_alloc_type> _Tr;
       10:  386:	if (__p)
       10:  386-block  0
branch  0 taken 0 (fallthrough)
branch  1 taken 10
    #####:  387:	  _Tr::deallocate(_M_impl, __p, __n);
    %%%%%:  387-block  0
call    0 never executed
       10:  388:      }
------------------
_ZNSt12_Vector_baseImSaImEE13_M_deallocateEPmm:
function _ZNSt12_Vector_baseImSaImEE13_M_deallocateEPmm called 0 returned 0% blocks executed 0%
    #####:  383:      _M_deallocate(pointer __p, size_t __n)
        -:  384:      {
        -:  385:	typedef __gnu_cxx::__alloc_traits<_Tp_alloc_type> _Tr;
    #####:  386:	if (__p)
    %%%%%:  386-block  0
branch  0 never executed
branch  1 never executed
    #####:  387:	  _Tr::deallocate(_M_impl, __p, __n);
    %%%%%:  387-block  0
call    0 never executed
    #####:  388:      }
------------------
_ZNSt12_Vector_baseIN7testing8internal13edit_distance8EditTypeESaIS3_EE13_M_deallocateEPS3_m:
function _ZNSt12_Vector_baseIN7testing8internal13edit_distance8EditTypeESaIS3_EE13_M_deallocateEPS3_m called 0 returned 0% blocks executed 0%
    #####:  383:      _M_deallocate(pointer __p, size_t __n)
        -:  384:      {
        -:  385:	typedef __gnu_cxx::__alloc_traits<_Tp_alloc_type> _Tr;
    #####:  386:	if (__p)
    %%%%%:  386-block  0
branch  0 never executed
branch  1 never executed
    #####:  387:	  _Tr::deallocate(_M_impl, __p, __n);
    %%%%%:  387-block  0
call    0 never executed
    #####:  388:      }
------------------
_ZNSt12_Vector_baseIPcSaIS0_EE13_M_deallocateEPS0_m:
function _ZNSt12_Vector_baseIPcSaIS0_EE13_M_deallocateEPS0_m called 0 returned 0% blocks executed 0%
    #####:  383:      _M_deallocate(pointer __p, size_t __n)
        -:  384:      {
        -:  385:	typedef __gnu_cxx::__alloc_traits<_Tp_alloc_type> _Tr;
    #####:  386:	if (__p)
    %%%%%:  386-block  0
branch  0 never executed
branch  1 never executed
    #####:  387:	  _Tr::deallocate(_M_impl, __p, __n);
    %%%%%:  387-block  0
call    0 never executed
    #####:  388:      }
------------------
_ZNSt12_Vector_baseINSt7__cxx1112basic_stringIcSt11char_traitsIcESaIcEEESaIS5_EE13_M_deallocateEPS5_m:
function _ZNSt12_Vector_baseINSt7__cxx1112basic_stringIcSt11char_traitsIcESaIcEEESaIS5_EE13_M_deallocateEPS5_m called 29 returned 100% blocks executed 100%
       29:  383:      _M_deallocate(pointer __p, size_t __n)
        -:  384:      {
        -:  385:	typedef __gnu_cxx::__alloc_traits<_Tp_alloc_type> _Tr;
       29:  386:	if (__p)
       29:  386-block  0
branch  0 taken 13 (fallthrough)
branch  1 taken 16
       13:  387:	  _Tr::deallocate(_M_impl, __p, __n);
       13:  387-block  0
call    0 returned 13
       29:  388:      }
------------------
_ZNSt12_Vector_baseIPN7testing8internal30ParameterizedTestSuiteInfoBaseESaIS3_EE13_M_deallocateEPS3_m:
function _ZNSt12_Vector_baseIPN7testing8internal30ParameterizedTestSuiteInfoBaseESaIS3_EE13_M_deallocateEPS3_m called 1 returned 100% blocks executed 67%
        1:  383:      _M_deallocate(pointer __p, size_t __n)
        -:  384:      {
        -:  385:	typedef __gnu_cxx::__alloc_traits<_Tp_alloc_type> _Tr;
        1:  386:	if (__p)
        1:  386-block  0
branch  0 taken 0 (fallthrough)
branch  1 taken 1
    #####:  387:	  _Tr::deallocate(_M_impl, __p, __n);
    %%%%%:  387-block  0
call    0 never executed
        1:  388:      }
------------------
_ZNSt12_Vector_baseIN7testing14TestPartResultESaIS1_EE13_M_deallocateEPS1_m:
function _ZNSt12_Vector_baseIN7testing14TestPartResultESaIS1_EE13_M_deallocateEPS1_m called 10 returned 100% blocks executed 67%
       10:  383:      _M_deallocate(pointer __p, size_t __n)
        -:  384:      {
        -:  385:	typedef __gnu_cxx::__alloc_traits<_Tp_alloc_type> _Tr;
       10:  386:	if (__p)
       10:  386-block  0
branch  0 taken 0 (fallthrough)
branch  1 taken 10
    #####:  387:	  _Tr::deallocate(_M_impl, __p, __n);
    %%%%%:  387-block  0
call    0 never executed
       10:  388:      }
------------------
        -:  389:
        -:  390:    protected:
        -:  391:      _GLIBCXX20_CONSTEXPR
        -:  392:      void
       2*:  393:      _M_create_storage(size_t __n)
        -:  394:      {
       2*:  395:	this->_M_impl._M_start = this->_M_allocate(__n);
       2*:  396:	this->_M_impl._M_finish = this->_M_impl._M_start;
       2*:  397:	this->_M_impl._M_end_of_storage = this->_M_impl._M_start + __n;
       2*:  398:      }
------------------
_ZNSt12_Vector_baseISt6vectorIN7testing8internal13edit_distance8EditTypeESaIS4_EESaIS6_EE17_M_create_storageEm:
function _ZNSt12_Vector_baseISt6vectorIN7testing8internal13edit_distance8EditTypeESaIS4_EESaIS6_EE17_M_create_storageEm called 0 returned 0% blocks executed 0%
    #####:  393:      _M_create_storage(size_t __n)
        -:  394:      {
    #####:  395:	this->_M_impl._M_start = this->_M_allocate(__n);
    %%%%%:  395-block  0
call    0 never executed
    #####:  396:	this->_M_impl._M_finish = this->_M_impl._M_start;
    #####:  397:	this->_M_impl._M_end_of_storage = this->_M_impl._M_start + __n;
    #####:  398:      }
------------------
_ZNSt12_Vector_baseIN7testing8internal13edit_distance8EditTypeESaIS3_EE17_M_create_storageEm:
function _ZNSt12_Vector_baseIN7testing8internal13edit_distance8EditTypeESaIS3_EE17_M_create_storageEm called 0 returned 0% blocks executed 0%
    #####:  393:      _M_create_storage(size_t __n)
        -:  394:      {
    #####:  395:	this->_M_impl._M_start = this->_M_allocate(__n);
    %%%%%:  395-block  0
call    0 never executed
    #####:  396:	this->_M_impl._M_finish = this->_M_impl._M_start;
    #####:  397:	this->_M_impl._M_end_of_storage = this->_M_impl._M_start + __n;
    #####:  398:      }
------------------
_ZNSt12_Vector_baseISt6vectorIdSaIdEESaIS2_EE17_M_create_storageEm:
function _ZNSt12_Vector_baseISt6vectorIdSaIdEESaIS2_EE17_M_create_storageEm called 0 returned 0% blocks executed 0%
    #####:  393:      _M_create_storage(size_t __n)
        -:  394:      {
    #####:  395:	this->_M_impl._M_start = this->_M_allocate(__n);
    %%%%%:  395-block  0
call    0 never executed
    #####:  396:	this->_M_impl._M_finish = this->_M_impl._M_start;
    #####:  397:	this->_M_impl._M_end_of_storage = this->_M_impl._M_start + __n;
    #####:  398:      }
------------------
_ZNSt12_Vector_baseIdSaIdEE17_M_create_storageEm:
function _ZNSt12_Vector_baseIdSaIdEE17_M_create_storageEm called 0 returned 0% blocks executed 0%
    #####:  393:      _M_create_storage(size_t __n)
        -:  394:      {
    #####:  395:	this->_M_impl._M_start = this->_M_allocate(__n);
    %%%%%:  395-block  0
call    0 never executed
    #####:  396:	this->_M_impl._M_finish = this->_M_impl._M_start;
[...]
        -: 1915:	// (even if std::allocator_traits::max_size says we can).
        8: 1916:	const size_t __diffmax
        -: 1917:	  = __gnu_cxx::__numeric_traits<ptrdiff_t>::__max / sizeof(_Tp);
        8: 1918:	const size_t __allocmax = _Alloc_traits::max_size(__a);
        8: 1918-block  0
call    0 returned 8
        8: 1919:	return (std::min)(__diffmax, __allocmax);
call    0 returned 8
        -: 1920:      }
------------------
_ZNSt6vectorIN7testing12TestPropertyESaIS1_EE11_S_max_sizeERKS2_:
function _ZNSt6vectorIN7testing12TestPropertyESaIS1_EE11_S_max_sizeERKS2_ called 0 returned 0% blocks executed 0%
    #####: 1911:      _S_max_size(const _Tp_alloc_type& __a) _GLIBCXX_NOEXCEPT
        -: 1912:      {
        -: 1913:	// std::distance(begin(), end()) cannot be greater than PTRDIFF_MAX,
        -: 1914:	// and realistically we can't store more than PTRDIFF_MAX/sizeof(T)
        -: 1915:	// (even if std::allocator_traits::max_size says we can).
    #####: 1916:	const size_t __diffmax
        -: 1917:	  = __gnu_cxx::__numeric_traits<ptrdiff_t>::__max / sizeof(_Tp);
    #####: 1918:	const size_t __allocmax = _Alloc_traits::max_size(__a);
    %%%%%: 1918-block  0
call    0 never executed
    #####: 1919:	return (std::min)(__diffmax, __allocmax);
call    0 never executed
        -: 1920:      }
------------------
_ZNSt6vectorIN7testing14TestPartResultESaIS1_EE11_S_max_sizeERKS2_:
function _ZNSt6vectorIN7testing14TestPartResultESaIS1_EE11_S_max_sizeERKS2_ called 0 returned 0% blocks executed 0%
    #####: 1911:      _S_max_size(const _Tp_alloc_type& __a) _GLIBCXX_NOEXCEPT
        -: 1912:      {
        -: 1913:	// std::distance(begin(), end()) cannot be greater than PTRDIFF_MAX,
        -: 1914:	// and realistically we can't store more than PTRDIFF_MAX/sizeof(T)
        -: 1915:	// (even if std::allocator_traits::max_size says we can).
    #####: 1916:	const size_t __diffmax
        -: 1917:	  = __gnu_cxx::__numeric_traits<ptrdiff_t>::__max / sizeof(_Tp);
    #####: 1918:	const size_t __allocmax = _Alloc_traits::max_size(__a);
    %%%%%: 1918-block  0
call    0 never executed
    #####: 1919:	return (std::min)(__diffmax, __allocmax);
call    0 never executed
        -: 1920:      }
------------------
_ZNSt6vectorIS_IN7testing8internal13edit_distance8EditTypeESaIS3_EESaIS5_EE11_S_max_sizeERKS6_:
function _ZNSt6vectorIS_IN7testing8internal13edit_distance8EditTypeESaIS3_EESaIS5_EE11_S_max_sizeERKS6_ called 0 returned 0% blocks executed 0%
    #####: 1911:      _S_max_size(const _Tp_alloc_type& __a) _GLIBCXX_NOEXCEPT
        -: 1912:      {
        -: 1913:	// std::distance(begin(), end()) cannot be greater than PTRDIFF_MAX,
        -: 1914:	// and realistically we can't store more than PTRDIFF_MAX/sizeof(T)
        -: 1915:	// (even if std::allocator_traits::max_size says we can).
    #####: 1916:	const size_t __diffmax
        -: 1917:	  = __gnu_cxx::__numeric_traits<ptrdiff_t>::__max / sizeof(_Tp);
    #####: 1918:	const size_t __allocmax = _Alloc_traits::max_size(__a);
    %%%%%: 1918-block  0
call    0 never executed
    #####: 1919:	return (std::min)(__diffmax, __allocmax);
call    0 never executed
        -: 1920:      }
------------------
_ZNSt6vectorIN7testing8internal13edit_distance8EditTypeESaIS3_EE11_S_max_sizeERKS4_:
function _ZNSt6vectorIN7testing8internal13edit_distance8EditTypeESaIS3_EE11_S_max_sizeERKS4_ called 0 returned 0% blocks executed 0%
    #####: 1911:      _S_max_size(const _Tp_alloc_type& __a) _GLIBCXX_NOEXCEPT
        -: 1912:      {
        -: 1913:	// std::distance(begin(), end()) cannot be greater than PTRDIFF_MAX,
        -: 1914:	// and realistically we can't store more than PTRDIFF_MAX/sizeof(T)
        -: 1915:	// (even if std::allocator_traits::max_size says we can).
    #####: 1916:	const size_t __diffmax
        -: 1917:	  = __gnu_cxx::__numeric_traits<ptrdiff_t>::__max / sizeof(_Tp);
    #####: 1918:	const size_t __allocmax = _Alloc_traits::max_size(__a);
    %%%%%: 1918-block  0
call    0 never executed
    #####: 1919:	return (std::min)(__diffmax, __allocmax);
call    0 never executed
        -: 1920:      }
------------------
_ZNSt6vectorIS_IdSaIdEESaIS1_EE11_S_max_sizeERKS2_:
function _ZNSt6vectorIS_IdSaIdEESaIS1_EE11_S_max_sizeERKS2_ called 0 returned 0% blocks executed 0%
    #####: 1911:      _S_max_size(const _Tp_alloc_type& __a) _GLIBCXX_NOEXCEPT
        -: 1912:      {
        -: 1913:	// std::distance(begin(), end()) cannot be greater than PTRDIFF_MAX,
        -: 1914:	// and realistically we can't store more than PTRDIFF_MAX/sizeof(T)
        -: 1915:	// (even if std::allocator_traits::max_size says we can).
    #####: 1916:	const size_t __diffmax
        -: 1917:	  = __gnu_cxx::__numeric_traits<ptrdiff_t>::__max / sizeof(_Tp);
    #####: 1918:	const size_t __allocmax = _Alloc_traits::max_size(__a);
    %%%%%: 1918-block  0
call    0 never executed
    #####: 1919:	return (std::min)(__diffmax, __allocmax);
call    0 never executed
        -: 1920:      }
------------------
_ZNSt6vectorIdSaIdEE11_S_max_sizeERKS0_:
function _ZNSt6vectorIdSaIdEE11_S_max_sizeERKS0_ called 0 returned 0% blocks executed 0%
    #####: 1911:      _S_max_size(const _Tp_alloc_type& __a) _GLIBCXX_NOEXCEPT
        -: 1912:      {
        -: 1913:	// std::distance(begin(), end()) cannot be greater than PTRDIFF_MAX,
        -: 1914:	// and realistically we can't store more than PTRDIFF_MAX/sizeof(T)
        -: 1915:	// (even if std::allocator_traits::max_size says we can).
    #####: 1916:	const size_t __diffmax
        -: 1917:	  = __gnu_cxx::__numeric_traits<ptrdiff_t>::__max / sizeof(_Tp);
    #####: 1918:	const size_t __allocmax = _Alloc_traits::max_size(__a);
    %%%%%: 1918-block  0
call    0 never executed
    #####: 1919:	return (std::min)(__diffmax, __allocmax);
call    0 never executed
        -: 1920:      }
------------------
_ZNSt6vectorINSt7__cxx1112basic_stringIcSt11char_traitsIcESaIcEEESaIS5_EE11_S_max_sizeERKS6_:
function _ZNSt6vectorINSt7__cxx1112basic_stringIcSt11char_traitsIcESaIcEEESaIS5_EE11_S_max_sizeERKS6_ called 21 returned 100% blocks executed 100%
       21: 1911:      _S_max_size(const _Tp_alloc_type& __a) _GLIBCXX_NOEXCEPT
        -: 1912:      {
        -: 1913:	// std::distance(begin(), end()) cannot be greater than PTRDIFF_MAX,
        -: 1914:	// and realistically we can't store more than PTRDIFF_MAX/sizeof(T)
        -: 1915:	// (even if std::allocator_traits::max_size says we can).
       21: 1916:	const size_t __diffmax
        -: 1917:	  = __gnu_cxx::__numeric_traits<ptrdiff_t>::__max / sizeof(_Tp);
       21: 1918:	const size_t __allocmax = _Alloc_traits::max_size(__a);
       21: 1918-block  0
call    0 returned 21
       21: 1919:	return (std::min)(__diffmax, __allocmax);
call    0 returned 21
        -: 1920:      }
------------------
        -: 1921:
        -: 1922:      // Internal erase functions follow.
        -: 1923:
        -: 1924:      // Called by erase(q1,q2), clear(), resize(), _M_fill_assign,
        -: 1925:      // _M_assign_aux.
        -: 1926:      _GLIBCXX20_CONSTEXPR
        -: 1927:      void
       19: 1928:      _M_erase_at_end(pointer __pos) _GLIBCXX_NOEXCEPT
        -: 1929:      {
       19: 1930:	if (size_type __n = this->_M_impl._M_finish - __pos)
        -: 1931:	  {
    #####: 1932:	    std::_Destroy(__pos, this->_M_impl._M_finish,
    #####: 1933:			  _M_get_Tp_allocator());
    #####: 1934:	    this->_M_impl._M_finish = __pos;
        -: 1935:	    _GLIBCXX_ASAN_ANNOTATE_SHRINK(__n);
        -: 1936:	  }
       19: 1937:      }
------------------
_ZNSt6vectorINSt7__cxx1112basic_stringIcSt11char_traitsIcESaIcEEESaIS5_EE15_M_erase_at_endEPS5_:
function _ZNSt6vectorINSt7__cxx1112basic_stringIcSt11char_traitsIcESaIcEEESaIS5_EE15_M_erase_at_endEPS5_ called 1 returned 100% blocks executed 40%
        1: 1928:      _M_erase_at_end(pointer __pos) _GLIBCXX_NOEXCEPT
        -: 1929:      {
        1: 1930:	if (size_type __n = this->_M_impl._M_finish - __pos)
        1: 1930-block  0
branch  0 taken 0 (fallthrough)
branch  1 taken 1
        -: 1931:	  {
    #####: 1932:	    std::_Destroy(__pos, this->_M_impl._M_finish,
call    0 never executed
    #####: 1933:			  _M_get_Tp_allocator());
    %%%%%: 1933-block  0
call    0 never executed
    #####: 1934:	    this->_M_impl._M_finish = __pos;
        -: 1935:	    _GLIBCXX_ASAN_ANNOTATE_SHRINK(__n);
        -: 1936:	  }
        1: 1937:      }
------------------
_ZNSt6vectorIN7testing12TestPropertyESaIS1_EE15_M_erase_at_endEPS1_:
function _ZNSt6vectorIN7testing12TestPropertyESaIS1_EE15_M_erase_at_endEPS1_ called 9 returned 100% blocks executed 40%
        9: 1928:      _M_erase_at_end(pointer __pos) _GLIBCXX_NOEXCEPT
        -: 1929:      {
        9: 1930:	if (size_type __n = this->_M_impl._M_finish - __pos)
        9: 1930-block  0
branch  0 taken 0 (fallthrough)
branch  1 taken 9
        -: 1931:	  {
    #####: 1932:	    std::_Destroy(__pos, this->_M_impl._M_finish,
call    0 never executed
    #####: 1933:			  _M_get_Tp_allocator());
    %%%%%: 1933-block  0
call    0 never executed
    #####: 1934:	    this->_M_impl._M_finish = __pos;
        -: 1935:	    _GLIBCXX_ASAN_ANNOTATE_SHRINK(__n);
        -: 1936:	  }
        9: 1937:      }
------------------
_ZNSt6vectorIN7testing14TestPartResultESaIS1_EE15_M_erase_at_endEPS1_:
function _ZNSt6vectorIN7testing14TestPartResultESaIS1_EE15_M_erase_at_endEPS1_ called 9 returned 100% blocks executed 40%
        9: 1928:      _M_erase_at_end(pointer __pos) _GLIBCXX_NOEXCEPT
        -: 1929:      {
        9: 1930:	if (size_type __n = this->_M_impl._M_finish - __pos)
        9: 1930-block  0
branch  0 taken 0 (fallthrough)
branch  1 taken 9
        -: 1931:	  {
    #####: 1932:	    std::_Destroy(__pos, this->_M_impl._M_finish,
call    0 never executed
    #####: 1933:			  _M_get_Tp_allocator());
    %%%%%: 1933-block  0
call    0 never executed
    #####: 1934:	    this->_M_impl._M_finish = __pos;
        -: 1935:	    _GLIBCXX_ASAN_ANNOTATE_SHRINK(__n);
        -: 1936:	  }
        9: 1937:      }
------------------
        -: 1938:
        -: 1939:      _GLIBCXX20_CONSTEXPR
        -: 1940:      iterator
        -: 1941:      _M_erase(iterator __position);
        -: 1942:
        -: 1943:      _GLIBCXX20_CONSTEXPR
        -: 1944:      iterator
        -: 1945:      _M_erase(iterator __first, iterator __last);
        -: 1946:
        -: 1947:#if __cplusplus >= 201103L
        -: 1948:    private:
        -: 1949:      // Constant-time move assignment when source object's memory can be
        -: 1950:      // moved, either because the source's allocator will move too
        -: 1951:      // or because the allocators are equal.
        -: 1952:      _GLIBCXX20_CONSTEXPR
        -: 1953:      void
function _ZNSt6vectorINSt7__cxx1112basic_stringIcSt11char_traitsIcESaIcEEESaIS5_EE14_M_move_assignEOS7_St17integral_constantIbLb1EE called 1 returned 100% blocks executed 100%
        1: 1954:      _M_move_assign(vector&& __x, true_type) noexcept
        -: 1955:      {
        1: 1956:	vector __tmp(get_allocator());
        1: 1956-block  0
call    0 returned 1
call    1 returned 1
call    2 returned 1
        1: 1957:	this->_M_impl._M_swap_data(__x._M_impl);
call    0 returned 1
        1: 1958:	__tmp._M_impl._M_swap_data(__x._M_impl);
call    0 returned 1
        1: 1959:	std::__alloc_on_move(_M_get_Tp_allocator(), __x._M_get_Tp_allocator());
call    0 returned 1
call    1 returned 1
call    2 returned 1
        1: 1960:      }
call    0 returned 1
        -: 1961:
        -: 1962:      // Do move assignment when it might not be possible to move source
        -: 1963:      // object's memory, resulting in a linear-time operation.
        -: 1964:      _GLIBCXX20_CONSTEXPR
        -: 1965:      void
        -: 1966:      _M_move_assign(vector&& __x, false_type)
        -: 1967:      {
        -: 1968:	if (__x._M_get_Tp_allocator() == this->_M_get_Tp_allocator())
        -: 1969:	  _M_move_assign(std::move(__x), true_type());
        -: 1970:	else
        -: 1971:	  {
        -: 1972:	    // The rvalue's allocator cannot be moved and is not equal,
        -: 1973:	    // so we need to individually move each element.
        -: 1974:	    this->_M_assign_aux(std::make_move_iterator(__x.begin()),
        -: 1975:			        std::make_move_iterator(__x.end()),
        -: 1976:				std::random_access_iterator_tag());
        -: 1977:	    __x.clear();
        -: 1978:	  }
        -: 1979:      }
        -: 1980:#endif
        -: 1981:
        -: 1982:      template<typename _Up>
        -: 1983:	_GLIBCXX20_CONSTEXPR
        -: 1984:	_Up*
        -: 1985:	_M_data_ptr(_Up* __ptr) const _GLIBCXX_NOEXCEPT
        -: 1986:	{ return __ptr; }
        -: 1987:
        -: 1988:#if __cplusplus >= 201103L
        -: 1989:      template<typename _Ptr>
        -: 1990:	_GLIBCXX20_CONSTEXPR
        -: 1991:	typename std::pointer_traits<_Ptr>::element_type*
        -: 1992:	_M_data_ptr(_Ptr __ptr) const
        -: 1993:	{ return empty() ? nullptr : std::__to_address(__ptr); }
        -: 1994:#else
        -: 1995:      template<typename _Up>
        -: 1996:	_Up*
        -: 1997:	_M_data_ptr(_Up* __ptr) _GLIBCXX_NOEXCEPT
        -: 1998:	{ return __ptr; }
        -: 1999:
        -: 2000:      template<typename _Ptr>
        -: 2001:	value_type*
        -: 2002:	_M_data_ptr(_Ptr __ptr)
        -: 2003:	{ return empty() ? (value_type*)0 : __ptr.operator->(); }
        -: 2004:
        -: 2005:      template<typename _Ptr>
        -: 2006:	const value_type*
        -: 2007:	_M_data_ptr(_Ptr __ptr) const
        -: 2008:	{ return empty() ? (const value_type*)0 : __ptr.operator->(); }
        -: 2009:#endif
        -: 2010:    };
        -: 2011:
        -: 2012:#if __cpp_deduction_guides >= 201606
        -: 2013:  template<typename _InputIterator, typename _ValT
        -: 2014:	     = typename iterator_traits<_InputIterator>::value_type,
        -: 2015:	   typename _Allocator = allocator<_ValT>,
        -: 2016:	   typename = _RequireInputIter<_InputIterator>,
        -: 2017:	   typename = _RequireAllocator<_Allocator>>
        -: 2018:    vector(_InputIterator, _InputIterator, _Allocator = _Allocator())
        -: 2019:      -> vector<_ValT, _Allocator>;
        -: 2020:#endif
        -: 2021:
        -: 2022:  /**
        -: 2023:   *  @brief  Vector equality comparison.
        -: 2024:   *  @param  __x  A %vector.
        -: 2025:   *  @param  __y  A %vector of the same type as @a __x.
        -: 2026:   *  @return  True iff the size and elements of the vectors are equal.
        -: 2027:   *
        -: 2028:   *  This is an equivalence relation.  It is linear in the size of the
        -: 2029:   *  vectors.  Vectors are considered equivalent if their sizes are equal,
        -: 2030:   *  and if corresponding elements compare equal.
        -: 2031:  */
        -: 2032:  template<typename _Tp, typename _Alloc>
        -: 2033:    _GLIBCXX20_CONSTEXPR
        -: 2034:    inline bool
        -: 2035:    operator==(const vector<_Tp, _Alloc>& __x, const vector<_Tp, _Alloc>& __y)
        -: 2036:    { return (__x.size() == __y.size()
        -: 2037:	      && std::equal(__x.begin(), __x.end(), __y.begin())); }
        -: 2038:
        -: 2039:#if __cpp_lib_three_way_comparison
        -: 2040:  /**
        -: 2041:   *  @brief  Vector ordering relation.
        -: 2042:   *  @param  __x  A `vector`.
        -: 2043:   *  @param  __y  A `vector` of the same type as `__x`.
        -: 2044:   *  @return  A value indicating whether `__x` is less than, equal to,
        -: 2045:   *           greater than, or incomparable with `__y`.
        -: 2046:   *
        -: 2047:   *  See `std::lexicographical_compare_three_way()` for how the determination
        -: 2048:   *  is made. This operator is used to synthesize relational operators like
        -: 2049:   *  `<` and `>=` etc.
        -: 2050:  */
        -: 2051:  template<typename _Tp, typename _Alloc>
        -: 2052:    _GLIBCXX20_CONSTEXPR
        -: 2053:    inline __detail::__synth3way_t<_Tp>
        -: 2054:    operator<=>(const vector<_Tp, _Alloc>& __x, const vector<_Tp, _Alloc>& __y)
        -: 2055:    {
        -: 2056:      return std::lexicographical_compare_three_way(__x.begin(), __x.end(),
        -: 2057:						    __y.begin(), __y.end(),
        -: 2058:						    __detail::__synth3way);
        -: 2059:    }
        -: 2060:#else
        -: 2061:  /**
        -: 2062:   *  @brief  Vector ordering relation.
        -: 2063:   *  @param  __x  A %vector.
        -: 2064:   *  @param  __y  A %vector of the same type as @a __x.
        -: 2065:   *  @return  True iff @a __x is lexicographically less than @a __y.
        -: 2066:   *
        -: 2067:   *  This is a total ordering relation.  It is linear in the size of the
        -: 2068:   *  vectors.  The elements must be comparable with @c <.
        -: 2069:   *
        -: 2070:   *  See std::lexicographical_compare() for how the determination is made.
        -: 2071:  */
        -: 2072:  template<typename _Tp, typename _Alloc>
        -: 2073:    inline bool
        -: 2074:    operator<(const vector<_Tp, _Alloc>& __x, const vector<_Tp, _Alloc>& __y)
        -: 2075:    { return std::lexicographical_compare(__x.begin(), __x.end(),
        -: 2076:					  __y.begin(), __y.end()); }
        -: 2077:
        -: 2078:  /// Based on operator==
        -: 2079:  template<typename _Tp, typename _Alloc>
        -: 2080:    inline bool
        -: 2081:    operator!=(const vector<_Tp, _Alloc>& __x, const vector<_Tp, _Alloc>& __y)
        -: 2082:    { return !(__x == __y); }
        -: 2083:
        -: 2084:  /// Based on operator<
        -: 2085:  template<typename _Tp, typename _Alloc>
        -: 2086:    inline bool
        -: 2087:    operator>(const vector<_Tp, _Alloc>& __x, const vector<_Tp, _Alloc>& __y)
        -: 2088:    { return __y < __x; }
        -: 2089:
        -: 2090:  /// Based on operator<
        -: 2091:  template<typename _Tp, typename _Alloc>
        -: 2092:    inline bool
        -: 2093:    operator<=(const vector<_Tp, _Alloc>& __x, const vector<_Tp, _Alloc>& __y)
        -: 2094:    { return !(__y < __x); }
        -: 2095:
        -: 2096:  /// Based on operator<
        -: 2097:  template<typename _Tp, typename _Alloc>
        -: 2098:    inline bool
        -: 2099:    operator>=(const vector<_Tp, _Alloc>& __x, const vector<_Tp, _Alloc>& __y)
        -: 2100:    { return !(__x < __y); }
        -: 2101:#endif // three-way comparison
        -: 2102:
        -: 2103:  /// See std::vector::swap().
        -: 2104:  template<typename _Tp, typename _Alloc>
        -: 2105:    _GLIBCXX20_CONSTEXPR
        -: 2106:    inline void
        -: 2107:    swap(vector<_Tp, _Alloc>& __x, vector<_Tp, _Alloc>& __y)
        -: 2108:    _GLIBCXX_NOEXCEPT_IF(noexcept(__x.swap(__y)))
        -: 2109:    { __x.swap(__y); }
        -: 2110:
        -: 2111:_GLIBCXX_END_NAMESPACE_CONTAINER
        -: 2112:
        -: 2113:#if __cplusplus >= 201703L
        -: 2114:  namespace __detail::__variant
        -: 2115:  {
        -: 2116:    template<typename> struct _Never_valueless_alt; // see <variant>
        -: 2117:
        -: 2118:    // Provide the strong exception-safety guarantee when emplacing a
        -: 2119:    // vector into a variant, but only if move assignment cannot throw.
        -: 2120:    template<typename _Tp, typename _Alloc>
        -: 2121:      struct _Never_valueless_alt<_GLIBCXX_STD_C::vector<_Tp, _Alloc>>
        -: 2122:      : std::is_nothrow_move_assignable<_GLIBCXX_STD_C::vector<_Tp, _Alloc>>
        -: 2123:      { };
        -: 2124:  }  // namespace __detail::__variant
        -: 2125:#endif // C++17
        -: 2126:
        -: 2127:_GLIBCXX_END_NAMESPACE_VERSION
        -: 2128:} // namespace std
        -: 2129:
        -: 2130:#endif /* _STL_VECTOR_H */
