        -:    0:Source:/users/info/etu-2a/garnmael/R3.04/TPs/TP06/salarieTest.cpp
        -:    0:Graph:/users/info/etu-2a/garnmael/R3.04/TPs/TP06/cmake-build-debug-coverage/CMakeFiles/salarieTest.dir/salarieTest.cpp.gcno
        -:    0:Data:/users/info/etu-2a/garnmael/R3.04/TPs/TP06/cmake-build-debug-coverage/CMakeFiles/salarieTest.dir/salarieTest.cpp.gcda
        -:    0:Runs:1
        -:    1:#include "gtest/gtest.h"
        -:    2:#include <map>
        -:    3:#include "Salarie.h"
        -:    4:#include "SalarieException.h"
        -:    5:using namespace std;
        -:    6:
        4:    7:TEST(SalarieTest, Constructeur) {
        -:    8:    // A COMPLETER : tester Salarie::Salarie
       4*:    9:    EXPECT_THROW(Salarie * salarie1 = new Salarie(""), NomIncorrectException);
       4*:   10:    EXPECT_THROW(Salarie * salarie1 = new Salarie("65465"), NomIncorrectException);
       4*:   11:    EXPECT_THROW(Salarie * salarie1 = new Salarie("pa.ul"), NomIncorrectException);
       4*:   12:    EXPECT_THROW(Salarie * salarie1 = new Salarie("-paul-"), NomIncorrectException);
       1*:   13:    EXPECT_NO_THROW(Salarie * salarie1 = new Salarie("paul"));
        1:   14:    Salarie * salarie1 = new Salarie("paul");
       1*:   15:    EXPECT_EQ("PAUL", salarie1->getNom());
        1:   16:    delete salarie1;
        -:   17:
       6*:   18:    EXPECT_THROW(Salarie * salarie1 = new Salarie("paul", "123"), NumeroIncorrectException);
       1*:   19:    EXPECT_NO_THROW(Salarie * salarie1 = new Salarie("paul", "1234567891234"));
        1:   20:    salarie1 = new Salarie("paul", "1234567891234");
       1*:   21:    EXPECT_EQ("1234567891234", salarie1->getNumeroSS());
        1:   22:    delete salarie1;
        -:   23:
       6*:   24:    EXPECT_THROW(Salarie * salarie1 = new Salarie("paul", "1234567891234", 1), SalaireIncorrectException);
       1*:   25:    EXPECT_NO_THROW(Salarie * salarie1 = new Salarie("paul", "1234567891234", 1300));
        1:   26:    salarie1 = new Salarie("paul", "1234567891234", 1300);
       1*:   27:    EXPECT_EQ(1300, salarie1->getSalaireMensuel());
        -:   28:
       1*:   29:    EXPECT_EQ(salarie1->TRANCHES_IMPOT.find(26600)->second * (1300*12.0f), salarie1->getImpot());
        1:   30:    delete salarie1;
        1:   31:}
------------------
_ZN29SalarieTest_Constructeur_TestC2Ev:
function _ZN29SalarieTest_Constructeur_TestC2Ev called 1 returned 100% blocks executed 100%
        1:    7:TEST(SalarieTest, Constructeur) {
        1:    7-block  0
call    0 returned 1
------------------
_ZN29SalarieTest_Constructeur_TestD0Ev:
function _ZN29SalarieTest_Constructeur_TestD0Ev called 1 returned 100% blocks executed 100%
        1:    7:TEST(SalarieTest, Constructeur) {
        1:    7-block  0
call    0 returned 1
call    1 returned 1
------------------
_ZN29SalarieTest_Constructeur_TestD2Ev:
function _ZN29SalarieTest_Constructeur_TestD2Ev called 1 returned 100% blocks executed 100%
        1:    7:TEST(SalarieTest, Constructeur) {
        1:    7-block  0
call    0 returned 1
------------------
_ZN29SalarieTest_Constructeur_Test8TestBodyEv:
function _ZN29SalarieTest_Constructeur_Test8TestBodyEv called 1 returned 100% blocks executed 33%
        1:    7:TEST(SalarieTest, Constructeur) {
        -:    8:    // A COMPLETER : tester Salarie::Salarie
       4*:    9:    EXPECT_THROW(Salarie * salarie1 = new Salarie(""), NomIncorrectException);
        1:    9-block  0
call    0 returned 1
call    1 returned 1
branch  2 taken 1 (fallthrough)
branch  3 taken 0
        1:    9-block  1
call    4 returned 1
branch  5 taken 1 (fallthrough)
branch  6 taken 0 (throw)
        1:    9-block  2
branch  7 taken 1 (fallthrough)
branch  8 taken 0
        1:    9-block  3
call    9 returned 1
branch 10 taken 1 (fallthrough)
branch 11 taken 0 (throw)
        1:    9-block  4
call   12 returned 1
call   13 returned 1
branch 14 taken 1 (fallthrough)
branch 15 taken 0 (throw)
        1:    9-block  5
call   16 returned 1
branch 17 taken 0 (fallthrough)
branch 18 taken 1 (throw)
    %%%%%:    9-block  6
call   19 never executed
call   20 never executed
        1:    9-block  7
branch 21 taken 0 (fallthrough)
branch 22 taken 1
    %%%%%:    9-block  8
call   23 never executed
branch 24 never executed
branch 25 never executed
    %%%%%:    9-block  9
    %%%%%:    9-block 10
call   26 never executed
branch 27 never executed
branch 28 never executed
    %%%%%:    9-block 11
call   29 never executed
call   30 never executed
branch 31 never executed
branch 32 never executed
    %%%%%:    9-block 12
call   33 never executed
branch 34 never executed
branch 35 never executed
    %%%%%:    9-block 13
call   36 never executed
call   37 never executed
        1:    9-block 14
call   38 returned 1
        1:    9-block 15
call   39 returned 1
        1:    9-block 16
call   40 returned 1
        1:    9-block 17
        1:    9-block 18
        1:    9-block 19
branch 41 taken 1 (fallthrough)
branch 42 taken 0
        1:    9-block 20
call   43 returned 1
        1:    9-block 21
branch 44 taken 1
branch 45 taken 0
branch 46 taken 0
        1:    9-block 22
call   47 returned 1
call   48 returned 1
branch 49 taken 1 (fallthrough)
branch 50 taken 0 (throw)
    $$$$$:    9-block 23
call   51 never executed
call   52 never executed
branch 53 never executed
branch 54 never executed
    $$$$$:    9-block 24
call   55 never executed
branch 56 never executed
branch 57 never executed
    $$$$$:    9-block 25
call   58 never executed
branch 59 never executed
branch 60 never executed
    $$$$$:    9-block 26
call   61 never executed
call   62 never executed
branch 63 never executed
branch 64 never executed
    $$$$$:    9-block 27
call   65 never executed
call   66 never executed
branch 67 never executed
branch 68 never executed
    $$$$$:    9-block 28
call   69 never executed
branch 70 never executed
branch 71 never executed
    $$$$$:    9-block 29
call   72 never executed
    $$$$$:    9-block 30
call   73 never executed
call   74 never executed
branch 75 never executed
branch 76 never executed
    $$$$$:    9-block 31
call   77 never executed
branch 78 never executed
branch 79 never executed
    $$$$$:    9-block 32
call   80 never executed
    $$$$$:    9-block 33
    $$$$$:    9-block 34
call   81 never executed
    $$$$$:    9-block 35
call   82 never executed
    $$$$$:    9-block 36
call   83 never executed
    $$$$$:    9-block 37
    $$$$$:    9-block 38
call   84 never executed
    $$$$$:    9-block 39
    $$$$$:    9-block 40
call   85 never executed
       4*:   10:    EXPECT_THROW(Salarie * salarie1 = new Salarie("65465"), NomIncorrectException);
call    0 returned 1
call    1 returned 1
branch  2 taken 1 (fallthrough)
branch  3 taken 0
        1:   10-block  0
call    4 returned 1
branch  5 taken 1 (fallthrough)
branch  6 taken 0 (throw)
        1:   10-block  1
branch  7 taken 1 (fallthrough)
branch  8 taken 0
        1:   10-block  2
call    9 returned 1
branch 10 taken 1 (fallthrough)
branch 11 taken 0 (throw)
        1:   10-block  3
call   12 returned 1
call   13 returned 1
branch 14 taken 1 (fallthrough)
branch 15 taken 0 (throw)
        1:   10-block  4
call   16 returned 1
branch 17 taken 0 (fallthrough)
branch 18 taken 1 (throw)
    %%%%%:   10-block  5
call   19 never executed
call   20 never executed
        1:   10-block  6
branch 21 taken 0 (fallthrough)
branch 22 taken 1
    %%%%%:   10-block  7
call   23 never executed
branch 24 never executed
branch 25 never executed
    %%%%%:   10-block  8
    %%%%%:   10-block  9
call   26 never executed
branch 27 never executed
branch 28 never executed
    %%%%%:   10-block 10
call   29 never executed
call   30 never executed
branch 31 never executed
branch 32 never executed
    %%%%%:   10-block 11
call   33 never executed
branch 34 never executed
branch 35 never executed
    %%%%%:   10-block 12
call   36 never executed
call   37 never executed
        1:   10-block 13
call   38 returned 1
        1:   10-block 14
call   39 returned 1
        1:   10-block 15
call   40 returned 1
        1:   10-block 16
        1:   10-block 17
        1:   10-block 18
branch 41 taken 1 (fallthrough)
branch 42 taken 0
        1:   10-block 19
call   43 returned 1
        1:   10-block 20
branch 44 taken 1
branch 45 taken 0
branch 46 taken 0
        1:   10-block 21
call   47 returned 1
call   48 returned 1
branch 49 taken 1 (fallthrough)
branch 50 taken 0 (throw)
    $$$$$:   10-block 22
call   51 never executed
call   52 never executed
branch 53 never executed
branch 54 never executed
    $$$$$:   10-block 23
call   55 never executed
branch 56 never executed
branch 57 never executed
    $$$$$:   10-block 24
call   58 never executed
branch 59 never executed
branch 60 never executed
    $$$$$:   10-block 25
call   61 never executed
call   62 never executed
branch 63 never executed
branch 64 never executed
    $$$$$:   10-block 26
call   65 never executed
call   66 never executed
branch 67 never executed
branch 68 never executed
    $$$$$:   10-block 27
call   69 never executed
branch 70 never executed
branch 71 never executed
    $$$$$:   10-block 28
call   72 never executed
    $$$$$:   10-block 29
call   73 never executed
call   74 never executed
branch 75 never executed
branch 76 never executed
    $$$$$:   10-block 30
call   77 never executed
branch 78 never executed
branch 79 never executed
    $$$$$:   10-block 31
call   80 never executed
    $$$$$:   10-block 32
    $$$$$:   10-block 33
call   81 never executed
    $$$$$:   10-block 34
call   82 never executed
    $$$$$:   10-block 35
call   83 never executed
    $$$$$:   10-block 36
    $$$$$:   10-block 37
call   84 never executed
    $$$$$:   10-block 38
    $$$$$:   10-block 39
call   85 never executed
       4*:   11:    EXPECT_THROW(Salarie * salarie1 = new Salarie("pa.ul"), NomIncorrectException);
call    0 returned 1
call    1 returned 1
branch  2 taken 1 (fallthrough)
branch  3 taken 0
        1:   11-block  0
call    4 returned 1
branch  5 taken 1 (fallthrough)
branch  6 taken 0 (throw)
        1:   11-block  1
branch  7 taken 1 (fallthrough)
branch  8 taken 0
        1:   11-block  2
call    9 returned 1
branch 10 taken 1 (fallthrough)
branch 11 taken 0 (throw)
        1:   11-block  3
call   12 returned 1
call   13 returned 1
branch 14 taken 1 (fallthrough)
branch 15 taken 0 (throw)
        1:   11-block  4
call   16 returned 1
branch 17 taken 0 (fallthrough)
branch 18 taken 1 (throw)
    %%%%%:   11-block  5
call   19 never executed
call   20 never executed
        1:   11-block  6
branch 21 taken 0 (fallthrough)
branch 22 taken 1
    %%%%%:   11-block  7
call   23 never executed
branch 24 never executed
branch 25 never executed
    %%%%%:   11-block  8
    %%%%%:   11-block  9
call   26 never executed
branch 27 never executed
branch 28 never executed
    %%%%%:   11-block 10
call   29 never executed
call   30 never executed
branch 31 never executed
branch 32 never executed
    %%%%%:   11-block 11
call   33 never executed
branch 34 never executed
branch 35 never executed
    %%%%%:   11-block 12
call   36 never executed
call   37 never executed
        1:   11-block 13
call   38 returned 1
        1:   11-block 14
call   39 returned 1
        1:   11-block 15
call   40 returned 1
        1:   11-block 16
        1:   11-block 17
        1:   11-block 18
branch 41 taken 1 (fallthrough)
branch 42 taken 0
        1:   11-block 19
call   43 returned 1
        1:   11-block 20
branch 44 taken 1
branch 45 taken 0
branch 46 taken 0
        1:   11-block 21
call   47 returned 1
call   48 returned 1
branch 49 taken 1 (fallthrough)
branch 50 taken 0 (throw)
    $$$$$:   11-block 22
call   51 never executed
call   52 never executed
branch 53 never executed
branch 54 never executed
    $$$$$:   11-block 23
call   55 never executed
branch 56 never executed
branch 57 never executed
    $$$$$:   11-block 24
call   58 never executed
branch 59 never executed
branch 60 never executed
    $$$$$:   11-block 25
call   61 never executed
call   62 never executed
branch 63 never executed
branch 64 never executed
    $$$$$:   11-block 26
call   65 never executed
call   66 never executed
branch 67 never executed
branch 68 never executed
    $$$$$:   11-block 27
call   69 never executed
branch 70 never executed
branch 71 never executed
    $$$$$:   11-block 28
call   72 never executed
    $$$$$:   11-block 29
call   73 never executed
call   74 never executed
branch 75 never executed
branch 76 never executed
    $$$$$:   11-block 30
call   77 never executed
branch 78 never executed
branch 79 never executed
    $$$$$:   11-block 31
call   80 never executed
    $$$$$:   11-block 32
    $$$$$:   11-block 33
call   81 never executed
    $$$$$:   11-block 34
call   82 never executed
    $$$$$:   11-block 35
call   83 never executed
    $$$$$:   11-block 36
    $$$$$:   11-block 37
call   84 never executed
    $$$$$:   11-block 38
    $$$$$:   11-block 39
call   85 never executed
       4*:   12:    EXPECT_THROW(Salarie * salarie1 = new Salarie("-paul-"), NomIncorrectException);
call    0 returned 1
call    1 returned 1
branch  2 taken 1 (fallthrough)
branch  3 taken 0
        1:   12-block  0
call    4 returned 1
branch  5 taken 1 (fallthrough)
branch  6 taken 0 (throw)
        1:   12-block  1
branch  7 taken 1 (fallthrough)
branch  8 taken 0
        1:   12-block  2
call    9 returned 1
branch 10 taken 1 (fallthrough)
branch 11 taken 0 (throw)
        1:   12-block  3
call   12 returned 1
call   13 returned 1
branch 14 taken 1 (fallthrough)
branch 15 taken 0 (throw)
        1:   12-block  4
call   16 returned 1
branch 17 taken 0 (fallthrough)
branch 18 taken 1 (throw)
    %%%%%:   12-block  5
call   19 never executed
call   20 never executed
        1:   12-block  6
branch 21 taken 0 (fallthrough)
branch 22 taken 1
    %%%%%:   12-block  7
call   23 never executed
branch 24 never executed
branch 25 never executed
    %%%%%:   12-block  8
    %%%%%:   12-block  9
call   26 never executed
branch 27 never executed
branch 28 never executed
    %%%%%:   12-block 10
call   29 never executed
call   30 never executed
branch 31 never executed
branch 32 never executed
    %%%%%:   12-block 11
call   33 never executed
branch 34 never executed
branch 35 never executed
    %%%%%:   12-block 12
call   36 never executed
call   37 never executed
        1:   12-block 13
call   38 returned 1
        1:   12-block 14
call   39 returned 1
        1:   12-block 15
call   40 returned 1
        1:   12-block 16
        1:   12-block 17
        1:   12-block 18
branch 41 taken 1 (fallthrough)
branch 42 taken 0
        1:   12-block 19
call   43 returned 1
        1:   12-block 20
branch 44 taken 1
branch 45 taken 0
branch 46 taken 0
        1:   12-block 21
call   47 returned 1
call   48 returned 1
branch 49 taken 1 (fallthrough)
branch 50 taken 0 (throw)
    $$$$$:   12-block 22
call   51 never executed
call   52 never executed
branch 53 never executed
branch 54 never executed
    $$$$$:   12-block 23
call   55 never executed
branch 56 never executed
branch 57 never executed
    $$$$$:   12-block 24
call   58 never executed
branch 59 never executed
branch 60 never executed
    $$$$$:   12-block 25
call   61 never executed
call   62 never executed
branch 63 never executed
branch 64 never executed
    $$$$$:   12-block 26
call   65 never executed
call   66 never executed
branch 67 never executed
branch 68 never executed
    $$$$$:   12-block 27
call   69 never executed
branch 70 never executed
branch 71 never executed
    $$$$$:   12-block 28
call   72 never executed
    $$$$$:   12-block 29
call   73 never executed
call   74 never executed
branch 75 never executed
branch 76 never executed
    $$$$$:   12-block 30
call   77 never executed
branch 78 never executed
branch 79 never executed
    $$$$$:   12-block 31
call   80 never executed
    $$$$$:   12-block 32
    $$$$$:   12-block 33
call   81 never executed
    $$$$$:   12-block 34
call   82 never executed
    $$$$$:   12-block 35
call   83 never executed
    $$$$$:   12-block 36
    $$$$$:   12-block 37
call   84 never executed
    $$$$$:   12-block 38
    $$$$$:   12-block 39
call   85 never executed
       1*:   13:    EXPECT_NO_THROW(Salarie * salarie1 = new Salarie("paul"));
call    0 returned 1
call    1 returned 1
branch  2 taken 1 (fallthrough)
branch  3 taken 0
        1:   13-block  0
call    4 returned 1
branch  5 taken 1 (fallthrough)
branch  6 taken 0 (throw)
        1:   13-block  1
branch  7 taken 1 (fallthrough)
branch  8 taken 0
        1:   13-block  2
call    9 returned 1
branch 10 taken 1 (fallthrough)
branch 11 taken 0 (throw)
        1:   13-block  3
call   12 returned 1
call   13 returned 1
branch 14 taken 1 (fallthrough)
branch 15 taken 0 (throw)
        1:   13-block  4
call   16 returned 1
branch 17 taken 1 (fallthrough)
branch 18 taken 0 (throw)
        1:   13-block  5
call   19 returned 1
call   20 returned 1
    %%%%%:   13-block  6
call   21 never executed
branch 22 never executed
branch 23 never executed
    %%%%%:   13-block  7
call   24 never executed
branch 25 never executed
branch 26 never executed
    %%%%%:   13-block  8
call   27 never executed
call   28 never executed
branch 29 never executed
branch 30 never executed
    %%%%%:   13-block  9
call   31 never executed
branch 32 never executed
branch 33 never executed
    %%%%%:   13-block 10
call   34 never executed
call   35 never executed
call   36 never executed
        1:   13-block 11
call   37 returned 1
    $$$$$:   13-block 12
call   38 never executed
    $$$$$:   13-block 13
call   39 never executed
    $$$$$:   13-block 14
    $$$$$:   13-block 15
    $$$$$:   13-block 16
branch 40 never executed
branch 41 never executed
    $$$$$:   13-block 17
call   42 never executed
    $$$$$:   13-block 18
branch 43 never executed
branch 44 never executed
    $$$$$:   13-block 19
call   45 never executed
call   46 never executed
branch 47 never executed
branch 48 never executed
    $$$$$:   13-block 20
call   49 never executed
branch 50 never executed
branch 51 never executed
    $$$$$:   13-block 21
call   52 never executed
branch 53 never executed
branch 54 never executed
    $$$$$:   13-block 22
call   55 never executed
call   56 never executed
branch 57 never executed
branch 58 never executed
    $$$$$:   13-block 23
call   59 never executed
call   60 never executed
branch 61 never executed
branch 62 never executed
    $$$$$:   13-block 24
call   63 never executed
branch 64 never executed
branch 65 never executed
    $$$$$:   13-block 25
call   66 never executed
    $$$$$:   13-block 26
call   67 never executed
call   68 never executed
branch 69 never executed
branch 70 never executed
    $$$$$:   13-block 27
call   71 never executed
branch 72 never executed
branch 73 never executed
    $$$$$:   13-block 28
call   74 never executed
    $$$$$:   13-block 29
    $$$$$:   13-block 30
call   75 never executed
    $$$$$:   13-block 31
call   76 never executed
    $$$$$:   13-block 32
call   77 never executed
    $$$$$:   13-block 33
call   78 never executed
    $$$$$:   13-block 34
    $$$$$:   13-block 35
    $$$$$:   13-block 36
call   79 never executed
    $$$$$:   13-block 37
    $$$$$:   13-block 38
call   80 never executed
        1:   14:    Salarie * salarie1 = new Salarie("paul");
call    0 returned 1
call    1 returned 1
call    2 returned 1
branch  3 taken 1 (fallthrough)
branch  4 taken 0 (throw)
        1:   14-block  0
call    5 returned 1
branch  6 taken 1 (fallthrough)
branch  7 taken 0 (throw)
        1:   14-block  1
call    8 returned 1
call    9 returned 1
    $$$$$:   14-block  2
call   10 never executed
    $$$$$:   14-block  3
call   11 never executed
    $$$$$:   14-block  4
    $$$$$:   14-block  5
    $$$$$:   14-block  6
branch 12 never executed
branch 13 never executed
    $$$$$:   14-block  7
call   14 never executed
       1*:   15:    EXPECT_EQ("PAUL", salarie1->getNom());
call    0 returned 1
branch  1 taken 1 (fallthrough)
branch  2 taken 0 (throw)
        1:   15-block  0
call    3 returned 1
branch  4 taken 1 (fallthrough)
branch  5 taken 0 (throw)
        1:   15-block  1
call    6 returned 1
branch  7 taken 0 (fallthrough)
branch  8 taken 1
    %%%%%:   15-block  2
call    9 never executed
branch 10 never executed
branch 11 never executed
    %%%%%:   15-block  3
call   12 never executed
call   13 never executed
branch 14 never executed
branch 15 never executed
    %%%%%:   15-block  4
call   16 never executed
branch 17 never executed
branch 18 never executed
    %%%%%:   15-block  5
call   19 never executed
call   20 never executed
        1:   15-block  6
call   21 returned 1
    $$$$$:   15-block  7
call   22 never executed
    $$$$$:   15-block  8
    $$$$$:   15-block  9
call   23 never executed
    $$$$$:   15-block 10
    $$$$$:   15-block 11
call   24 never executed
        1:   16:    delete salarie1;
branch  0 taken 1 (fallthrough)
branch  1 taken 0
        1:   16-block  0
call    2 returned 1
call    3 returned 1
        -:   17:
       6*:   18:    EXPECT_THROW(Salarie * salarie1 = new Salarie("paul", "123"), NumeroIncorrectException);
        1:   18-block  0
call    0 returned 1
call    1 returned 1
branch  2 taken 1 (fallthrough)
branch  3 taken 0
        1:   18-block  1
call    4 returned 1
branch  5 taken 1 (fallthrough)
branch  6 taken 0 (throw)
        1:   18-block  2
branch  7 taken 1 (fallthrough)
branch  8 taken 0
        1:   18-block  3
call    9 returned 1
branch 10 taken 1 (fallthrough)
branch 11 taken 0 (throw)
        1:   18-block  4
call   12 returned 1
call   13 returned 1
branch 14 taken 1 (fallthrough)
branch 15 taken 0 (throw)
        1:   18-block  5
call   16 returned 1
call   17 returned 1
branch 18 taken 1 (fallthrough)
branch 19 taken 0 (throw)
        1:   18-block  6
call   20 returned 1
branch 21 taken 0 (fallthrough)
branch 22 taken 1 (throw)
    %%%%%:   18-block  7
call   23 never executed
call   24 never executed
call   25 never executed
call   26 never executed
        1:   18-block  8
branch 27 taken 0 (fallthrough)
branch 28 taken 1
    %%%%%:   18-block  9
call   29 never executed
branch 30 never executed
branch 31 never executed
    %%%%%:   18-block 10
    %%%%%:   18-block 11
call   32 never executed
branch 33 never executed
branch 34 never executed
    %%%%%:   18-block 12
call   35 never executed
call   36 never executed
branch 37 never executed
branch 38 never executed
    %%%%%:   18-block 13
call   39 never executed
branch 40 never executed
branch 41 never executed
    %%%%%:   18-block 14
call   42 never executed
call   43 never executed
        1:   18-block 15
call   44 returned 1
        1:   18-block 16
call   45 returned 1
        1:   18-block 17
call   46 returned 1
        1:   18-block 18
        1:   18-block 19
        1:   18-block 20
call   47 returned 1
        1:   18-block 21
call   48 returned 1
        1:   18-block 22
        1:   18-block 23
        1:   18-block 24
branch 49 taken 1 (fallthrough)
branch 50 taken 0
        1:   18-block 25
call   51 returned 1
        1:   18-block 26
branch 52 taken 1
branch 53 taken 0
branch 54 taken 0
        1:   18-block 27
call   55 returned 1
call   56 returned 1
branch 57 taken 1 (fallthrough)
branch 58 taken 0 (throw)
    $$$$$:   18-block 28
call   59 never executed
call   60 never executed
branch 61 never executed
branch 62 never executed
    $$$$$:   18-block 29
call   63 never executed
branch 64 never executed
branch 65 never executed
    $$$$$:   18-block 30
call   66 never executed
branch 67 never executed
branch 68 never executed
    $$$$$:   18-block 31
call   69 never executed
call   70 never executed
branch 71 never executed
branch 72 never executed
    $$$$$:   18-block 32
call   73 never executed
call   74 never executed
branch 75 never executed
branch 76 never executed
    $$$$$:   18-block 33
call   77 never executed
branch 78 never executed
branch 79 never executed
    $$$$$:   18-block 34
call   80 never executed
    $$$$$:   18-block 35
call   81 never executed
call   82 never executed
branch 83 never executed
branch 84 never executed
    $$$$$:   18-block 36
call   85 never executed
branch 86 never executed
branch 87 never executed
    $$$$$:   18-block 37
call   88 never executed
    $$$$$:   18-block 38
    $$$$$:   18-block 39
call   89 never executed
    $$$$$:   18-block 40
call   90 never executed
    $$$$$:   18-block 41
call   91 never executed
    $$$$$:   18-block 42
    $$$$$:   18-block 43
call   92 never executed
    $$$$$:   18-block 44
    $$$$$:   18-block 45
call   93 never executed
       1*:   19:    EXPECT_NO_THROW(Salarie * salarie1 = new Salarie("paul", "1234567891234"));
call    0 returned 1
call    1 returned 1
branch  2 taken 1 (fallthrough)
branch  3 taken 0
        1:   19-block  0
call    4 returned 1
branch  5 taken 1 (fallthrough)
branch  6 taken 0 (throw)
        1:   19-block  1
branch  7 taken 1 (fallthrough)
branch  8 taken 0
        1:   19-block  2
call    9 returned 1
branch 10 taken 1 (fallthrough)
branch 11 taken 0 (throw)
        1:   19-block  3
call   12 returned 1
call   13 returned 1
branch 14 taken 1 (fallthrough)
branch 15 taken 0 (throw)
        1:   19-block  4
call   16 returned 1
call   17 returned 1
branch 18 taken 1 (fallthrough)
branch 19 taken 0 (throw)
        1:   19-block  5
call   20 returned 1
branch 21 taken 1 (fallthrough)
branch 22 taken 0 (throw)
        1:   19-block  6
call   23 returned 1
call   24 returned 1
call   25 returned 1
call   26 returned 1
    %%%%%:   19-block  7
call   27 never executed
branch 28 never executed
branch 29 never executed
    %%%%%:   19-block  8
call   30 never executed
branch 31 never executed
branch 32 never executed
    %%%%%:   19-block  9
call   33 never executed
call   34 never executed
branch 35 never executed
branch 36 never executed
    %%%%%:   19-block 10
call   37 never executed
branch 38 never executed
branch 39 never executed
    %%%%%:   19-block 11
call   40 never executed
call   41 never executed
call   42 never executed
        1:   19-block 12
call   43 returned 1
    $$$$$:   19-block 13
call   44 never executed
    $$$$$:   19-block 14
call   45 never executed
    $$$$$:   19-block 15
    $$$$$:   19-block 16
    $$$$$:   19-block 17
call   46 never executed
    $$$$$:   19-block 18
call   47 never executed
    $$$$$:   19-block 19
    $$$$$:   19-block 20
    $$$$$:   19-block 21
branch 48 never executed
branch 49 never executed
    $$$$$:   19-block 22
call   50 never executed
    $$$$$:   19-block 23
branch 51 never executed
branch 52 never executed
    $$$$$:   19-block 24
call   53 never executed
call   54 never executed
branch 55 never executed
branch 56 never executed
    $$$$$:   19-block 25
call   57 never executed
branch 58 never executed
branch 59 never executed
    $$$$$:   19-block 26
call   60 never executed
branch 61 never executed
branch 62 never executed
    $$$$$:   19-block 27
call   63 never executed
call   64 never executed
branch 65 never executed
branch 66 never executed
    $$$$$:   19-block 28
call   67 never executed
call   68 never executed
branch 69 never executed
branch 70 never executed
    $$$$$:   19-block 29
call   71 never executed
branch 72 never executed
branch 73 never executed
    $$$$$:   19-block 30
call   74 never executed
    $$$$$:   19-block 31
call   75 never executed
call   76 never executed
branch 77 never executed
branch 78 never executed
    $$$$$:   19-block 32
call   79 never executed
branch 80 never executed
branch 81 never executed
    $$$$$:   19-block 33
call   82 never executed
    $$$$$:   19-block 34
    $$$$$:   19-block 35
call   83 never executed
    $$$$$:   19-block 36
call   84 never executed
    $$$$$:   19-block 37
call   85 never executed
    $$$$$:   19-block 38
call   86 never executed
    $$$$$:   19-block 39
    $$$$$:   19-block 40
    $$$$$:   19-block 41
call   87 never executed
    $$$$$:   19-block 42
    $$$$$:   19-block 43
call   88 never executed
        1:   20:    salarie1 = new Salarie("paul", "1234567891234");
call    0 returned 1
call    1 returned 1
call    2 returned 1
branch  3 taken 1 (fallthrough)
branch  4 taken 0 (throw)
        1:   20-block  0
call    5 returned 1
call    6 returned 1
branch  7 taken 1 (fallthrough)
branch  8 taken 0 (throw)
        1:   20-block  1
call    9 returned 1
branch 10 taken 1 (fallthrough)
branch 11 taken 0 (throw)
        1:   20-block  2
call   12 returned 1
call   13 returned 1
call   14 returned 1
call   15 returned 1
    $$$$$:   20-block  3
call   16 never executed
    $$$$$:   20-block  4
call   17 never executed
    $$$$$:   20-block  5
    $$$$$:   20-block  6
    $$$$$:   20-block  7
call   18 never executed
    $$$$$:   20-block  8
call   19 never executed
    $$$$$:   20-block  9
    $$$$$:   20-block 10
    $$$$$:   20-block 11
branch 20 never executed
branch 21 never executed
    $$$$$:   20-block 12
call   22 never executed
       1*:   21:    EXPECT_EQ("1234567891234", salarie1->getNumeroSS());
call    0 returned 1
branch  1 taken 1 (fallthrough)
branch  2 taken 0 (throw)
        1:   21-block  0
call    3 returned 1
branch  4 taken 1 (fallthrough)
branch  5 taken 0 (throw)
        1:   21-block  1
call    6 returned 1
branch  7 taken 0 (fallthrough)
branch  8 taken 1
    %%%%%:   21-block  2
call    9 never executed
branch 10 never executed
branch 11 never executed
    %%%%%:   21-block  3
call   12 never executed
call   13 never executed
branch 14 never executed
branch 15 never executed
    %%%%%:   21-block  4
call   16 never executed
branch 17 never executed
branch 18 never executed
    %%%%%:   21-block  5
call   19 never executed
call   20 never executed
        1:   21-block  6
call   21 returned 1
    $$$$$:   21-block  7
call   22 never executed
    $$$$$:   21-block  8
    $$$$$:   21-block  9
call   23 never executed
    $$$$$:   21-block 10
    $$$$$:   21-block 11
call   24 never executed
        1:   22:    delete salarie1;
branch  0 taken 1 (fallthrough)
branch  1 taken 0
        1:   22-block  0
call    2 returned 1
call    3 returned 1
        -:   23:
       6*:   24:    EXPECT_THROW(Salarie * salarie1 = new Salarie("paul", "1234567891234", 1), SalaireIncorrectException);
        1:   24-block  0
call    0 returned 1
call    1 returned 1
branch  2 taken 1 (fallthrough)
branch  3 taken 0
        1:   24-block  1
call    4 returned 1
branch  5 taken 1 (fallthrough)
branch  6 taken 0 (throw)
        1:   24-block  2
branch  7 taken 1 (fallthrough)
branch  8 taken 0
        1:   24-block  3
call    9 returned 1
branch 10 taken 1 (fallthrough)
branch 11 taken 0 (throw)
        1:   24-block  4
call   12 returned 1
call   13 returned 1
branch 14 taken 1 (fallthrough)
branch 15 taken 0 (throw)
        1:   24-block  5
call   16 returned 1
call   17 returned 1
branch 18 taken 1 (fallthrough)
branch 19 taken 0 (throw)
        1:   24-block  6
call   20 returned 1
branch 21 taken 0 (fallthrough)
branch 22 taken 1 (throw)
    %%%%%:   24-block  7
call   23 never executed
call   24 never executed
call   25 never executed
call   26 never executed
        1:   24-block  8
branch 27 taken 0 (fallthrough)
branch 28 taken 1
    %%%%%:   24-block  9
call   29 never executed
branch 30 never executed
branch 31 never executed
    %%%%%:   24-block 10
    %%%%%:   24-block 11
call   32 never executed
branch 33 never executed
branch 34 never executed
    %%%%%:   24-block 12
call   35 never executed
call   36 never executed
branch 37 never executed
branch 38 never executed
    %%%%%:   24-block 13
call   39 never executed
branch 40 never executed
branch 41 never executed
    %%%%%:   24-block 14
call   42 never executed
call   43 never executed
        1:   24-block 15
call   44 returned 1
        1:   24-block 16
call   45 returned 1
        1:   24-block 17
call   46 returned 1
        1:   24-block 18
        1:   24-block 19
        1:   24-block 20
call   47 returned 1
        1:   24-block 21
call   48 returned 1
        1:   24-block 22
        1:   24-block 23
        1:   24-block 24
branch 49 taken 1 (fallthrough)
branch 50 taken 0
        1:   24-block 25
call   51 returned 1
        1:   24-block 26
branch 52 taken 1
branch 53 taken 0
branch 54 taken 0
        1:   24-block 27
call   55 returned 1
call   56 returned 1
branch 57 taken 1 (fallthrough)
branch 58 taken 0 (throw)
    $$$$$:   24-block 28
call   59 never executed
call   60 never executed
branch 61 never executed
branch 62 never executed
    $$$$$:   24-block 29
call   63 never executed
branch 64 never executed
branch 65 never executed
    $$$$$:   24-block 30
call   66 never executed
branch 67 never executed
branch 68 never executed
    $$$$$:   24-block 31
call   69 never executed
call   70 never executed
branch 71 never executed
branch 72 never executed
    $$$$$:   24-block 32
call   73 never executed
call   74 never executed
branch 75 never executed
branch 76 never executed
    $$$$$:   24-block 33
call   77 never executed
branch 78 never executed
branch 79 never executed
    $$$$$:   24-block 34
call   80 never executed
    $$$$$:   24-block 35
call   81 never executed
call   82 never executed
branch 83 never executed
branch 84 never executed
    $$$$$:   24-block 36
call   85 never executed
branch 86 never executed
branch 87 never executed
    $$$$$:   24-block 37
call   88 never executed
    $$$$$:   24-block 38
    $$$$$:   24-block 39
call   89 never executed
    $$$$$:   24-block 40
call   90 never executed
    $$$$$:   24-block 41
call   91 never executed
    $$$$$:   24-block 42
    $$$$$:   24-block 43
call   92 never executed
    $$$$$:   24-block 44
    $$$$$:   24-block 45
call   93 never executed
       1*:   25:    EXPECT_NO_THROW(Salarie * salarie1 = new Salarie("paul", "1234567891234", 1300));
call    0 returned 1
call    1 returned 1
branch  2 taken 1 (fallthrough)
branch  3 taken 0
        1:   25-block  0
call    4 returned 1
branch  5 taken 1 (fallthrough)
branch  6 taken 0 (throw)
        1:   25-block  1
branch  7 taken 1 (fallthrough)
branch  8 taken 0
        1:   25-block  2
call    9 returned 1
branch 10 taken 1 (fallthrough)
branch 11 taken 0 (throw)
        1:   25-block  3
call   12 returned 1
call   13 returned 1
branch 14 taken 1 (fallthrough)
branch 15 taken 0 (throw)
        1:   25-block  4
call   16 returned 1
call   17 returned 1
branch 18 taken 1 (fallthrough)
branch 19 taken 0 (throw)
        1:   25-block  5
call   20 returned 1
branch 21 taken 1 (fallthrough)
branch 22 taken 0 (throw)
        1:   25-block  6
call   23 returned 1
call   24 returned 1
call   25 returned 1
call   26 returned 1
    %%%%%:   25-block  7
call   27 never executed
branch 28 never executed
branch 29 never executed
    %%%%%:   25-block  8
call   30 never executed
branch 31 never executed
branch 32 never executed
    %%%%%:   25-block  9
call   33 never executed
call   34 never executed
branch 35 never executed
branch 36 never executed
    %%%%%:   25-block 10
call   37 never executed
branch 38 never executed
branch 39 never executed
    %%%%%:   25-block 11
call   40 never executed
call   41 never executed
call   42 never executed
        1:   25-block 12
call   43 returned 1
    $$$$$:   25-block 13
call   44 never executed
    $$$$$:   25-block 14
call   45 never executed
    $$$$$:   25-block 15
    $$$$$:   25-block 16
    $$$$$:   25-block 17
call   46 never executed
    $$$$$:   25-block 18
call   47 never executed
    $$$$$:   25-block 19
    $$$$$:   25-block 20
    $$$$$:   25-block 21
branch 48 never executed
branch 49 never executed
    $$$$$:   25-block 22
call   50 never executed
    $$$$$:   25-block 23
branch 51 never executed
branch 52 never executed
    $$$$$:   25-block 24
call   53 never executed
call   54 never executed
branch 55 never executed
branch 56 never executed
    $$$$$:   25-block 25
call   57 never executed
branch 58 never executed
branch 59 never executed
    $$$$$:   25-block 26
call   60 never executed
branch 61 never executed
branch 62 never executed
    $$$$$:   25-block 27
call   63 never executed
call   64 never executed
branch 65 never executed
branch 66 never executed
    $$$$$:   25-block 28
call   67 never executed
call   68 never executed
branch 69 never executed
branch 70 never executed
    $$$$$:   25-block 29
call   71 never executed
branch 72 never executed
branch 73 never executed
    $$$$$:   25-block 30
call   74 never executed
    $$$$$:   25-block 31
call   75 never executed
call   76 never executed
branch 77 never executed
branch 78 never executed
    $$$$$:   25-block 32
call   79 never executed
branch 80 never executed
branch 81 never executed
    $$$$$:   25-block 33
call   82 never executed
    $$$$$:   25-block 34
    $$$$$:   25-block 35
call   83 never executed
    $$$$$:   25-block 36
call   84 never executed
    $$$$$:   25-block 37
call   85 never executed
    $$$$$:   25-block 38
call   86 never executed
    $$$$$:   25-block 39
    $$$$$:   25-block 40
    $$$$$:   25-block 41
call   87 never executed
    $$$$$:   25-block 42
    $$$$$:   25-block 43
call   88 never executed
        1:   26:    salarie1 = new Salarie("paul", "1234567891234", 1300);
call    0 returned 1
call    1 returned 1
call    2 returned 1
branch  3 taken 1 (fallthrough)
branch  4 taken 0 (throw)
        1:   26-block  0
call    5 returned 1
call    6 returned 1
branch  7 taken 1 (fallthrough)
branch  8 taken 0 (throw)
        1:   26-block  1
call    9 returned 1
branch 10 taken 1 (fallthrough)
branch 11 taken 0 (throw)
        1:   26-block  2
call   12 returned 1
call   13 returned 1
call   14 returned 1
call   15 returned 1
    $$$$$:   26-block  3
call   16 never executed
    $$$$$:   26-block  4
call   17 never executed
    $$$$$:   26-block  5
    $$$$$:   26-block  6
    $$$$$:   26-block  7
call   18 never executed
    $$$$$:   26-block  8
call   19 never executed
    $$$$$:   26-block  9
    $$$$$:   26-block 10
    $$$$$:   26-block 11
branch 20 never executed
branch 21 never executed
    $$$$$:   26-block 12
call   22 never executed
       1*:   27:    EXPECT_EQ(1300, salarie1->getSalaireMensuel());
call    0 returned 1
branch  1 taken 1 (fallthrough)
branch  2 taken 0 (throw)
        1:   27-block  0
call    3 returned 1
branch  4 taken 1 (fallthrough)
branch  5 taken 0 (throw)
        1:   27-block  1
call    6 returned 1
branch  7 taken 0 (fallthrough)
branch  8 taken 1
    %%%%%:   27-block  2
call    9 never executed
branch 10 never executed
branch 11 never executed
    %%%%%:   27-block  3
call   12 never executed
call   13 never executed
branch 14 never executed
branch 15 never executed
    %%%%%:   27-block  4
call   16 never executed
branch 17 never executed
branch 18 never executed
    %%%%%:   27-block  5
call   19 never executed
call   20 never executed
        1:   27-block  6
call   21 returned 1
    $$$$$:   27-block  7
    $$$$$:   27-block  8
    $$$$$:   27-block  9
call   22 never executed
    $$$$$:   27-block 10
    $$$$$:   27-block 11
call   23 never executed
    $$$$$:   27-block 12
    $$$$$:   27-block 13
call   24 never executed
        -:   28:
       1*:   29:    EXPECT_EQ(salarie1->TRANCHES_IMPOT.find(26600)->second * (1300*12.0f), salarie1->getImpot());
call    0 returned 1
branch  1 taken 1 (fallthrough)
branch  2 taken 0 (throw)
        1:   29-block  0
call    3 returned 1
branch  4 taken 1 (fallthrough)
branch  5 taken 0 (throw)
        1:   29-block  1
call    6 returned 1
call    7 returned 1
branch  8 taken 1 (fallthrough)
branch  9 taken 0 (throw)
        1:   29-block  2
call   10 returned 1
branch 11 taken 0 (fallthrough)
branch 12 taken 1
    %%%%%:   29-block  3
call   13 never executed
branch 14 never executed
branch 15 never executed
    %%%%%:   29-block  4
call   16 never executed
call   17 never executed
branch 18 never executed
branch 19 never executed
    %%%%%:   29-block  5
call   20 never executed
branch 21 never executed
branch 22 never executed
    %%%%%:   29-block  6
call   23 never executed
call   24 never executed
        1:   29-block  7
call   25 returned 1
    $$$$$:   29-block  8
    $$$$$:   29-block  9
    $$$$$:   29-block 10
    $$$$$:   29-block 11
    $$$$$:   29-block 12
call   26 never executed
    $$$$$:   29-block 13
    $$$$$:   29-block 14
call   27 never executed
    $$$$$:   29-block 15
    $$$$$:   29-block 16
call   28 never executed
        1:   30:    delete salarie1;
branch  0 taken 1 (fallthrough)
branch  1 taken 0
        1:   30-block  0
call    2 returned 1
call    3 returned 1
        1:   31:}
        1:   31-block  0
------------------
        -:   32:
        4:   33:TEST(SalarieTest, getNom) {
        -:   34:    // A COMPLETER : test Salarie::getNom
        1:   35:    Salarie * salarie1 = new Salarie("Paul");
        1:   36:    string nom  = salarie1->getNom();
       1*:   37:    EXPECT_EQ(nom, "PAUL");
        1:   38:    Salarie * salarie2 = new Salarie("pAuL");
        1:   39:    nom = salarie2->getNom();
       1*:   40:    EXPECT_EQ(nom, "PAUL");
        1:   41:    delete salarie1;
        1:   42:    delete salarie2;
        1:   43:}
------------------
_ZN23SalarieTest_getNom_TestC2Ev:
function _ZN23SalarieTest_getNom_TestC2Ev called 1 returned 100% blocks executed 100%
        1:   33:TEST(SalarieTest, getNom) {
        1:   33-block  0
call    0 returned 1
------------------
_ZN23SalarieTest_getNom_TestD0Ev:
function _ZN23SalarieTest_getNom_TestD0Ev called 1 returned 100% blocks executed 100%
        1:   33:TEST(SalarieTest, getNom) {
        1:   33-block  0
call    0 returned 1
call    1 returned 1
------------------
_ZN23SalarieTest_getNom_TestD2Ev:
function _ZN23SalarieTest_getNom_TestD2Ev called 1 returned 100% blocks executed 100%
        1:   33:TEST(SalarieTest, getNom) {
        1:   33-block  0
call    0 returned 1
------------------
_ZN23SalarieTest_getNom_Test8TestBodyEv:
function _ZN23SalarieTest_getNom_Test8TestBodyEv called 1 returned 100% blocks executed 39%
        1:   33:TEST(SalarieTest, getNom) {
        -:   34:    // A COMPLETER : test Salarie::getNom
        1:   35:    Salarie * salarie1 = new Salarie("Paul");
        1:   35-block  0
call    0 returned 1
branch  1 taken 1 (fallthrough)
branch  2 taken 0 (throw)
        1:   35-block  1
call    3 returned 1
call    4 returned 1
branch  5 taken 1 (fallthrough)
branch  6 taken 0 (throw)
        1:   35-block  2
call    7 returned 1
branch  8 taken 1 (fallthrough)
branch  9 taken 0 (throw)
        1:   35-block  3
call   10 returned 1
call   11 returned 1
    $$$$$:   35-block  4
call   12 never executed
    $$$$$:   35-block  5
call   13 never executed
    $$$$$:   35-block  6
    $$$$$:   35-block  7
    $$$$$:   35-block  8
branch 14 never executed
branch 15 never executed
    $$$$$:   35-block  9
call   16 never executed
        1:   36:    string nom  = salarie1->getNom();
call    0 returned 1
branch  1 taken 1 (fallthrough)
branch  2 taken 0 (throw)
        1:   36-block  0
call    3 returned 1
branch  4 taken 1 (fallthrough)
branch  5 taken 0 (throw)
       1*:   37:    EXPECT_EQ(nom, "PAUL");
        1:   37-block  0
call    0 returned 1
branch  1 taken 1 (fallthrough)
branch  2 taken 0 (throw)
        1:   37-block  1
call    3 returned 1
branch  4 taken 0 (fallthrough)
branch  5 taken 1
    %%%%%:   37-block  2
call    6 never executed
branch  7 never executed
branch  8 never executed
    %%%%%:   37-block  3
call    9 never executed
call   10 never executed
branch 11 never executed
branch 12 never executed
    %%%%%:   37-block  4
call   13 never executed
branch 14 never executed
branch 15 never executed
    %%%%%:   37-block  5
call   16 never executed
call   17 never executed
        1:   37-block  6
call   18 returned 1
    $$$$$:   37-block  7
call   19 never executed
    $$$$$:   37-block  8
    $$$$$:   37-block  9
call   20 never executed
    $$$$$:   37-block 10
    $$$$$:   37-block 11
call   21 never executed
        1:   38:    Salarie * salarie2 = new Salarie("pAuL");
call    0 returned 1
branch  1 taken 1 (fallthrough)
branch  2 taken 0 (throw)
        1:   38-block  0
call    3 returned 1
call    4 returned 1
branch  5 taken 1 (fallthrough)
branch  6 taken 0 (throw)
        1:   38-block  1
call    7 returned 1
branch  8 taken 1 (fallthrough)
branch  9 taken 0 (throw)
        1:   38-block  2
call   10 returned 1
call   11 returned 1
    $$$$$:   38-block  3
call   12 never executed
    $$$$$:   38-block  4
call   13 never executed
    $$$$$:   38-block  5
    $$$$$:   38-block  6
    $$$$$:   38-block  7
branch 14 never executed
branch 15 never executed
    $$$$$:   38-block  8
call   16 never executed
        1:   39:    nom = salarie2->getNom();
call    0 returned 1
branch  1 taken 1 (fallthrough)
branch  2 taken 0 (throw)
        1:   39-block  0
call    3 returned 1
branch  4 taken 1 (fallthrough)
branch  5 taken 0 (throw)
       1*:   40:    EXPECT_EQ(nom, "PAUL");
        1:   40-block  0
call    0 returned 1
branch  1 taken 1 (fallthrough)
branch  2 taken 0 (throw)
        1:   40-block  1
call    3 returned 1
branch  4 taken 0 (fallthrough)
branch  5 taken 1
    %%%%%:   40-block  2
call    6 never executed
branch  7 never executed
branch  8 never executed
    %%%%%:   40-block  3
call    9 never executed
call   10 never executed
branch 11 never executed
branch 12 never executed
    %%%%%:   40-block  4
call   13 never executed
branch 14 never executed
branch 15 never executed
    %%%%%:   40-block  5
call   16 never executed
call   17 never executed
        1:   40-block  6
call   18 returned 1
    $$$$$:   40-block  7
call   19 never executed
    $$$$$:   40-block  8
    $$$$$:   40-block  9
call   20 never executed
    $$$$$:   40-block 10
    $$$$$:   40-block 11
call   21 never executed
        1:   41:    delete salarie1;
branch  0 taken 1 (fallthrough)
branch  1 taken 0
        1:   41-block  0
call    2 returned 1
call    3 returned 1
        1:   42:    delete salarie2;
        1:   42-block  0
branch  0 taken 1 (fallthrough)
branch  1 taken 0
        1:   42-block  1
call    2 returned 1
call    3 returned 1
        1:   43:}
        1:   43-block  0
call    0 returned 1
    $$$$$:   43-block  1
call    1 never executed
------------------
        -:   44:
        4:   45:TEST(SalarieTest, setNom) {
        -:   46:    // A COMPLETER : test Salarie::setNom
        1:   47:    Salarie * salarie1 = new Salarie();
        -:   48:
       3*:   49:    EXPECT_THROW(salarie1->setNom(""), NomIncorrectException);
       3*:   50:    EXPECT_THROW(salarie1->setNom("-paul-"), NomIncorrectException);
       3*:   51:    EXPECT_THROW(salarie1->setNom("pa.ul"), NomIncorrectException);
       3*:   52:    EXPECT_THROW(salarie1->setNom("123"), NomIncorrectException);
       1*:   53:    EXPECT_NO_THROW(salarie1->setNom("paul"));
       1*:   54:    EXPECT_NO_THROW(salarie1->setNom("pa-ul"));
        -:   55:
        1:   56:    salarie1->setNom("paul");
       1*:   57:    EXPECT_EQ("PAUL", salarie1->getNom());
        -:   58:
        1:   59:    delete salarie1;
        1:   60:}
------------------
_ZN23SalarieTest_setNom_TestC2Ev:
function _ZN23SalarieTest_setNom_TestC2Ev called 1 returned 100% blocks executed 100%
        1:   45:TEST(SalarieTest, setNom) {
        1:   45-block  0
call    0 returned 1
------------------
_ZN23SalarieTest_setNom_TestD0Ev:
function _ZN23SalarieTest_setNom_TestD0Ev called 1 returned 100% blocks executed 100%
        1:   45:TEST(SalarieTest, setNom) {
        1:   45-block  0
call    0 returned 1
call    1 returned 1
------------------
_ZN23SalarieTest_setNom_TestD2Ev:
function _ZN23SalarieTest_setNom_TestD2Ev called 1 returned 100% blocks executed 100%
        1:   45:TEST(SalarieTest, setNom) {
        1:   45-block  0
call    0 returned 1
------------------
_ZN23SalarieTest_setNom_Test8TestBodyEv:
function _ZN23SalarieTest_setNom_Test8TestBodyEv called 1 returned 100% blocks executed 29%
        1:   45:TEST(SalarieTest, setNom) {
        -:   46:    // A COMPLETER : test Salarie::setNom
        1:   47:    Salarie * salarie1 = new Salarie();
        1:   47-block  0
call    0 returned 1
call    1 returned 1
branch  2 taken 1 (fallthrough)
branch  3 taken 0 (throw)
    $$$$$:   47-block  1
branch  4 never executed
branch  5 never executed
    $$$$$:   47-block  2
call    6 never executed
        -:   48:
       3*:   49:    EXPECT_THROW(salarie1->setNom(""), NomIncorrectException);
        1:   49-block  0
call    0 returned 1
call    1 returned 1
branch  2 taken 1 (fallthrough)
branch  3 taken 0
        1:   49-block  1
call    4 returned 1
branch  5 taken 1 (fallthrough)
branch  6 taken 0 (throw)
        1:   49-block  2
branch  7 taken 1 (fallthrough)
branch  8 taken 0
        1:   49-block  3
call    9 returned 1
call   10 returned 1
branch 11 taken 1 (fallthrough)
branch 12 taken 0 (throw)
        1:   49-block  4
call   13 returned 1
branch 14 taken 0 (fallthrough)
branch 15 taken 1 (throw)
    %%%%%:   49-block  5
call   16 never executed
call   17 never executed
        1:   49-block  6
branch 18 taken 0 (fallthrough)
branch 19 taken 1
    %%%%%:   49-block  7
call   20 never executed
branch 21 never executed
branch 22 never executed
    %%%%%:   49-block  8
    %%%%%:   49-block  9
call   23 never executed
branch 24 never executed
branch 25 never executed
    %%%%%:   49-block 10
call   26 never executed
call   27 never executed
branch 28 never executed
branch 29 never executed
    %%%%%:   49-block 11
call   30 never executed
branch 31 never executed
branch 32 never executed
    %%%%%:   49-block 12
call   33 never executed
call   34 never executed
        1:   49-block 13
call   35 returned 1
        1:   49-block 14
call   36 returned 1
        1:   49-block 15
call   37 returned 1
        1:   49-block 16
        1:   49-block 17
        1:   49-block 18
branch 38 taken 1
branch 39 taken 0
branch 40 taken 0
        1:   49-block 19
call   41 returned 1
call   42 returned 1
branch 43 taken 1 (fallthrough)
branch 44 taken 0 (throw)
    $$$$$:   49-block 20
call   45 never executed
call   46 never executed
branch 47 never executed
branch 48 never executed
    $$$$$:   49-block 21
call   49 never executed
branch 50 never executed
branch 51 never executed
    $$$$$:   49-block 22
call   52 never executed
branch 53 never executed
branch 54 never executed
    $$$$$:   49-block 23
call   55 never executed
call   56 never executed
branch 57 never executed
branch 58 never executed
    $$$$$:   49-block 24
call   59 never executed
call   60 never executed
branch 61 never executed
branch 62 never executed
    $$$$$:   49-block 25
call   63 never executed
branch 64 never executed
branch 65 never executed
    $$$$$:   49-block 26
call   66 never executed
    $$$$$:   49-block 27
call   67 never executed
call   68 never executed
branch 69 never executed
branch 70 never executed
    $$$$$:   49-block 28
call   71 never executed
branch 72 never executed
branch 73 never executed
    $$$$$:   49-block 29
call   74 never executed
    $$$$$:   49-block 30
    $$$$$:   49-block 31
call   75 never executed
    $$$$$:   49-block 32
call   76 never executed
    $$$$$:   49-block 33
call   77 never executed
    $$$$$:   49-block 34
    $$$$$:   49-block 35
call   78 never executed
    $$$$$:   49-block 36
    $$$$$:   49-block 37
call   79 never executed
       3*:   50:    EXPECT_THROW(salarie1->setNom("-paul-"), NomIncorrectException);
call    0 returned 1
call    1 returned 1
branch  2 taken 1 (fallthrough)
branch  3 taken 0
        1:   50-block  0
call    4 returned 1
branch  5 taken 1 (fallthrough)
branch  6 taken 0 (throw)
        1:   50-block  1
branch  7 taken 1 (fallthrough)
branch  8 taken 0
        1:   50-block  2
call    9 returned 1
call   10 returned 1
branch 11 taken 1 (fallthrough)
branch 12 taken 0 (throw)
        1:   50-block  3
call   13 returned 1
branch 14 taken 0 (fallthrough)
branch 15 taken 1 (throw)
    %%%%%:   50-block  4
call   16 never executed
call   17 never executed
        1:   50-block  5
branch 18 taken 0 (fallthrough)
branch 19 taken 1
    %%%%%:   50-block  6
call   20 never executed
branch 21 never executed
branch 22 never executed
    %%%%%:   50-block  7
    %%%%%:   50-block  8
call   23 never executed
branch 24 never executed
branch 25 never executed
    %%%%%:   50-block  9
call   26 never executed
call   27 never executed
branch 28 never executed
branch 29 never executed
    %%%%%:   50-block 10
call   30 never executed
branch 31 never executed
branch 32 never executed
    %%%%%:   50-block 11
call   33 never executed
call   34 never executed
        1:   50-block 12
call   35 returned 1
        1:   50-block 13
call   36 returned 1
        1:   50-block 14
call   37 returned 1
        1:   50-block 15
        1:   50-block 16
        1:   50-block 17
branch 38 taken 1
branch 39 taken 0
branch 40 taken 0
        1:   50-block 18
call   41 returned 1
call   42 returned 1
branch 43 taken 1 (fallthrough)
branch 44 taken 0 (throw)
    $$$$$:   50-block 19
call   45 never executed
call   46 never executed
branch 47 never executed
branch 48 never executed
    $$$$$:   50-block 20
call   49 never executed
branch 50 never executed
branch 51 never executed
    $$$$$:   50-block 21
call   52 never executed
branch 53 never executed
branch 54 never executed
    $$$$$:   50-block 22
call   55 never executed
call   56 never executed
branch 57 never executed
branch 58 never executed
    $$$$$:   50-block 23
call   59 never executed
call   60 never executed
branch 61 never executed
branch 62 never executed
    $$$$$:   50-block 24
call   63 never executed
branch 64 never executed
branch 65 never executed
    $$$$$:   50-block 25
call   66 never executed
    $$$$$:   50-block 26
call   67 never executed
call   68 never executed
branch 69 never executed
branch 70 never executed
    $$$$$:   50-block 27
call   71 never executed
branch 72 never executed
branch 73 never executed
    $$$$$:   50-block 28
call   74 never executed
    $$$$$:   50-block 29
    $$$$$:   50-block 30
call   75 never executed
    $$$$$:   50-block 31
call   76 never executed
    $$$$$:   50-block 32
call   77 never executed
    $$$$$:   50-block 33
    $$$$$:   50-block 34
call   78 never executed
    $$$$$:   50-block 35
    $$$$$:   50-block 36
call   79 never executed
       3*:   51:    EXPECT_THROW(salarie1->setNom("pa.ul"), NomIncorrectException);
call    0 returned 1
call    1 returned 1
branch  2 taken 1 (fallthrough)
branch  3 taken 0
        1:   51-block  0
call    4 returned 1
branch  5 taken 1 (fallthrough)
branch  6 taken 0 (throw)
        1:   51-block  1
branch  7 taken 1 (fallthrough)
branch  8 taken 0
        1:   51-block  2
call    9 returned 1
call   10 returned 1
branch 11 taken 1 (fallthrough)
branch 12 taken 0 (throw)
        1:   51-block  3
call   13 returned 1
branch 14 taken 0 (fallthrough)
branch 15 taken 1 (throw)
    %%%%%:   51-block  4
call   16 never executed
call   17 never executed
        1:   51-block  5
branch 18 taken 0 (fallthrough)
branch 19 taken 1
    %%%%%:   51-block  6
call   20 never executed
branch 21 never executed
branch 22 never executed
    %%%%%:   51-block  7
    %%%%%:   51-block  8
call   23 never executed
branch 24 never executed
branch 25 never executed
    %%%%%:   51-block  9
call   26 never executed
call   27 never executed
branch 28 never executed
branch 29 never executed
    %%%%%:   51-block 10
call   30 never executed
branch 31 never executed
branch 32 never executed
    %%%%%:   51-block 11
call   33 never executed
call   34 never executed
        1:   51-block 12
call   35 returned 1
        1:   51-block 13
call   36 returned 1
        1:   51-block 14
call   37 returned 1
        1:   51-block 15
        1:   51-block 16
        1:   51-block 17
branch 38 taken 1
branch 39 taken 0
branch 40 taken 0
        1:   51-block 18
call   41 returned 1
call   42 returned 1
branch 43 taken 1 (fallthrough)
branch 44 taken 0 (throw)
    $$$$$:   51-block 19
call   45 never executed
call   46 never executed
branch 47 never executed
branch 48 never executed
    $$$$$:   51-block 20
call   49 never executed
branch 50 never executed
branch 51 never executed
    $$$$$:   51-block 21
call   52 never executed
branch 53 never executed
branch 54 never executed
    $$$$$:   51-block 22
call   55 never executed
call   56 never executed
branch 57 never executed
branch 58 never executed
    $$$$$:   51-block 23
call   59 never executed
call   60 never executed
branch 61 never executed
branch 62 never executed
    $$$$$:   51-block 24
call   63 never executed
branch 64 never executed
branch 65 never executed
    $$$$$:   51-block 25
call   66 never executed
    $$$$$:   51-block 26
call   67 never executed
call   68 never executed
branch 69 never executed
branch 70 never executed
    $$$$$:   51-block 27
call   71 never executed
branch 72 never executed
branch 73 never executed
    $$$$$:   51-block 28
call   74 never executed
    $$$$$:   51-block 29
    $$$$$:   51-block 30
call   75 never executed
    $$$$$:   51-block 31
call   76 never executed
    $$$$$:   51-block 32
call   77 never executed
    $$$$$:   51-block 33
    $$$$$:   51-block 34
call   78 never executed
    $$$$$:   51-block 35
    $$$$$:   51-block 36
call   79 never executed
       3*:   52:    EXPECT_THROW(salarie1->setNom("123"), NomIncorrectException);
call    0 returned 1
call    1 returned 1
branch  2 taken 1 (fallthrough)
branch  3 taken 0
        1:   52-block  0
call    4 returned 1
branch  5 taken 1 (fallthrough)
branch  6 taken 0 (throw)
        1:   52-block  1
branch  7 taken 1 (fallthrough)
branch  8 taken 0
        1:   52-block  2
call    9 returned 1
call   10 returned 1
branch 11 taken 1 (fallthrough)
branch 12 taken 0 (throw)
        1:   52-block  3
call   13 returned 1
branch 14 taken 0 (fallthrough)
branch 15 taken 1 (throw)
    %%%%%:   52-block  4
call   16 never executed
call   17 never executed
        1:   52-block  5
branch 18 taken 0 (fallthrough)
branch 19 taken 1
    %%%%%:   52-block  6
call   20 never executed
branch 21 never executed
branch 22 never executed
    %%%%%:   52-block  7
    %%%%%:   52-block  8
call   23 never executed
branch 24 never executed
branch 25 never executed
    %%%%%:   52-block  9
call   26 never executed
call   27 never executed
branch 28 never executed
branch 29 never executed
    %%%%%:   52-block 10
call   30 never executed
branch 31 never executed
branch 32 never executed
    %%%%%:   52-block 11
call   33 never executed
call   34 never executed
        1:   52-block 12
call   35 returned 1
        1:   52-block 13
call   36 returned 1
        1:   52-block 14
call   37 returned 1
        1:   52-block 15
        1:   52-block 16
        1:   52-block 17
branch 38 taken 1
branch 39 taken 0
branch 40 taken 0
        1:   52-block 18
call   41 returned 1
call   42 returned 1
branch 43 taken 1 (fallthrough)
branch 44 taken 0 (throw)
    $$$$$:   52-block 19
call   45 never executed
call   46 never executed
branch 47 never executed
branch 48 never executed
    $$$$$:   52-block 20
call   49 never executed
branch 50 never executed
branch 51 never executed
    $$$$$:   52-block 21
call   52 never executed
branch 53 never executed
branch 54 never executed
    $$$$$:   52-block 22
call   55 never executed
call   56 never executed
branch 57 never executed
branch 58 never executed
    $$$$$:   52-block 23
call   59 never executed
call   60 never executed
branch 61 never executed
branch 62 never executed
    $$$$$:   52-block 24
call   63 never executed
branch 64 never executed
branch 65 never executed
    $$$$$:   52-block 25
call   66 never executed
    $$$$$:   52-block 26
call   67 never executed
call   68 never executed
branch 69 never executed
branch 70 never executed
    $$$$$:   52-block 27
call   71 never executed
branch 72 never executed
branch 73 never executed
    $$$$$:   52-block 28
call   74 never executed
    $$$$$:   52-block 29
    $$$$$:   52-block 30
call   75 never executed
    $$$$$:   52-block 31
call   76 never executed
    $$$$$:   52-block 32
call   77 never executed
    $$$$$:   52-block 33
    $$$$$:   52-block 34
call   78 never executed
    $$$$$:   52-block 35
    $$$$$:   52-block 36
call   79 never executed
       1*:   53:    EXPECT_NO_THROW(salarie1->setNom("paul"));
call    0 returned 1
call    1 returned 1
branch  2 taken 1 (fallthrough)
branch  3 taken 0
        1:   53-block  0
call    4 returned 1
branch  5 taken 1 (fallthrough)
branch  6 taken 0 (throw)
        1:   53-block  1
branch  7 taken 1 (fallthrough)
branch  8 taken 0
        1:   53-block  2
call    9 returned 1
call   10 returned 1
branch 11 taken 1 (fallthrough)
branch 12 taken 0 (throw)
        1:   53-block  3
call   13 returned 1
branch 14 taken 1 (fallthrough)
branch 15 taken 0 (throw)
        1:   53-block  4
call   16 returned 1
call   17 returned 1
    %%%%%:   53-block  5
call   18 never executed
branch 19 never executed
branch 20 never executed
    %%%%%:   53-block  6
call   21 never executed
branch 22 never executed
branch 23 never executed
    %%%%%:   53-block  7
call   24 never executed
call   25 never executed
branch 26 never executed
branch 27 never executed
    %%%%%:   53-block  8
call   28 never executed
branch 29 never executed
branch 30 never executed
    %%%%%:   53-block  9
call   31 never executed
call   32 never executed
call   33 never executed
        1:   53-block 10
call   34 returned 1
    $$$$$:   53-block 11
call   35 never executed
    $$$$$:   53-block 12
call   36 never executed
    $$$$$:   53-block 13
    $$$$$:   53-block 14
    $$$$$:   53-block 15
branch 37 never executed
branch 38 never executed
    $$$$$:   53-block 16
call   39 never executed
call   40 never executed
branch 41 never executed
branch 42 never executed
    $$$$$:   53-block 17
call   43 never executed
branch 44 never executed
branch 45 never executed
    $$$$$:   53-block 18
call   46 never executed
branch 47 never executed
branch 48 never executed
    $$$$$:   53-block 19
call   49 never executed
call   50 never executed
branch 51 never executed
branch 52 never executed
    $$$$$:   53-block 20
call   53 never executed
call   54 never executed
branch 55 never executed
branch 56 never executed
    $$$$$:   53-block 21
call   57 never executed
branch 58 never executed
branch 59 never executed
    $$$$$:   53-block 22
call   60 never executed
    $$$$$:   53-block 23
call   61 never executed
call   62 never executed
branch 63 never executed
branch 64 never executed
    $$$$$:   53-block 24
call   65 never executed
branch 66 never executed
branch 67 never executed
    $$$$$:   53-block 25
call   68 never executed
    $$$$$:   53-block 26
    $$$$$:   53-block 27
call   69 never executed
    $$$$$:   53-block 28
call   70 never executed
    $$$$$:   53-block 29
call   71 never executed
    $$$$$:   53-block 30
call   72 never executed
    $$$$$:   53-block 31
    $$$$$:   53-block 32
    $$$$$:   53-block 33
call   73 never executed
    $$$$$:   53-block 34
    $$$$$:   53-block 35
call   74 never executed
       1*:   54:    EXPECT_NO_THROW(salarie1->setNom("pa-ul"));
call    0 returned 1
call    1 returned 1
branch  2 taken 1 (fallthrough)
branch  3 taken 0
        1:   54-block  0
call    4 returned 1
branch  5 taken 1 (fallthrough)
branch  6 taken 0 (throw)
        1:   54-block  1
branch  7 taken 1 (fallthrough)
branch  8 taken 0
        1:   54-block  2
call    9 returned 1
call   10 returned 1
branch 11 taken 1 (fallthrough)
branch 12 taken 0 (throw)
        1:   54-block  3
call   13 returned 1
branch 14 taken 1 (fallthrough)
branch 15 taken 0 (throw)
        1:   54-block  4
call   16 returned 1
call   17 returned 1
    %%%%%:   54-block  5
call   18 never executed
branch 19 never executed
branch 20 never executed
    %%%%%:   54-block  6
call   21 never executed
branch 22 never executed
branch 23 never executed
    %%%%%:   54-block  7
call   24 never executed
call   25 never executed
branch 26 never executed
branch 27 never executed
    %%%%%:   54-block  8
call   28 never executed
branch 29 never executed
branch 30 never executed
    %%%%%:   54-block  9
call   31 never executed
call   32 never executed
call   33 never executed
        1:   54-block 10
call   34 returned 1
    $$$$$:   54-block 11
call   35 never executed
    $$$$$:   54-block 12
call   36 never executed
    $$$$$:   54-block 13
    $$$$$:   54-block 14
    $$$$$:   54-block 15
branch 37 never executed
branch 38 never executed
    $$$$$:   54-block 16
call   39 never executed
call   40 never executed
branch 41 never executed
branch 42 never executed
    $$$$$:   54-block 17
call   43 never executed
branch 44 never executed
branch 45 never executed
    $$$$$:   54-block 18
call   46 never executed
branch 47 never executed
branch 48 never executed
    $$$$$:   54-block 19
call   49 never executed
call   50 never executed
branch 51 never executed
branch 52 never executed
    $$$$$:   54-block 20
call   53 never executed
call   54 never executed
branch 55 never executed
branch 56 never executed
    $$$$$:   54-block 21
call   57 never executed
branch 58 never executed
branch 59 never executed
    $$$$$:   54-block 22
call   60 never executed
    $$$$$:   54-block 23
call   61 never executed
call   62 never executed
branch 63 never executed
branch 64 never executed
    $$$$$:   54-block 24
call   65 never executed
branch 66 never executed
branch 67 never executed
    $$$$$:   54-block 25
call   68 never executed
    $$$$$:   54-block 26
    $$$$$:   54-block 27
call   69 never executed
    $$$$$:   54-block 28
call   70 never executed
    $$$$$:   54-block 29
call   71 never executed
    $$$$$:   54-block 30
call   72 never executed
    $$$$$:   54-block 31
    $$$$$:   54-block 32
    $$$$$:   54-block 33
call   73 never executed
    $$$$$:   54-block 34
    $$$$$:   54-block 35
call   74 never executed
        -:   55:
        1:   56:    salarie1->setNom("paul");
call    0 returned 1
call    1 returned 1
branch  2 taken 1 (fallthrough)
branch  3 taken 0 (throw)
        1:   56-block  0
call    4 returned 1
branch  5 taken 1 (fallthrough)
branch  6 taken 0 (throw)
        1:   56-block  1
call    7 returned 1
call    8 returned 1
    $$$$$:   56-block  2
call    9 never executed
    $$$$$:   56-block  3
call   10 never executed
    $$$$$:   56-block  4
    $$$$$:   56-block  5
call   11 never executed
       1*:   57:    EXPECT_EQ("PAUL", salarie1->getNom());
call    0 returned 1
branch  1 taken 1 (fallthrough)
branch  2 taken 0 (throw)
        1:   57-block  0
call    3 returned 1
branch  4 taken 1 (fallthrough)
branch  5 taken 0 (throw)
        1:   57-block  1
call    6 returned 1
branch  7 taken 0 (fallthrough)
branch  8 taken 1
    %%%%%:   57-block  2
call    9 never executed
branch 10 never executed
branch 11 never executed
    %%%%%:   57-block  3
call   12 never executed
call   13 never executed
branch 14 never executed
branch 15 never executed
    %%%%%:   57-block  4
call   16 never executed
branch 17 never executed
branch 18 never executed
    %%%%%:   57-block  5
call   19 never executed
call   20 never executed
        1:   57-block  6
call   21 returned 1
    $$$$$:   57-block  7
call   22 never executed
    $$$$$:   57-block  8
    $$$$$:   57-block  9
call   23 never executed
    $$$$$:   57-block 10
    $$$$$:   57-block 11
call   24 never executed
        -:   58:
        1:   59:    delete salarie1;
branch  0 taken 1 (fallthrough)
branch  1 taken 0
        1:   59-block  0
call    2 returned 1
call    3 returned 1
        1:   60:}
        1:   60-block  0
------------------
        -:   61:
        4:   62:TEST(SalarieTest, setNumeroSS) {
        -:   63:    // A COMPLETER : test Salarie::setNumeroSS
        1:   64:    Salarie * salarie1 = new Salarie();
        -:   65:
       3*:   66:    EXPECT_THROW(salarie1->setNumeroSS("12345678912344"), NumeroIncorrectException);
       3*:   67:    EXPECT_THROW(salarie1->setNumeroSS("123"), NumeroIncorrectException);
       3*:   68:    EXPECT_THROW(salarie1->setNumeroSS("9876554322198876"), NumeroIncorrectException);
       3*:   69:    EXPECT_THROW(salarie1->setNumeroSS(""), NumeroIncorrectException);
       3*:   70:    EXPECT_THROW(salarie1->setNumeroSS("sdfsdfsdf"), NumeroIncorrectException);
       3*:   71:    EXPECT_THROW(salarie1->setNumeroSS("12345678912u4"), NumeroIncorrectException);
       3*:   72:    EXPECT_THROW(salarie1->setNumeroSS("12345678912-4"), NumeroIncorrectException);
        -:   73:
       1*:   74:    EXPECT_NO_THROW(salarie1->setNumeroSS("1234567891234"));
        -:   75:
        1:   76:    salarie1->setNumeroSS("1234567891234");
       1*:   77:    EXPECT_EQ("1234567891234", salarie1->getNumeroSS());
        -:   78:
        1:   79:    delete salarie1;
        1:   80:}
------------------
_ZN28SalarieTest_setNumeroSS_TestC2Ev:
function _ZN28SalarieTest_setNumeroSS_TestC2Ev called 1 returned 100% blocks executed 100%
        1:   62:TEST(SalarieTest, setNumeroSS) {
        1:   62-block  0
call    0 returned 1
------------------
_ZN28SalarieTest_setNumeroSS_TestD0Ev:
function _ZN28SalarieTest_setNumeroSS_TestD0Ev called 1 returned 100% blocks executed 100%
        1:   62:TEST(SalarieTest, setNumeroSS) {
        1:   62-block  0
call    0 returned 1
call    1 returned 1
------------------
_ZN28SalarieTest_setNumeroSS_TestD2Ev:
function _ZN28SalarieTest_setNumeroSS_TestD2Ev called 1 returned 100% blocks executed 100%
        1:   62:TEST(SalarieTest, setNumeroSS) {
        1:   62-block  0
call    0 returned 1
------------------
_ZN28SalarieTest_setNumeroSS_Test8TestBodyEv:
function _ZN28SalarieTest_setNumeroSS_Test8TestBodyEv called 1 returned 100% blocks executed 31%
        1:   62:TEST(SalarieTest, setNumeroSS) {
        -:   63:    // A COMPLETER : test Salarie::setNumeroSS
        1:   64:    Salarie * salarie1 = new Salarie();
        1:   64-block  0
call    0 returned 1
call    1 returned 1
branch  2 taken 1 (fallthrough)
branch  3 taken 0 (throw)
    $$$$$:   64-block  1
branch  4 never executed
branch  5 never executed
    $$$$$:   64-block  2
call    6 never executed
        -:   65:
       3*:   66:    EXPECT_THROW(salarie1->setNumeroSS("12345678912344"), NumeroIncorrectException);
        1:   66-block  0
call    0 returned 1
call    1 returned 1
branch  2 taken 1 (fallthrough)
branch  3 taken 0
        1:   66-block  1
call    4 returned 1
branch  5 taken 1 (fallthrough)
branch  6 taken 0 (throw)
        1:   66-block  2
branch  7 taken 1 (fallthrough)
branch  8 taken 0
        1:   66-block  3
call    9 returned 1
call   10 returned 1
branch 11 taken 1 (fallthrough)
branch 12 taken 0 (throw)
        1:   66-block  4
call   13 returned 1
branch 14 taken 0 (fallthrough)
branch 15 taken 1 (throw)
    %%%%%:   66-block  5
call   16 never executed
call   17 never executed
        1:   66-block  6
branch 18 taken 0 (fallthrough)
branch 19 taken 1
    %%%%%:   66-block  7
call   20 never executed
branch 21 never executed
branch 22 never executed
    %%%%%:   66-block  8
    %%%%%:   66-block  9
call   23 never executed
branch 24 never executed
branch 25 never executed
    %%%%%:   66-block 10
call   26 never executed
call   27 never executed
branch 28 never executed
branch 29 never executed
    %%%%%:   66-block 11
call   30 never executed
branch 31 never executed
branch 32 never executed
    %%%%%:   66-block 12
call   33 never executed
call   34 never executed
        1:   66-block 13
call   35 returned 1
        1:   66-block 14
call   36 returned 1
        1:   66-block 15
call   37 returned 1
        1:   66-block 16
        1:   66-block 17
        1:   66-block 18
branch 38 taken 1
branch 39 taken 0
branch 40 taken 0
        1:   66-block 19
call   41 returned 1
call   42 returned 1
branch 43 taken 1 (fallthrough)
branch 44 taken 0 (throw)
    $$$$$:   66-block 20
call   45 never executed
call   46 never executed
branch 47 never executed
branch 48 never executed
    $$$$$:   66-block 21
call   49 never executed
branch 50 never executed
branch 51 never executed
    $$$$$:   66-block 22
call   52 never executed
branch 53 never executed
branch 54 never executed
    $$$$$:   66-block 23
call   55 never executed
call   56 never executed
branch 57 never executed
branch 58 never executed
    $$$$$:   66-block 24
call   59 never executed
call   60 never executed
branch 61 never executed
branch 62 never executed
    $$$$$:   66-block 25
call   63 never executed
branch 64 never executed
branch 65 never executed
    $$$$$:   66-block 26
call   66 never executed
    $$$$$:   66-block 27
call   67 never executed
call   68 never executed
branch 69 never executed
branch 70 never executed
    $$$$$:   66-block 28
call   71 never executed
branch 72 never executed
branch 73 never executed
    $$$$$:   66-block 29
call   74 never executed
    $$$$$:   66-block 30
    $$$$$:   66-block 31
call   75 never executed
    $$$$$:   66-block 32
call   76 never executed
    $$$$$:   66-block 33
call   77 never executed
    $$$$$:   66-block 34
    $$$$$:   66-block 35
call   78 never executed
    $$$$$:   66-block 36
    $$$$$:   66-block 37
call   79 never executed
       3*:   67:    EXPECT_THROW(salarie1->setNumeroSS("123"), NumeroIncorrectException);
call    0 returned 1
call    1 returned 1
branch  2 taken 1 (fallthrough)
branch  3 taken 0
        1:   67-block  0
call    4 returned 1
branch  5 taken 1 (fallthrough)
branch  6 taken 0 (throw)
        1:   67-block  1
branch  7 taken 1 (fallthrough)
branch  8 taken 0
        1:   67-block  2
call    9 returned 1
call   10 returned 1
branch 11 taken 1 (fallthrough)
branch 12 taken 0 (throw)
        1:   67-block  3
call   13 returned 1
branch 14 taken 0 (fallthrough)
branch 15 taken 1 (throw)
    %%%%%:   67-block  4
call   16 never executed
call   17 never executed
        1:   67-block  5
branch 18 taken 0 (fallthrough)
branch 19 taken 1
    %%%%%:   67-block  6
call   20 never executed
branch 21 never executed
branch 22 never executed
    %%%%%:   67-block  7
    %%%%%:   67-block  8
call   23 never executed
branch 24 never executed
branch 25 never executed
    %%%%%:   67-block  9
call   26 never executed
call   27 never executed
branch 28 never executed
branch 29 never executed
    %%%%%:   67-block 10
call   30 never executed
branch 31 never executed
branch 32 never executed
    %%%%%:   67-block 11
call   33 never executed
call   34 never executed
        1:   67-block 12
call   35 returned 1
        1:   67-block 13
call   36 returned 1
        1:   67-block 14
call   37 returned 1
        1:   67-block 15
        1:   67-block 16
        1:   67-block 17
branch 38 taken 1
branch 39 taken 0
branch 40 taken 0
        1:   67-block 18
call   41 returned 1
call   42 returned 1
branch 43 taken 1 (fallthrough)
branch 44 taken 0 (throw)
    $$$$$:   67-block 19
call   45 never executed
call   46 never executed
branch 47 never executed
branch 48 never executed
    $$$$$:   67-block 20
call   49 never executed
branch 50 never executed
branch 51 never executed
    $$$$$:   67-block 21
call   52 never executed
branch 53 never executed
branch 54 never executed
    $$$$$:   67-block 22
call   55 never executed
call   56 never executed
branch 57 never executed
branch 58 never executed
    $$$$$:   67-block 23
call   59 never executed
call   60 never executed
branch 61 never executed
branch 62 never executed
    $$$$$:   67-block 24
call   63 never executed
branch 64 never executed
branch 65 never executed
    $$$$$:   67-block 25
call   66 never executed
    $$$$$:   67-block 26
call   67 never executed
call   68 never executed
branch 69 never executed
branch 70 never executed
    $$$$$:   67-block 27
call   71 never executed
branch 72 never executed
branch 73 never executed
    $$$$$:   67-block 28
call   74 never executed
    $$$$$:   67-block 29
    $$$$$:   67-block 30
call   75 never executed
    $$$$$:   67-block 31
call   76 never executed
    $$$$$:   67-block 32
call   77 never executed
    $$$$$:   67-block 33
    $$$$$:   67-block 34
call   78 never executed
    $$$$$:   67-block 35
    $$$$$:   67-block 36
call   79 never executed
       3*:   68:    EXPECT_THROW(salarie1->setNumeroSS("9876554322198876"), NumeroIncorrectException);
call    0 returned 1
call    1 returned 1
branch  2 taken 1 (fallthrough)
branch  3 taken 0
        1:   68-block  0
call    4 returned 1
branch  5 taken 1 (fallthrough)
branch  6 taken 0 (throw)
        1:   68-block  1
branch  7 taken 1 (fallthrough)
branch  8 taken 0
        1:   68-block  2
call    9 returned 1
call   10 returned 1
branch 11 taken 1 (fallthrough)
branch 12 taken 0 (throw)
        1:   68-block  3
call   13 returned 1
branch 14 taken 0 (fallthrough)
branch 15 taken 1 (throw)
    %%%%%:   68-block  4
call   16 never executed
call   17 never executed
        1:   68-block  5
branch 18 taken 0 (fallthrough)
branch 19 taken 1
    %%%%%:   68-block  6
call   20 never executed
branch 21 never executed
branch 22 never executed
    %%%%%:   68-block  7
    %%%%%:   68-block  8
call   23 never executed
branch 24 never executed
branch 25 never executed
    %%%%%:   68-block  9
call   26 never executed
call   27 never executed
branch 28 never executed
branch 29 never executed
    %%%%%:   68-block 10
call   30 never executed
branch 31 never executed
branch 32 never executed
    %%%%%:   68-block 11
call   33 never executed
call   34 never executed
        1:   68-block 12
call   35 returned 1
        1:   68-block 13
call   36 returned 1
        1:   68-block 14
call   37 returned 1
        1:   68-block 15
        1:   68-block 16
        1:   68-block 17
branch 38 taken 1
branch 39 taken 0
branch 40 taken 0
        1:   68-block 18
call   41 returned 1
call   42 returned 1
branch 43 taken 1 (fallthrough)
branch 44 taken 0 (throw)
    $$$$$:   68-block 19
call   45 never executed
call   46 never executed
branch 47 never executed
branch 48 never executed
    $$$$$:   68-block 20
call   49 never executed
branch 50 never executed
branch 51 never executed
    $$$$$:   68-block 21
call   52 never executed
branch 53 never executed
branch 54 never executed
    $$$$$:   68-block 22
call   55 never executed
call   56 never executed
branch 57 never executed
branch 58 never executed
    $$$$$:   68-block 23
call   59 never executed
call   60 never executed
branch 61 never executed
branch 62 never executed
    $$$$$:   68-block 24
call   63 never executed
branch 64 never executed
branch 65 never executed
    $$$$$:   68-block 25
call   66 never executed
    $$$$$:   68-block 26
call   67 never executed
call   68 never executed
branch 69 never executed
branch 70 never executed
    $$$$$:   68-block 27
call   71 never executed
branch 72 never executed
branch 73 never executed
    $$$$$:   68-block 28
call   74 never executed
    $$$$$:   68-block 29
    $$$$$:   68-block 30
call   75 never executed
    $$$$$:   68-block 31
call   76 never executed
    $$$$$:   68-block 32
call   77 never executed
    $$$$$:   68-block 33
    $$$$$:   68-block 34
call   78 never executed
    $$$$$:   68-block 35
    $$$$$:   68-block 36
call   79 never executed
       3*:   69:    EXPECT_THROW(salarie1->setNumeroSS(""), NumeroIncorrectException);
call    0 returned 1
call    1 returned 1
branch  2 taken 1 (fallthrough)
branch  3 taken 0
        1:   69-block  0
call    4 returned 1
branch  5 taken 1 (fallthrough)
branch  6 taken 0 (throw)
        1:   69-block  1
branch  7 taken 1 (fallthrough)
branch  8 taken 0
        1:   69-block  2
call    9 returned 1
call   10 returned 1
branch 11 taken 1 (fallthrough)
branch 12 taken 0 (throw)
        1:   69-block  3
call   13 returned 1
branch 14 taken 0 (fallthrough)
branch 15 taken 1 (throw)
    %%%%%:   69-block  4
call   16 never executed
call   17 never executed
        1:   69-block  5
[...]
branch 18 never executed
    %%%%%:  102-block  5
call   19 never executed
call   20 never executed
        1:  102-block  6
call   21 returned 1
    $$$$$:  102-block  7
    $$$$$:  102-block  8
    $$$$$:  102-block  9
call   22 never executed
    $$$$$:  102-block 10
    $$$$$:  102-block 11
call   23 never executed
    $$$$$:  102-block 12
    $$$$$:  102-block 13
call   24 never executed
        -:  103:
        1:  104:    delete salarie1;
branch  0 taken 1 (fallthrough)
branch  1 taken 0
        1:  104-block  0
call    2 returned 1
call    3 returned 1
        1:  105:}
        1:  105-block  0
------------------
        -:  106:
        4:  107:TEST(SalarieTest, getSalaireMensuel) {
        -:  108:    // A COMPLETER : test Salarie::setSalaire
        1:  109:    Salarie * salarie1 = new Salarie();
        -:  110:
       1*:  111:    EXPECT_THROW(salarie1->setSalaireMensuel(1), SalaireIncorrectException);
       1*:  112:    EXPECT_THROW(salarie1->setSalaireMensuel(1000000), SalaireIncorrectException);
        -:  113:
       1*:  114:    EXPECT_NO_THROW(salarie1->setSalaireMensuel(1500));
        -:  115:
        1:  116:    salarie1->setSalaireMensuel(1500);
       1*:  117:    EXPECT_EQ(1500, salarie1->getSalaireMensuel());
        -:  118:
        1:  119:    delete salarie1;
        1:  120:}
------------------
_ZN34SalarieTest_getSalaireMensuel_TestC2Ev:
function _ZN34SalarieTest_getSalaireMensuel_TestC2Ev called 1 returned 100% blocks executed 100%
        1:  107:TEST(SalarieTest, getSalaireMensuel) {
        1:  107-block  0
call    0 returned 1
------------------
_ZN34SalarieTest_getSalaireMensuel_TestD0Ev:
function _ZN34SalarieTest_getSalaireMensuel_TestD0Ev called 1 returned 100% blocks executed 100%
        1:  107:TEST(SalarieTest, getSalaireMensuel) {
        1:  107-block  0
call    0 returned 1
call    1 returned 1
------------------
_ZN34SalarieTest_getSalaireMensuel_TestD2Ev:
function _ZN34SalarieTest_getSalaireMensuel_TestD2Ev called 1 returned 100% blocks executed 100%
        1:  107:TEST(SalarieTest, getSalaireMensuel) {
        1:  107-block  0
call    0 returned 1
------------------
_ZN34SalarieTest_getSalaireMensuel_Test8TestBodyEv:
function _ZN34SalarieTest_getSalaireMensuel_Test8TestBodyEv called 1 returned 100% blocks executed 23%
        1:  107:TEST(SalarieTest, getSalaireMensuel) {
        -:  108:    // A COMPLETER : test Salarie::setSalaire
        1:  109:    Salarie * salarie1 = new Salarie();
        1:  109-block  0
call    0 returned 1
call    1 returned 1
branch  2 taken 1 (fallthrough)
branch  3 taken 0 (throw)
    $$$$$:  109-block  1
branch  4 never executed
branch  5 never executed
    $$$$$:  109-block  2
call    6 never executed
        -:  110:
       1*:  111:    EXPECT_THROW(salarie1->setSalaireMensuel(1), SalaireIncorrectException);
        1:  111-block  0
call    0 returned 1
call    1 returned 1
branch  2 taken 1 (fallthrough)
branch  3 taken 0
        1:  111-block  1
call    4 returned 1
branch  5 taken 1 (fallthrough)
branch  6 taken 0 (throw)
        1:  111-block  2
branch  7 taken 1 (fallthrough)
branch  8 taken 0
        1:  111-block  3
call    9 returned 1
branch 10 taken 0 (fallthrough)
branch 11 taken 1 (throw)
        1:  111-block  4
branch 12 taken 0 (fallthrough)
branch 13 taken 1
    %%%%%:  111-block  5
call   14 never executed
branch 15 never executed
branch 16 never executed
    %%%%%:  111-block  6
    %%%%%:  111-block  7
call   17 never executed
branch 18 never executed
branch 19 never executed
    %%%%%:  111-block  8
call   20 never executed
call   21 never executed
branch 22 never executed
branch 23 never executed
    %%%%%:  111-block  9
call   24 never executed
branch 25 never executed
branch 26 never executed
    %%%%%:  111-block 10
call   27 never executed
call   28 never executed
        1:  111-block 11
call   29 returned 1
        1:  111-block 12
branch 30 taken 1
branch 31 taken 0
branch 32 taken 0
        1:  111-block 13
call   33 returned 1
call   34 returned 1
branch 35 taken 1 (fallthrough)
branch 36 taken 0 (throw)
    $$$$$:  111-block 14
call   37 never executed
call   38 never executed
branch 39 never executed
branch 40 never executed
    $$$$$:  111-block 15
call   41 never executed
branch 42 never executed
branch 43 never executed
    $$$$$:  111-block 16
call   44 never executed
branch 45 never executed
branch 46 never executed
    $$$$$:  111-block 17
call   47 never executed
call   48 never executed
branch 49 never executed
branch 50 never executed
    $$$$$:  111-block 18
call   51 never executed
call   52 never executed
branch 53 never executed
branch 54 never executed
    $$$$$:  111-block 19
call   55 never executed
branch 56 never executed
branch 57 never executed
    $$$$$:  111-block 20
call   58 never executed
    $$$$$:  111-block 21
call   59 never executed
call   60 never executed
branch 61 never executed
branch 62 never executed
    $$$$$:  111-block 22
call   63 never executed
branch 64 never executed
branch 65 never executed
    $$$$$:  111-block 23
call   66 never executed
    $$$$$:  111-block 24
    $$$$$:  111-block 25
call   67 never executed
    $$$$$:  111-block 26
call   68 never executed
    $$$$$:  111-block 27
call   69 never executed
    $$$$$:  111-block 28
    $$$$$:  111-block 29
call   70 never executed
    $$$$$:  111-block 30
    $$$$$:  111-block 31
call   71 never executed
       1*:  112:    EXPECT_THROW(salarie1->setSalaireMensuel(1000000), SalaireIncorrectException);
call    0 returned 1
call    1 returned 1
branch  2 taken 1 (fallthrough)
branch  3 taken 0
        1:  112-block  0
call    4 returned 1
branch  5 taken 1 (fallthrough)
branch  6 taken 0 (throw)
        1:  112-block  1
branch  7 taken 1 (fallthrough)
branch  8 taken 0
        1:  112-block  2
call    9 returned 1
branch 10 taken 0 (fallthrough)
branch 11 taken 1 (throw)
        1:  112-block  3
branch 12 taken 0 (fallthrough)
branch 13 taken 1
    %%%%%:  112-block  4
call   14 never executed
branch 15 never executed
branch 16 never executed
    %%%%%:  112-block  5
    %%%%%:  112-block  6
call   17 never executed
branch 18 never executed
branch 19 never executed
    %%%%%:  112-block  7
call   20 never executed
call   21 never executed
branch 22 never executed
branch 23 never executed
    %%%%%:  112-block  8
call   24 never executed
branch 25 never executed
branch 26 never executed
    %%%%%:  112-block  9
call   27 never executed
call   28 never executed
        1:  112-block 10
call   29 returned 1
        1:  112-block 11
branch 30 taken 1
branch 31 taken 0
branch 32 taken 0
        1:  112-block 12
call   33 returned 1
call   34 returned 1
branch 35 taken 1 (fallthrough)
branch 36 taken 0 (throw)
    $$$$$:  112-block 13
call   37 never executed
call   38 never executed
branch 39 never executed
branch 40 never executed
    $$$$$:  112-block 14
call   41 never executed
branch 42 never executed
branch 43 never executed
    $$$$$:  112-block 15
call   44 never executed
branch 45 never executed
branch 46 never executed
    $$$$$:  112-block 16
call   47 never executed
call   48 never executed
branch 49 never executed
branch 50 never executed
    $$$$$:  112-block 17
call   51 never executed
call   52 never executed
branch 53 never executed
branch 54 never executed
    $$$$$:  112-block 18
call   55 never executed
branch 56 never executed
branch 57 never executed
    $$$$$:  112-block 19
call   58 never executed
    $$$$$:  112-block 20
call   59 never executed
call   60 never executed
branch 61 never executed
branch 62 never executed
    $$$$$:  112-block 21
call   63 never executed
branch 64 never executed
branch 65 never executed
    $$$$$:  112-block 22
call   66 never executed
    $$$$$:  112-block 23
    $$$$$:  112-block 24
call   67 never executed
    $$$$$:  112-block 25
call   68 never executed
    $$$$$:  112-block 26
call   69 never executed
    $$$$$:  112-block 27
    $$$$$:  112-block 28
call   70 never executed
    $$$$$:  112-block 29
    $$$$$:  112-block 30
call   71 never executed
        -:  113:
       1*:  114:    EXPECT_NO_THROW(salarie1->setSalaireMensuel(1500));
call    0 returned 1
call    1 returned 1
branch  2 taken 1 (fallthrough)
branch  3 taken 0
        1:  114-block  0
call    4 returned 1
branch  5 taken 1 (fallthrough)
branch  6 taken 0 (throw)
        1:  114-block  1
branch  7 taken 1 (fallthrough)
branch  8 taken 0
        1:  114-block  2
call    9 returned 1
branch 10 taken 1 (fallthrough)
branch 11 taken 0 (throw)
    %%%%%:  114-block  3
call   12 never executed
branch 13 never executed
branch 14 never executed
    %%%%%:  114-block  4
call   15 never executed
branch 16 never executed
branch 17 never executed
    %%%%%:  114-block  5
call   18 never executed
call   19 never executed
branch 20 never executed
branch 21 never executed
    %%%%%:  114-block  6
call   22 never executed
branch 23 never executed
branch 24 never executed
    %%%%%:  114-block  7
call   25 never executed
call   26 never executed
call   27 never executed
        1:  114-block  8
call   28 returned 1
    $$$$$:  114-block  9
branch 29 never executed
branch 30 never executed
    $$$$$:  114-block 10
call   31 never executed
call   32 never executed
branch 33 never executed
branch 34 never executed
    $$$$$:  114-block 11
call   35 never executed
branch 36 never executed
branch 37 never executed
    $$$$$:  114-block 12
call   38 never executed
branch 39 never executed
branch 40 never executed
    $$$$$:  114-block 13
call   41 never executed
call   42 never executed
branch 43 never executed
branch 44 never executed
    $$$$$:  114-block 14
call   45 never executed
call   46 never executed
branch 47 never executed
branch 48 never executed
    $$$$$:  114-block 15
call   49 never executed
branch 50 never executed
branch 51 never executed
    $$$$$:  114-block 16
call   52 never executed
    $$$$$:  114-block 17
call   53 never executed
call   54 never executed
branch 55 never executed
branch 56 never executed
    $$$$$:  114-block 18
call   57 never executed
branch 58 never executed
branch 59 never executed
    $$$$$:  114-block 19
call   60 never executed
    $$$$$:  114-block 20
    $$$$$:  114-block 21
call   61 never executed
    $$$$$:  114-block 22
call   62 never executed
    $$$$$:  114-block 23
call   63 never executed
    $$$$$:  114-block 24
call   64 never executed
    $$$$$:  114-block 25
    $$$$$:  114-block 26
    $$$$$:  114-block 27
call   65 never executed
    $$$$$:  114-block 28
    $$$$$:  114-block 29
call   66 never executed
        -:  115:
        1:  116:    salarie1->setSalaireMensuel(1500);
call    0 returned 1
       1*:  117:    EXPECT_EQ(1500, salarie1->getSalaireMensuel());
call    0 returned 1
branch  1 taken 1 (fallthrough)
branch  2 taken 0 (throw)
        1:  117-block  0
call    3 returned 1
branch  4 taken 1 (fallthrough)
branch  5 taken 0 (throw)
        1:  117-block  1
call    6 returned 1
branch  7 taken 0 (fallthrough)
branch  8 taken 1
    %%%%%:  117-block  2
call    9 never executed
branch 10 never executed
branch 11 never executed
    %%%%%:  117-block  3
call   12 never executed
call   13 never executed
branch 14 never executed
branch 15 never executed
    %%%%%:  117-block  4
call   16 never executed
branch 17 never executed
branch 18 never executed
    %%%%%:  117-block  5
call   19 never executed
call   20 never executed
        1:  117-block  6
call   21 returned 1
    $$$$$:  117-block  7
    $$$$$:  117-block  8
    $$$$$:  117-block  9
call   22 never executed
    $$$$$:  117-block 10
    $$$$$:  117-block 11
call   23 never executed
    $$$$$:  117-block 12
    $$$$$:  117-block 13
call   24 never executed
        -:  118:
        1:  119:    delete salarie1;
branch  0 taken 1 (fallthrough)
branch  1 taken 0
        1:  119-block  0
call    2 returned 1
call    3 returned 1
        1:  120:}
        1:  120-block  0
------------------
        -:  121:
        4:  122:TEST(SalarieTest, GetImpot) {
        -:  123:    // A COMPLETER : tester Salarie::getImpot
        1:  124:    Salarie * salarie1 = new Salarie();
        -:  125:
        1:  126:    salarie1->setSalaireMensuel(1300);
       1*:  127:    EXPECT_EQ(salarie1->TRANCHES_IMPOT.find(26600)->second * (1300*12.0f), salarie1->getImpot());
        -:  128:
        1:  129:    salarie1->setSalaireMensuel(3000);
       1*:  130:    EXPECT_EQ(salarie1->TRANCHES_IMPOT.find(71400)->second * (3000*12.0f), salarie1->getImpot());
        -:  131:
        1:  132:    salarie1->setSalaireMensuel(8000);
       1*:  133:    EXPECT_EQ(salarie1->TRANCHES_IMPOT.find(151200)->second * (8000*12.0f), salarie1->getImpot());
        -:  134:
        1:  135:    salarie1->setSalaireMensuel(20000);
       1*:  136:    EXPECT_EQ(salarie1->TRANCHES_IMPOT.rbegin()->second * (20000*12.0f), salarie1->getImpot());
        -:  137:
        -:  138:
        -:  139:
        1:  140:    delete salarie1;
        1:  141:}
------------------
_ZN25SalarieTest_GetImpot_TestC2Ev:
function _ZN25SalarieTest_GetImpot_TestC2Ev called 1 returned 100% blocks executed 100%
        1:  122:TEST(SalarieTest, GetImpot) {
        1:  122-block  0
call    0 returned 1
------------------
_ZN25SalarieTest_GetImpot_TestD0Ev:
function _ZN25SalarieTest_GetImpot_TestD0Ev called 1 returned 100% blocks executed 100%
        1:  122:TEST(SalarieTest, GetImpot) {
        1:  122-block  0
call    0 returned 1
call    1 returned 1
------------------
_ZN25SalarieTest_GetImpot_TestD2Ev:
function _ZN25SalarieTest_GetImpot_TestD2Ev called 1 returned 100% blocks executed 100%
        1:  122:TEST(SalarieTest, GetImpot) {
        1:  122-block  0
call    0 returned 1
------------------
_ZN25SalarieTest_GetImpot_Test8TestBodyEv:
function _ZN25SalarieTest_GetImpot_Test8TestBodyEv called 1 returned 100% blocks executed 32%
        1:  122:TEST(SalarieTest, GetImpot) {
        -:  123:    // A COMPLETER : tester Salarie::getImpot
        1:  124:    Salarie * salarie1 = new Salarie();
        1:  124-block  0
call    0 returned 1
call    1 returned 1
branch  2 taken 1 (fallthrough)
branch  3 taken 0 (throw)
    $$$$$:  124-block  1
branch  4 never executed
branch  5 never executed
    $$$$$:  124-block  2
call    6 never executed
        -:  125:
        1:  126:    salarie1->setSalaireMensuel(1300);
        1:  126-block  0
call    0 returned 1
       1*:  127:    EXPECT_EQ(salarie1->TRANCHES_IMPOT.find(26600)->second * (1300*12.0f), salarie1->getImpot());
call    0 returned 1
branch  1 taken 1 (fallthrough)
branch  2 taken 0 (throw)
        1:  127-block  0
call    3 returned 1
branch  4 taken 1 (fallthrough)
branch  5 taken 0 (throw)
        1:  127-block  1
call    6 returned 1
call    7 returned 1
branch  8 taken 1 (fallthrough)
branch  9 taken 0 (throw)
        1:  127-block  2
call   10 returned 1
branch 11 taken 0 (fallthrough)
branch 12 taken 1
    %%%%%:  127-block  3
call   13 never executed
branch 14 never executed
branch 15 never executed
    %%%%%:  127-block  4
call   16 never executed
call   17 never executed
branch 18 never executed
branch 19 never executed
    %%%%%:  127-block  5
call   20 never executed
branch 21 never executed
branch 22 never executed
    %%%%%:  127-block  6
call   23 never executed
call   24 never executed
        1:  127-block  7
call   25 returned 1
    $$$$$:  127-block  8
    $$$$$:  127-block  9
    $$$$$:  127-block 10
    $$$$$:  127-block 11
    $$$$$:  127-block 12
call   26 never executed
    $$$$$:  127-block 13
    $$$$$:  127-block 14
call   27 never executed
    $$$$$:  127-block 15
    $$$$$:  127-block 16
call   28 never executed
        -:  128:
        1:  129:    salarie1->setSalaireMensuel(3000);
call    0 returned 1
       1*:  130:    EXPECT_EQ(salarie1->TRANCHES_IMPOT.find(71400)->second * (3000*12.0f), salarie1->getImpot());
call    0 returned 1
branch  1 taken 1 (fallthrough)
branch  2 taken 0 (throw)
        1:  130-block  0
call    3 returned 1
branch  4 taken 1 (fallthrough)
branch  5 taken 0 (throw)
        1:  130-block  1
call    6 returned 1
call    7 returned 1
branch  8 taken 1 (fallthrough)
branch  9 taken 0 (throw)
        1:  130-block  2
call   10 returned 1
branch 11 taken 0 (fallthrough)
branch 12 taken 1
    %%%%%:  130-block  3
call   13 never executed
branch 14 never executed
branch 15 never executed
    %%%%%:  130-block  4
call   16 never executed
call   17 never executed
branch 18 never executed
branch 19 never executed
    %%%%%:  130-block  5
call   20 never executed
branch 21 never executed
branch 22 never executed
    %%%%%:  130-block  6
call   23 never executed
call   24 never executed
        1:  130-block  7
call   25 returned 1
    $$$$$:  130-block  8
    $$$$$:  130-block  9
    $$$$$:  130-block 10
    $$$$$:  130-block 11
    $$$$$:  130-block 12
call   26 never executed
    $$$$$:  130-block 13
    $$$$$:  130-block 14
call   27 never executed
    $$$$$:  130-block 15
    $$$$$:  130-block 16
call   28 never executed
        -:  131:
        1:  132:    salarie1->setSalaireMensuel(8000);
call    0 returned 1
       1*:  133:    EXPECT_EQ(salarie1->TRANCHES_IMPOT.find(151200)->second * (8000*12.0f), salarie1->getImpot());
call    0 returned 1
branch  1 taken 1 (fallthrough)
branch  2 taken 0 (throw)
        1:  133-block  0
call    3 returned 1
branch  4 taken 1 (fallthrough)
branch  5 taken 0 (throw)
        1:  133-block  1
call    6 returned 1
call    7 returned 1
branch  8 taken 1 (fallthrough)
branch  9 taken 0 (throw)
        1:  133-block  2
call   10 returned 1
branch 11 taken 0 (fallthrough)
branch 12 taken 1
    %%%%%:  133-block  3
call   13 never executed
branch 14 never executed
branch 15 never executed
    %%%%%:  133-block  4
call   16 never executed
call   17 never executed
branch 18 never executed
branch 19 never executed
    %%%%%:  133-block  5
call   20 never executed
branch 21 never executed
branch 22 never executed
    %%%%%:  133-block  6
call   23 never executed
call   24 never executed
        1:  133-block  7
call   25 returned 1
    $$$$$:  133-block  8
    $$$$$:  133-block  9
    $$$$$:  133-block 10
    $$$$$:  133-block 11
    $$$$$:  133-block 12
call   26 never executed
    $$$$$:  133-block 13
    $$$$$:  133-block 14
call   27 never executed
    $$$$$:  133-block 15
    $$$$$:  133-block 16
call   28 never executed
        -:  134:
        1:  135:    salarie1->setSalaireMensuel(20000);
call    0 returned 1
       1*:  136:    EXPECT_EQ(salarie1->TRANCHES_IMPOT.rbegin()->second * (20000*12.0f), salarie1->getImpot());
call    0 returned 1
branch  1 taken 1 (fallthrough)
branch  2 taken 0 (throw)
        1:  136-block  0
call    3 returned 1
call    4 returned 1
branch  5 taken 1 (fallthrough)
branch  6 taken 0 (throw)
        1:  136-block  1
call    7 returned 1
branch  8 taken 1 (fallthrough)
branch  9 taken 0 (throw)
        1:  136-block  2
call   10 returned 1
branch 11 taken 0 (fallthrough)
branch 12 taken 1
    %%%%%:  136-block  3
call   13 never executed
branch 14 never executed
branch 15 never executed
    %%%%%:  136-block  4
call   16 never executed
call   17 never executed
branch 18 never executed
branch 19 never executed
    %%%%%:  136-block  5
call   20 never executed
branch 21 never executed
branch 22 never executed
    %%%%%:  136-block  6
call   23 never executed
call   24 never executed
        1:  136-block  7
call   25 returned 1
    $$$$$:  136-block  8
    $$$$$:  136-block  9
    $$$$$:  136-block 10
    $$$$$:  136-block 11
call   26 never executed
    $$$$$:  136-block 12
    $$$$$:  136-block 13
call   27 never executed
    $$$$$:  136-block 14
    $$$$$:  136-block 15
call   28 never executed
        -:  137:
        -:  138:
        -:  139:
        1:  140:    delete salarie1;
branch  0 taken 1 (fallthrough)
branch  1 taken 0
        1:  140-block  0
call    2 returned 1
call    3 returned 1
        1:  141:}
        1:  141-block  0
------------------
        -:  142:
