        -:    0:Source:/users/info/etu-2a/garnmael/R3.04/TPs/TP06/SalarieException.h
        -:    0:Graph:/users/info/etu-2a/garnmael/R3.04/TPs/TP06/cmake-build-debug-coverage/CMakeFiles/salarieTest.dir/Salarie.cpp.gcno
        -:    0:Data:/users/info/etu-2a/garnmael/R3.04/TPs/TP06/cmake-build-debug-coverage/CMakeFiles/salarieTest.dir/Salarie.cpp.gcda
        -:    0:Runs:1
        -:    1:#ifndef SALARIEEXCEPTION_H
        -:    2:#define SALARIEEXCEPTION_H
        -:    3:#include <stdexcept>
        -:    4:
        -:    5:
        -:    6:// Toutes les exceptions de la classe Salarie seront dues à des valeurs non conformes (nom, numéro SS ou salaire)
        -:    7:// On fait donc dériver SalarieExcemtion de domain_error qui est l'exception prédéfinie dans <stdexcept> pour ce genre de situation
        -:    8:
        -:    9:class SalarieException : public std::domain_error {
        -:   10:public:
        -:   11:
function _ZN16SalarieExceptionC2ERKNSt7__cxx1112basic_stringIcSt11char_traitsIcESaIcEEE called 21 returned 100% blocks executed 100%
       21:   12:    SalarieException(const std::string & what_arg) : std::domain_error(what_arg) {
       21:   12-block  0
call    0 returned 21
       21:   13:    }
        -:   14:};
        -:   15:
        -:   16:class NomIncorrectException : public SalarieException {
        -:   17:public:
        -:   18:
function _ZN21NomIncorrectExceptionC2ERKNSt7__cxx1112basic_stringIcSt11char_traitsIcESaIcEEE called 8 returned 100% blocks executed 100%
        8:   19:    NomIncorrectException(const std::string & what_arg = "Exception Salarie : Nom Incorrect")
        8:   20:    : SalarieException(what_arg) {
        8:   20-block  0
call    0 returned 8
        8:   21:    }
        -:   22:};
        -:   23:
        -:   24:class NumeroIncorrectException : public SalarieException {
        -:   25:public:
        -:   26:
function _ZN24NumeroIncorrectExceptionC2ERKNSt7__cxx1112basic_stringIcSt11char_traitsIcESaIcEEE called 8 returned 100% blocks executed 100%
        8:   27:    NumeroIncorrectException(const std::string & what_arg = "Exception Salarie : Numéro SS Incorrect")
        8:   28:    : SalarieException(what_arg) {
        8:   28-block  0
call    0 returned 8
        8:   29:    }
        -:   30:};
        -:   31:
        -:   32:class SalaireIncorrectException : public SalarieException {
        -:   33:public:
        -:   34:
function _ZN25SalaireIncorrectExceptionC2ERKNSt7__cxx1112basic_stringIcSt11char_traitsIcESaIcEEE called 5 returned 100% blocks executed 100%
        5:   35:    SalaireIncorrectException(const std::string & what_arg = "Exception Salarie : Salaire Mensuel Incorrect")
        5:   36:    : SalarieException(what_arg) {
        5:   36-block  0
call    0 returned 5
        5:   37:    }
        -:   38:};
        -:   39:
        -:   40:#endif /* SALARIEEXCEPTION_H */
        -:   41:
